<?xml version="1.0" encoding="UTF-8"?>
<coverage generated="1785268683195" clover="3.2.0">
  <project timestamp="1785268683195" name="All files">
    <metrics statements="1427" coveredstatements="291" conditionals="1311" coveredconditionals="181" methods="184" coveredmethods="55" elements="2922" coveredelements="527" complexity="0" loc="1427" ncloc="1427" packages="1" files="7" classes="7"/>
    <file name="index.ts" path="C:\RunEasyV2\runeasyv2\backend\src\modules\training\index.ts">
      <metrics statements="4" coveredstatements="0" conditionals="0" coveredconditionals="0" methods="0" coveredmethods="0"/>
      <line num="1" count="0" type="stmt"/>
      <line num="2" count="0" type="stmt"/>
      <line num="3" count="0" type="stmt"/>
      <line num="4" count="0" type="stmt"/>
    </file>
    <file name="retrospective.service.ts" path="C:\RunEasyV2\runeasyv2\backend\src\modules\training\retrospective.service.ts">
      <metrics statements="209" coveredstatements="0" conditionals="133" coveredconditionals="0" methods="27" coveredmethods="0"/>
      <line num="1" count="0" type="stmt"/>
      <line num="2" count="0" type="stmt"/>
      <line num="3" count="0" type="stmt"/>
      <line num="4" count="0" type="stmt"/>
      <line num="5" count="0" type="stmt"/>
      <line num="7" count="0" type="stmt"/>
      <line num="8" count="0" type="stmt"/>
      <line num="82" count="0" type="stmt"/>
      <line num="83" count="0" type="stmt"/>
      <line num="87" count="0" type="stmt"/>
      <line num="88" count="0" type="stmt"/>
      <line num="89" count="0" type="stmt"/>
      <line num="90" count="0" type="stmt"/>
      <line num="91" count="0" type="stmt"/>
      <line num="92" count="0" type="stmt"/>
      <line num="93" count="0" type="stmt"/>
      <line num="95" count="0" type="stmt"/>
      <line num="103" count="0" type="stmt"/>
      <line num="106" count="0" type="stmt"/>
      <line num="114" count="0" type="stmt"/>
      <line num="116" count="0" type="stmt"/>
      <line num="117" count="0" type="stmt"/>
      <line num="118" count="0" type="stmt"/>
      <line num="129" count="0" type="stmt"/>
      <line num="130" count="0" type="stmt"/>
      <line num="134" count="0" type="stmt"/>
      <line num="136" count="0" type="stmt"/>
      <line num="137" count="0" type="stmt"/>
      <line num="141" count="0" type="stmt"/>
      <line num="146" count="0" type="cond" truecount="0" falsecount="2"/>
      <line num="147" count="0" type="stmt"/>
      <line num="148" count="0" type="stmt"/>
      <line num="157" count="0" type="stmt"/>
      <line num="158" count="0" type="cond" truecount="0" falsecount="2"/>
      <line num="160" count="0" type="stmt"/>
      <line num="161" count="0" type="cond" truecount="0" falsecount="2"/>
      <line num="162" count="0" type="stmt"/>
      <line num="166" count="0" type="cond" truecount="0" falsecount="2"/>
      <line num="167" count="0" type="cond" truecount="0" falsecount="4"/>
      <line num="172" count="0" type="cond" truecount="0" falsecount="2"/>
      <line num="173" count="0" type="cond" truecount="0" falsecount="2"/>
      <line num="174" count="0" type="stmt"/>
      <line num="178" count="0" type="stmt"/>
      <line num="184" count="0" type="cond" truecount="0" falsecount="2"/>
      <line num="185" count="0" type="stmt"/>
      <line num="189" count="0" type="stmt"/>
      <line num="190" count="0" type="stmt"/>
      <line num="191" count="0" type="stmt"/>
      <line num="193" count="0" type="stmt"/>
      <line num="195" count="0" type="cond" truecount="0" falsecount="2"/>
      <line num="196" count="0" type="stmt"/>
      <line num="199" count="0" type="stmt"/>
      <line num="200" count="0" type="cond" truecount="0" falsecount="2"/>
      <line num="201" count="0" type="stmt"/>
      <line num="206" count="0" type="stmt"/>
      <line num="212" count="0" type="stmt"/>
      <line num="222" count="0" type="stmt"/>
      <line num="226" count="0" type="stmt"/>
      <line num="227" count="0" type="stmt"/>
      <line num="230" count="0" type="stmt"/>
      <line num="240" count="0" type="cond" truecount="0" falsecount="2"/>
      <line num="241" count="0" type="stmt"/>
      <line num="245" count="0" type="stmt"/>
      <line num="249" count="0" type="stmt"/>
      <line num="250" count="0" type="stmt"/>
      <line num="256" count="0" type="stmt"/>
      <line num="257" count="0" type="stmt"/>
      <line num="260" count="0" type="stmt"/>
      <line num="281" count="0" type="cond" truecount="0" falsecount="2"/>
      <line num="282" count="0" type="stmt"/>
      <line num="286" count="0" type="stmt"/>
      <line num="290" count="0" type="stmt"/>
      <line num="296" count="0" type="stmt"/>
      <line num="298" count="0" type="stmt"/>
      <line num="301" count="0" type="stmt"/>
      <line num="303" count="0" type="stmt"/>
      <line num="304" count="0" type="stmt"/>
      <line num="315" count="0" type="stmt"/>
      <line num="318" count="0" type="stmt"/>
      <line num="324" count="0" type="cond" truecount="0" falsecount="2"/>
      <line num="325" count="0" type="stmt"/>
      <line num="326" count="0" type="cond" truecount="0" falsecount="2"/>
      <line num="329" count="0" type="stmt"/>
      <line num="334" count="0" type="cond" truecount="0" falsecount="2"/>
      <line num="336" count="0" type="cond" truecount="0" falsecount="2"/>
      <line num="337" count="0" type="stmt"/>
      <line num="341" count="0" type="cond" truecount="0" falsecount="4"/>
      <line num="344" count="0" type="stmt"/>
      <line num="354" count="0" type="cond" truecount="0" falsecount="4"/>
      <line num="357" count="0" type="stmt"/>
      <line num="358" count="0" type="cond" truecount="0" falsecount="4"/>
      <line num="359" count="0" type="stmt"/>
      <line num="360" count="0" type="cond" truecount="0" falsecount="2"/>
      <line num="363" count="0" type="stmt"/>
      <line num="364" count="0" type="cond" truecount="0" falsecount="2"/>
      <line num="367" count="0" type="cond" truecount="0" falsecount="2"/>
      <line num="368" count="0" type="stmt"/>
      <line num="373" count="0" type="stmt"/>
      <line num="374" count="0" type="cond" truecount="0" falsecount="4"/>
      <line num="375" count="0" type="stmt"/>
      <line num="376" count="0" type="cond" truecount="0" falsecount="4"/>
      <line num="378" count="0" type="stmt"/>
      <line num="379" count="0" type="stmt"/>
      <line num="380" count="0" type="stmt"/>
      <line num="382" count="0" type="cond" truecount="0" falsecount="2"/>
      <line num="384" count="0" type="stmt"/>
      <line num="385" count="0" type="cond" truecount="0" falsecount="2"/>
      <line num="386" count="0" type="stmt"/>
      <line num="389" count="0" type="stmt"/>
      <line num="391" count="0" type="stmt"/>
      <line num="395" count="0" type="stmt"/>
      <line num="403" count="0" type="cond" truecount="0" falsecount="4"/>
      <line num="404" count="0" type="cond" truecount="0" falsecount="2"/>
      <line num="410" count="0" type="cond" truecount="0" falsecount="2"/>
      <line num="415" count="0" type="cond" truecount="0" falsecount="4"/>
      <line num="420" count="0" type="cond" truecount="0" falsecount="2"/>
      <line num="424" count="0" type="stmt"/>
      <line num="426" count="0" type="stmt"/>
      <line num="450" count="0" type="cond" truecount="0" falsecount="2"/>
      <line num="451" count="0" type="stmt"/>
      <line num="454" count="0" type="stmt"/>
      <line num="456" count="0" type="stmt"/>
      <line num="457" count="0" type="stmt"/>
      <line num="463" count="0" type="stmt"/>
      <line num="472" count="0" type="stmt"/>
      <line num="488" count="0" type="stmt"/>
      <line num="502" count="0" type="stmt"/>
      <line num="504" count="0" type="stmt"/>
      <line num="507" count="0" type="stmt"/>
      <line num="517" count="0" type="cond" truecount="0" falsecount="2"/>
      <line num="523" count="0" type="stmt"/>
      <line num="525" count="0" type="cond" truecount="0" falsecount="2"/>
      <line num="526" count="0" type="stmt"/>
      <line num="529" count="0" type="cond" truecount="0" falsecount="2"/>
      <line num="530" count="0" type="stmt"/>
      <line num="534" count="0" type="stmt"/>
      <line num="535" count="0" type="stmt"/>
      <line num="537" count="0" type="cond" truecount="0" falsecount="4"/>
      <line num="538" count="0" type="stmt"/>
      <line num="539" count="0" type="stmt"/>
      <line num="540" count="0" type="cond" truecount="0" falsecount="2"/>
      <line num="541" count="0" type="stmt"/>
      <line num="542" count="0" type="stmt"/>
      <line num="544" count="0" type="stmt"/>
      <line num="545" count="0" type="stmt"/>
      <line num="548" count="0" type="stmt"/>
      <line num="555" count="0" type="stmt"/>
      <line num="557" count="0" type="stmt"/>
      <line num="566" count="0" type="cond" truecount="0" falsecount="4"/>
      <line num="567" count="0" type="stmt"/>
      <line num="570" count="0" type="stmt"/>
      <line num="577" count="0" type="stmt"/>
      <line num="578" count="0" type="cond" truecount="0" falsecount="2"/>
      <line num="581" count="0" type="stmt"/>
      <line num="582" count="0" type="stmt"/>
      <line num="583" count="0" type="stmt"/>
      <line num="585" count="0" type="stmt"/>
      <line num="600" count="0" type="stmt"/>
      <line num="602" count="0" type="stmt"/>
      <line num="607" count="0" type="stmt"/>
      <line num="614" count="0" type="cond" truecount="0" falsecount="4"/>
      <line num="615" count="0" type="stmt"/>
      <line num="618" count="0" type="stmt"/>
      <line num="623" count="0" type="stmt"/>
      <line num="629" count="0" type="stmt"/>
      <line num="636" count="0" type="cond" truecount="0" falsecount="2"/>
      <line num="637" count="0" type="stmt"/>
      <line num="642" count="0" type="stmt"/>
      <line num="646" count="0" type="cond" truecount="0" falsecount="3"/>
      <line num="647" count="0" type="cond" truecount="0" falsecount="2"/>
      <line num="648" count="0" type="cond" truecount="0" falsecount="2"/>
      <line num="651" count="0" type="cond" truecount="0" falsecount="2"/>
      <line num="655" count="0" type="stmt"/>
      <line num="665" count="0" type="stmt"/>
      <line num="670" count="0" type="stmt"/>
      <line num="675" count="0" type="stmt"/>
      <line num="678" count="0" type="stmt"/>
      <line num="686" count="0" type="stmt"/>
      <line num="688" count="0" type="stmt"/>
      <line num="706" count="0" type="stmt"/>
      <line num="707" count="0" type="stmt"/>
      <line num="712" count="0" type="stmt"/>
      <line num="719" count="0" type="cond" truecount="0" falsecount="4"/>
      <line num="720" count="0" type="stmt"/>
      <line num="724" count="0" type="stmt"/>
      <line num="730" count="0" type="cond" truecount="0" falsecount="2"/>
      <line num="731" count="0" type="stmt"/>
      <line num="739" count="0" type="stmt"/>
      <line num="748" count="0" type="cond" truecount="0" falsecount="2"/>
      <line num="754" count="0" type="stmt"/>
      <line num="766" count="0" type="stmt"/>
      <line num="771" count="0" type="stmt"/>
      <line num="777" count="0" type="stmt"/>
      <line num="784" count="0" type="stmt"/>
      <line num="795" count="0" type="stmt"/>
      <line num="796" count="0" type="stmt"/>
      <line num="797" count="0" type="stmt"/>
      <line num="807" count="0" type="stmt"/>
      <line num="835" count="0" type="stmt"/>
      <line num="836" count="0" type="stmt"/>
      <line num="839" count="0" type="stmt"/>
      <line num="855" count="0" type="cond" truecount="0" falsecount="2"/>
      <line num="856" count="0" type="stmt"/>
      <line num="861" count="0" type="stmt"/>
      <line num="865" count="0" type="stmt"/>
      <line num="877" count="0" type="cond" truecount="0" falsecount="2"/>
      <line num="878" count="0" type="stmt"/>
      <line num="880" count="0" type="stmt"/>
      <line num="883" count="0" type="stmt"/>
    </file>
    <file name="training-ai.service.ts" path="C:\RunEasyV2\runeasyv2\backend\src\modules\training\training-ai.service.ts">
      <metrics statements="267" coveredstatements="187" conditionals="249" coveredconditionals="130" methods="44" coveredmethods="35"/>
      <line num="1" count="4" type="stmt"/>
      <line num="2" count="4" type="stmt"/>
      <line num="3" count="4" type="stmt"/>
      <line num="7" count="4" type="stmt"/>
      <line num="20" count="4" type="stmt"/>
      <line num="227" count="4" type="stmt"/>
      <line num="228" count="20" type="stmt"/>
      <line num="231" count="20" type="stmt"/>
      <line num="232" count="20" type="stmt"/>
      <line num="233" count="20" type="stmt"/>
      <line num="237" count="20" type="stmt"/>
      <line num="245" count="20" type="stmt"/>
      <line num="251" count="20" type="stmt"/>
      <line num="259" count="20" type="stmt"/>
      <line num="267" count="20" type="stmt"/>
      <line num="285" count="5" type="cond" truecount="3" falsecount="1"/>
      <line num="286" count="5" type="stmt"/>
      <line num="287" count="20" type="cond" truecount="2" falsecount="0"/>
      <line num="288" count="15" type="stmt"/>
      <line num="289" count="20" type="stmt"/>
      <line num="290" count="5" type="stmt"/>
      <line num="298" count="35" type="cond" truecount="5" falsecount="0"/>
      <line num="299" count="16" type="stmt"/>
      <line num="301" count="19" type="cond" truecount="1" falsecount="1"/>
      <line num="302" count="0" type="stmt"/>
      <line num="305" count="0" type="stmt"/>
      <line num="307" count="19" type="cond" truecount="2" falsecount="0"/>
      <line num="308" count="1" type="stmt"/>
      <line num="311" count="1" type="stmt"/>
      <line num="313" count="18" type="stmt"/>
      <line num="331" count="13" type="stmt"/>
      <line num="332" count="13" type="stmt"/>
      <line num="334" count="13" type="cond" truecount="2" falsecount="0"/>
      <line num="341" count="11" type="stmt"/>
      <line num="342" count="11" type="stmt"/>
      <line num="346" count="11" type="stmt"/>
      <line num="349" count="11" type="stmt"/>
      <line num="352" count="2" type="cond" truecount="3" falsecount="0"/>
      <line num="353" count="2" type="cond" truecount="2" falsecount="0"/>
      <line num="354" count="1" type="stmt"/>
      <line num="355" count="1" type="stmt"/>
      <line num="358" count="1" type="stmt"/>
      <line num="361" count="1" type="stmt"/>
      <line num="362" count="1" type="stmt"/>
      <line num="363" count="1" type="stmt"/>
      <line num="374" count="0" type="stmt"/>
      <line num="375" count="0" type="cond" truecount="0" falsecount="4"/>
      <line num="376" count="0" type="cond" truecount="0" falsecount="2"/>
      <line num="377" count="0" type="stmt"/>
      <line num="380" count="0" type="stmt"/>
      <line num="381" count="0" type="cond" truecount="0" falsecount="2"/>
      <line num="382" count="0" type="stmt"/>
      <line num="385" count="0" type="stmt"/>
      <line num="389" count="0" type="stmt"/>
      <line num="437" count="0" type="stmt"/>
      <line num="464" count="0" type="stmt"/>
      <line num="465" count="0" type="stmt"/>
      <line num="467" count="0" type="stmt"/>
      <line num="480" count="0" type="stmt"/>
      <line num="483" count="0" type="stmt"/>
      <line num="485" count="0" type="stmt"/>
      <line num="486" count="0" type="stmt"/>
      <line num="498" count="0" type="stmt"/>
      <line num="538" count="0" type="stmt"/>
      <line num="560" count="0" type="stmt"/>
      <line num="561" count="0" type="stmt"/>
      <line num="565" count="0" type="stmt"/>
      <line num="578" count="0" type="stmt"/>
      <line num="581" count="0" type="stmt"/>
      <line num="583" count="0" type="stmt"/>
      <line num="587" count="0" type="stmt"/>
      <line num="600" count="1" type="cond" truecount="2" falsecount="2"/>
      <line num="601" count="1" type="cond" truecount="1" falsecount="1"/>
      <line num="602" count="1" type="stmt"/>
      <line num="603" count="1" type="stmt"/>
      <line num="604" count="1" type="stmt"/>
      <line num="605" count="1" type="stmt"/>
      <line num="611" count="0" type="cond" truecount="0" falsecount="3"/>
      <line num="612" count="0" type="cond" truecount="0" falsecount="3"/>
      <line num="613" count="0" type="stmt"/>
      <line num="617" count="0" type="stmt"/>
      <line num="618" count="0" type="stmt"/>
      <line num="619" count="0" type="stmt"/>
      <line num="621" count="0" type="stmt"/>
      <line num="645" count="5" type="stmt"/>
      <line num="646" count="5" type="cond" truecount="4" falsecount="0"/>
      <line num="647" count="1" type="cond" truecount="1" falsecount="1"/>
      <line num="648" count="0" type="stmt"/>
      <line num="651" count="0" type="stmt"/>
      <line num="652" count="1" type="cond" truecount="1" falsecount="1"/>
      <line num="653" count="0" type="stmt"/>
      <line num="656" count="0" type="stmt"/>
      <line num="662" count="5" type="stmt"/>
      <line num="663" count="5" type="stmt"/>
      <line num="664" count="5" type="stmt"/>
      <line num="672" count="5" type="stmt"/>
      <line num="676" count="5" type="cond" truecount="1" falsecount="1"/>
      <line num="677" count="0" type="stmt"/>
      <line num="680" count="0" type="stmt"/>
      <line num="683" count="5" type="stmt"/>
      <line num="690" count="5" type="stmt"/>
      <line num="701" count="5" type="stmt"/>
      <line num="706" count="5" type="stmt"/>
      <line num="708" count="5" type="stmt"/>
      <line num="840" count="5" type="stmt"/>
      <line num="886" count="5" type="stmt"/>
      <line num="887" count="5" type="stmt"/>
      <line num="891" count="5" type="stmt"/>
      <line num="912" count="5" type="stmt"/>
      <line num="920" count="5" type="stmt"/>
      <line num="926" count="5" type="stmt"/>
      <line num="930" count="5" type="stmt"/>
      <line num="932" count="5" type="stmt"/>
      <line num="934" count="0" type="stmt"/>
      <line num="935" count="0" type="stmt"/>
      <line num="946" count="5" type="stmt"/>
      <line num="947" count="5" type="stmt"/>
      <line num="951" count="0" type="cond" truecount="0" falsecount="4"/>
      <line num="952" count="0" type="cond" truecount="0" falsecount="2"/>
      <line num="953" count="0" type="stmt"/>
      <line num="954" count="0" type="stmt"/>
      <line num="957" count="5" type="cond" truecount="1" falsecount="1"/>
      <line num="958" count="5" type="cond" truecount="1" falsecount="1"/>
      <line num="959" count="0" type="cond" truecount="0" falsecount="2"/>
      <line num="960" count="0" type="cond" truecount="0" falsecount="2"/>
      <line num="961" count="0" type="cond" truecount="0" falsecount="2"/>
      <line num="962" count="0" type="cond" truecount="0" falsecount="2"/>
      <line num="964" count="0" type="stmt"/>
      <line num="974" count="128" type="stmt"/>
      <line num="979" count="0" type="stmt"/>
      <line num="996" count="37" type="stmt"/>
      <line num="1002" count="37" type="stmt"/>
      <line num="1009" count="37" type="cond" truecount="2" falsecount="0"/>
      <line num="1015" count="37" type="stmt"/>
      <line num="1028" count="18" type="stmt"/>
      <line num="1029" count="18" type="cond" truecount="2" falsecount="0"/>
      <line num="1030" count="7" type="stmt"/>
      <line num="1042" count="11" type="stmt"/>
      <line num="1048" count="11" type="stmt"/>
      <line num="1074" count="14" type="stmt"/>
      <line num="1075" count="14" type="stmt"/>
      <line num="1076" count="14" type="stmt"/>
      <line num="1084" count="14" type="stmt"/>
      <line num="1102" count="14" type="cond" truecount="2" falsecount="0"/>
      <line num="1103" count="6" type="stmt"/>
      <line num="1109" count="6" type="stmt"/>
      <line num="1110" count="6" type="cond" truecount="1" falsecount="1"/>
      <line num="1115" count="6" type="stmt"/>
      <line num="1138" count="8" type="stmt"/>
      <line num="1145" count="8" type="stmt"/>
      <line num="1149" count="8" type="stmt"/>
      <line num="1150" count="8" type="cond" truecount="2" falsecount="2"/>
      <line num="1151" count="8" type="cond" truecount="2" falsecount="2"/>
      <line num="1153" count="8" type="stmt"/>
      <line num="1157" count="8" type="stmt"/>
      <line num="1160" count="8" type="stmt"/>
      <line num="1162" count="8" type="stmt"/>
      <line num="1181" count="5" type="stmt"/>
      <line num="1183" count="60" type="cond" truecount="2" falsecount="0"/>
      <line num="1190" count="60" type="stmt"/>
      <line num="1192" count="240" type="cond" truecount="4" falsecount="0"/>
      <line num="1194" count="240" type="cond" truecount="4" falsecount="0"/>
      <line num="1195" count="240" type="stmt"/>
      <line num="1198" count="60" type="stmt"/>
      <line num="1214" count="19" type="stmt"/>
      <line num="1215" count="74" type="stmt"/>
      <line num="1216" count="19" type="stmt"/>
      <line num="1224" count="19" type="stmt"/>
      <line num="1225" count="40" type="stmt"/>
      <line num="1232" count="19" type="cond" truecount="1" falsecount="1"/>
      <line num="1233" count="19" type="stmt"/>
      <line num="1234" count="19" type="cond" truecount="1" falsecount="1"/>
      <line num="1235" count="19" type="cond" truecount="1" falsecount="1"/>
      <line num="1236" count="19" type="cond" truecount="4" falsecount="0"/>
      <line num="1246" count="14" type="stmt"/>
      <line num="1247" count="57" type="stmt"/>
      <line num="1248" count="55" type="stmt"/>
      <line num="1249" count="14" type="stmt"/>
      <line num="1251" count="51" type="stmt"/>
      <line num="1252" count="14" type="cond" truecount="2" falsecount="0"/>
      <line num="1255" count="1" type="stmt"/>
      <line num="1256" count="1" type="cond" truecount="1" falsecount="1"/>
      <line num="1258" count="14" type="cond" truecount="2" falsecount="0"/>
      <line num="1259" count="2" type="cond" truecount="2" falsecount="0"/>
      <line num="1261" count="55" type="cond" truecount="2" falsecount="0"/>
      <line num="1263" count="14" type="cond" truecount="1" falsecount="1"/>
      <line num="1265" count="14" type="cond" truecount="4" falsecount="0"/>
      <line num="1266" count="14" type="stmt"/>
      <line num="1270" count="14" type="cond" truecount="1" falsecount="1"/>
      <line num="1279" count="14" type="stmt"/>
      <line num="1280" count="14" type="cond" truecount="1" falsecount="1"/>
      <line num="1281" count="14" type="stmt"/>
      <line num="1287" count="14" type="cond" truecount="4" falsecount="0"/>
      <line num="1288" count="1" type="stmt"/>
      <line num="1299" count="14" type="stmt"/>
      <line num="1300" count="40" type="stmt"/>
      <line num="1301" count="40" type="stmt"/>
      <line num="1311" count="55" type="stmt"/>
      <line num="1312" count="14" type="cond" truecount="1" falsecount="1"/>
      <line num="1313" count="0" type="stmt"/>
      <line num="1314" count="0" type="cond" truecount="0" falsecount="2"/>
      <line num="1315" count="0" type="cond" truecount="0" falsecount="2"/>
      <line num="1316" count="0" type="stmt"/>
      <line num="1317" count="0" type="cond" truecount="0" falsecount="2"/>
      <line num="1318" count="0" type="stmt"/>
      <line num="1319" count="0" type="stmt"/>
      <line num="1324" count="0" type="stmt"/>
      <line num="1334" count="55" type="stmt"/>
      <line num="1335" count="14" type="stmt"/>
      <line num="1336" count="14" type="cond" truecount="1" falsecount="1"/>
      <line num="1337" count="0" type="stmt"/>
      <line num="1341" count="14" type="cond" truecount="2" falsecount="0"/>
      <line num="1342" count="1" type="stmt"/>
      <line num="1361" count="55" type="cond" truecount="1" falsecount="1"/>
      <line num="1362" count="57" type="stmt"/>
      <line num="1364" count="55" type="cond" truecount="2" falsecount="0"/>
      <line num="1366" count="53" type="stmt"/>
      <line num="1367" count="53" type="stmt"/>
      <line num="1368" count="53" type="stmt"/>
      <line num="1372" count="2" type="stmt"/>
      <line num="1374" count="2" type="cond" truecount="2" falsecount="0"/>
      <line num="1376" count="2" type="cond" truecount="2" falsecount="0"/>
      <line num="1379" count="2" type="stmt"/>
      <line num="1380" count="2" type="cond" truecount="1" falsecount="1"/>
      <line num="1381" count="2" type="cond" truecount="1" falsecount="1"/>
      <line num="1382" count="2" type="stmt"/>
      <line num="1384" count="7" type="cond" truecount="2" falsecount="0"/>
      <line num="1385" count="2" type="stmt"/>
      <line num="1386" count="2" type="stmt"/>
      <line num="1390" count="2" type="stmt"/>
      <line num="1394" count="2" type="stmt"/>
      <line num="1395" count="2" type="stmt"/>
      <line num="1396" count="2" type="stmt"/>
      <line num="1397" count="2" type="stmt"/>
      <line num="1402" count="53" type="stmt"/>
      <line num="1404" count="53" type="cond" truecount="3" falsecount="0"/>
      <line num="1406" count="53" type="stmt"/>
      <line num="1407" count="53" type="cond" truecount="1" falsecount="1"/>
      <line num="1408" count="53" type="cond" truecount="1" falsecount="1"/>
      <line num="1409" count="0" type="stmt"/>
      <line num="1410" count="0" type="stmt"/>
      <line num="1412" count="53" type="stmt"/>
      <line num="1413" count="53" type="stmt"/>
      <line num="1418" count="2" type="stmt"/>
      <line num="1419" count="2" type="stmt"/>
      <line num="1421" count="2" type="stmt"/>
      <line num="1422" count="6" type="stmt"/>
      <line num="1424" count="2" type="cond" truecount="3" falsecount="1"/>
      <line num="1425" count="2" type="stmt"/>
      <line num="1426" count="2" type="stmt"/>
      <line num="1427" count="0" type="cond" truecount="0" falsecount="2"/>
      <line num="1428" count="0" type="stmt"/>
      <line num="1429" count="0" type="cond" truecount="0" falsecount="2"/>
      <line num="1430" count="0" type="stmt"/>
      <line num="1440" count="6" type="stmt"/>
      <line num="1451" count="0" type="stmt"/>
      <line num="1458" count="0" type="stmt"/>
      <line num="1462" count="0" type="stmt"/>
      <line num="1466" count="0" type="stmt"/>
      <line num="1467" count="0" type="cond" truecount="0" falsecount="2"/>
      <line num="1471" count="0" type="stmt"/>
      <line num="1505" count="0" type="stmt"/>
      <line num="1515" count="0" type="stmt"/>
      <line num="1517" count="0" type="cond" truecount="0" falsecount="2"/>
      <line num="1518" count="0" type="stmt"/>
      <line num="1519" count="0" type="stmt"/>
      <line num="1521" count="0" type="stmt"/>
    </file>
    <file name="training-scheduler.service.ts" path="C:\RunEasyV2\runeasyv2\backend\src\modules\training\training-scheduler.service.ts">
      <metrics statements="80" coveredstatements="0" conditionals="16" coveredconditionals="0" methods="9" coveredmethods="0"/>
      <line num="1" count="0" type="stmt"/>
      <line num="2" count="0" type="stmt"/>
      <line num="3" count="0" type="stmt"/>
      <line num="4" count="0" type="stmt"/>
      <line num="5" count="0" type="stmt"/>
      <line num="8" count="0" type="stmt"/>
      <line num="9" count="0" type="stmt"/>
      <line num="10" count="0" type="stmt"/>
      <line num="13" count="0" type="stmt"/>
      <line num="14" count="0" type="stmt"/>
      <line num="15" count="0" type="stmt"/>
      <line num="26" count="0" type="stmt"/>
      <line num="27" count="0" type="stmt"/>
      <line num="29" count="0" type="stmt"/>
      <line num="30" count="0" type="stmt"/>
      <line num="31" count="0" type="stmt"/>
      <line num="34" count="0" type="stmt"/>
      <line num="35" count="0" type="stmt"/>
      <line num="39" count="0" type="stmt"/>
      <line num="40" count="0" type="stmt"/>
      <line num="43" count="0" type="cond" truecount="0" falsecount="2"/>
      <line num="44" count="0" type="stmt"/>
      <line num="47" count="0" type="stmt"/>
      <line num="51" count="0" type="stmt"/>
      <line num="57" count="0" type="cond" truecount="0" falsecount="2"/>
      <line num="58" count="0" type="stmt"/>
      <line num="59" count="0" type="stmt"/>
      <line num="62" count="0" type="cond" truecount="0" falsecount="4"/>
      <line num="63" count="0" type="stmt"/>
      <line num="64" count="0" type="stmt"/>
      <line num="67" count="0" type="stmt"/>
      <line num="69" count="0" type="stmt"/>
      <line num="71" count="0" type="stmt"/>
      <line num="72" count="0" type="stmt"/>
      <line num="74" count="0" type="stmt"/>
      <line num="75" count="0" type="cond" truecount="0" falsecount="2"/>
      <line num="76" count="0" type="stmt"/>
      <line num="79" count="0" type="stmt"/>
      <line num="83" count="0" type="stmt"/>
      <line num="84" count="0" type="stmt"/>
      <line num="85" count="0" type="stmt"/>
      <line num="87" count="0" type="stmt"/>
      <line num="102" count="0" type="stmt"/>
      <line num="114" count="0" type="cond" truecount="0" falsecount="2"/>
      <line num="115" count="0" type="stmt"/>
      <line num="116" count="0" type="stmt"/>
      <line num="117" count="0" type="stmt"/>
      <line num="122" count="0" type="stmt"/>
      <line num="129" count="0" type="stmt"/>
      <line num="134" count="0" type="stmt"/>
      <line num="136" count="0" type="stmt"/>
      <line num="144" count="0" type="stmt"/>
      <line num="151" count="0" type="cond" truecount="0" falsecount="2"/>
      <line num="158" count="0" type="stmt"/>
      <line num="159" count="0" type="stmt"/>
      <line num="160" count="0" type="stmt"/>
      <line num="163" count="0" type="stmt"/>
      <line num="164" count="0" type="stmt"/>
      <line num="165" count="0" type="cond" truecount="0" falsecount="2"/>
      <line num="166" count="0" type="stmt"/>
      <line num="175" count="0" type="stmt"/>
      <line num="176" count="0" type="stmt"/>
      <line num="187" count="0" type="stmt"/>
      <line num="188" count="0" type="stmt"/>
      <line num="189" count="0" type="stmt"/>
      <line num="193" count="0" type="stmt"/>
      <line num="195" count="0" type="stmt"/>
      <line num="198" count="0" type="stmt"/>
      <line num="199" count="0" type="stmt"/>
      <line num="200" count="0" type="stmt"/>
      <line num="202" count="0" type="stmt"/>
      <line num="209" count="0" type="stmt"/>
      <line num="213" count="0" type="stmt"/>
      <line num="221" count="0" type="stmt"/>
      <line num="223" count="0" type="stmt"/>
      <line num="225" count="0" type="stmt"/>
      <line num="236" count="0" type="stmt"/>
      <line num="248" count="0" type="stmt"/>
      <line num="255" count="0" type="stmt"/>
      <line num="256" count="0" type="stmt"/>
    </file>
    <file name="training.controller.ts" path="C:\RunEasyV2\runeasyv2\backend\src\modules\training\training.controller.ts">
      <metrics statements="306" coveredstatements="0" conditionals="329" coveredconditionals="0" methods="32" coveredmethods="0"/>
      <line num="1" count="0" type="stmt"/>
      <line num="15" count="0" type="stmt"/>
      <line num="20" count="0" type="stmt"/>
      <line num="24" count="0" type="stmt"/>
      <line num="25" count="0" type="stmt"/>
      <line num="26" count="0" type="stmt"/>
      <line num="27" count="0" type="stmt"/>
      <line num="28" count="0" type="stmt"/>
      <line num="29" count="0" type="stmt"/>
      <line num="30" count="0" type="stmt"/>
      <line num="31" count="0" type="stmt"/>
      <line num="87" count="0" type="cond" truecount="0" falsecount="2"/>
      <line num="88" count="0" type="stmt"/>
      <line num="89" count="0" type="cond" truecount="0" falsecount="2"/>
      <line num="90" count="0" type="stmt"/>
      <line num="91" count="0" type="stmt"/>
      <line num="92" count="0" type="stmt"/>
      <line num="100" count="0" type="stmt"/>
      <line num="101" count="0" type="stmt"/>
      <line num="104" count="0" type="stmt"/>
      <line num="105" count="0" type="stmt"/>
      <line num="106" count="0" type="stmt"/>
      <line num="107" count="0" type="stmt"/>
      <line num="108" count="0" type="stmt"/>
      <line num="109" count="0" type="stmt"/>
      <line num="118" count="0" type="stmt"/>
      <line num="123" count="0" type="cond" truecount="0" falsecount="2"/>
      <line num="131" count="0" type="cond" truecount="0" falsecount="2"/>
      <line num="132" count="0" type="cond" truecount="0" falsecount="2"/>
      <line num="134" count="0" type="stmt"/>
      <line num="142" count="0" type="cond" truecount="0" falsecount="4"/>
      <line num="143" count="0" type="stmt"/>
      <line num="146" count="0" type="stmt"/>
      <line num="149" count="0" type="stmt"/>
      <line num="150" count="0" type="stmt"/>
      <line num="157" count="0" type="stmt"/>
      <line num="162" count="0" type="stmt"/>
      <line num="175" count="0" type="stmt"/>
      <line num="176" count="0" type="stmt"/>
      <line num="181" count="0" type="cond" truecount="0" falsecount="2"/>
      <line num="183" count="0" type="stmt"/>
      <line num="189" count="0" type="cond" truecount="0" falsecount="4"/>
      <line num="191" count="0" type="stmt"/>
      <line num="194" count="0" type="stmt"/>
      <line num="196" count="0" type="stmt"/>
      <line num="208" count="0" type="stmt"/>
      <line num="212" count="0" type="cond" truecount="0" falsecount="2"/>
      <line num="213" count="0" type="stmt"/>
      <line num="216" count="0" type="stmt"/>
      <line num="218" count="0" type="stmt"/>
      <line num="264" count="0" type="cond" truecount="0" falsecount="2"/>
      <line num="265" count="0" type="stmt"/>
      <line num="269" count="0" type="stmt"/>
      <line num="275" count="0" type="stmt"/>
      <line num="278" count="0" type="stmt"/>
      <line num="286" count="0" type="stmt"/>
      <line num="287" count="0" type="stmt"/>
      <line num="290" count="0" type="cond" truecount="0" falsecount="2"/>
      <line num="293" count="0" type="stmt"/>
      <line num="298" count="0" type="cond" truecount="0" falsecount="2"/>
      <line num="299" count="0" type="stmt"/>
      <line num="302" count="0" type="stmt"/>
      <line num="316" count="0" type="cond" truecount="0" falsecount="4"/>
      <line num="320" count="0" type="stmt"/>
      <line num="325" count="0" type="stmt"/>
      <line num="354" count="0" type="stmt"/>
      <line num="366" count="0" type="stmt"/>
      <line num="367" count="0" type="cond" truecount="0" falsecount="2"/>
      <line num="368" count="0" type="stmt"/>
      <line num="370" count="0" type="stmt"/>
      <line num="382" count="0" type="stmt"/>
      <line num="386" count="0" type="cond" truecount="0" falsecount="2"/>
      <line num="387" count="0" type="stmt"/>
      <line num="390" count="0" type="stmt"/>
      <line num="392" count="0" type="stmt"/>
      <line num="429" count="0" type="cond" truecount="0" falsecount="2"/>
      <line num="430" count="0" type="stmt"/>
      <line num="434" count="0" type="stmt"/>
      <line num="440" count="0" type="stmt"/>
      <line num="449" count="0" type="stmt"/>
      <line num="456" count="0" type="cond" truecount="0" falsecount="2"/>
      <line num="457" count="0" type="stmt"/>
      <line num="460" count="0" type="cond" truecount="0" falsecount="4"/>
      <line num="461" count="0" type="stmt"/>
      <line num="467" count="0" type="stmt"/>
      <line num="474" count="0" type="stmt"/>
      <line num="475" count="0" type="stmt"/>
      <line num="478" count="0" type="cond" truecount="0" falsecount="2"/>
      <line num="481" count="0" type="stmt"/>
      <line num="483" count="0" type="stmt"/>
      <line num="485" count="0" type="stmt"/>
      <line num="486" count="0" type="cond" truecount="0" falsecount="2"/>
      <line num="487" count="0" type="stmt"/>
      <line num="489" count="0" type="stmt"/>
      <line num="502" count="0" type="stmt"/>
      <line num="503" count="0" type="cond" truecount="0" falsecount="2"/>
      <line num="504" count="0" type="stmt"/>
      <line num="509" count="0" type="cond" truecount="0" falsecount="2"/>
      <line num="510" count="0" type="stmt"/>
      <line num="513" count="0" type="stmt"/>
      <line num="516" count="0" type="stmt"/>
      <line num="518" count="0" type="stmt"/>
      <line num="519" count="0" type="cond" truecount="0" falsecount="2"/>
      <line num="521" count="0" type="cond" truecount="0" falsecount="2"/>
      <line num="522" count="0" type="stmt"/>
      <line num="525" count="0" type="stmt"/>
      <line num="531" count="0" type="stmt"/>
      <line num="534" count="0" type="stmt"/>
      <line num="544" count="0" type="stmt"/>
      <line num="550" count="0" type="cond" truecount="0" falsecount="4"/>
      <line num="551" count="0" type="stmt"/>
      <line num="555" count="0" type="stmt"/>
      <line num="562" count="0" type="cond" truecount="0" falsecount="2"/>
      <line num="567" count="0" type="cond" truecount="0" falsecount="7"/>
      <line num="575" count="0" type="stmt"/>
      <line num="582" count="0" type="stmt"/>
      <line num="593" count="0" type="cond" truecount="0" falsecount="2"/>
      <line num="594" count="0" type="cond" truecount="0" falsecount="2"/>
      <line num="595" count="0" type="stmt"/>
      <line num="596" count="0" type="cond" truecount="0" falsecount="4"/>
      <line num="618" count="0" type="stmt"/>
      <line num="622" count="0" type="stmt"/>
      <line num="628" count="0" type="stmt"/>
      <line num="630" count="0" type="cond" truecount="0" falsecount="2"/>
      <line num="631" count="0" type="stmt"/>
      <line num="633" count="0" type="stmt"/>
      <line num="648" count="0" type="stmt"/>
      <line num="649" count="0" type="cond" truecount="0" falsecount="2"/>
      <line num="651" count="0" type="cond" truecount="0" falsecount="4"/>
      <line num="652" count="0" type="cond" truecount="0" falsecount="2"/>
      <line num="654" count="0" type="stmt"/>
      <line num="666" count="0" type="stmt"/>
      <line num="672" count="0" type="stmt"/>
      <line num="692" count="0" type="stmt"/>
      <line num="693" count="0" type="cond" truecount="0" falsecount="2"/>
      <line num="695" count="0" type="cond" truecount="0" falsecount="4"/>
      <line num="696" count="0" type="cond" truecount="0" falsecount="2"/>
      <line num="698" count="0" type="stmt"/>
      <line num="715" count="0" type="stmt"/>
      <line num="722" count="0" type="stmt"/>
      <line num="729" count="0" type="stmt"/>
      <line num="733" count="0" type="cond" truecount="0" falsecount="2"/>
      <line num="734" count="0" type="stmt"/>
      <line num="737" count="0" type="stmt"/>
      <line num="738" count="0" type="stmt"/>
      <line num="739" count="0" type="stmt"/>
      <line num="746" count="0" type="stmt"/>
      <line num="747" count="0" type="stmt"/>
      <line num="758" count="0" type="stmt"/>
      <line num="759" count="0" type="cond" truecount="0" falsecount="2"/>
      <line num="760" count="0" type="stmt"/>
      <line num="763" count="0" type="stmt"/>
      <line num="764" count="0" type="stmt"/>
      <line num="773" count="0" type="stmt"/>
      <line num="774" count="0" type="cond" truecount="0" falsecount="2"/>
      <line num="775" count="0" type="stmt"/>
      <line num="778" count="0" type="stmt"/>
      <line num="779" count="0" type="stmt"/>
      <line num="780" count="0" type="cond" truecount="0" falsecount="2"/>
      <line num="781" count="0" type="stmt"/>
      <line num="783" count="0" type="stmt"/>
      <line num="785" count="0" type="cond" truecount="0" falsecount="2"/>
      <line num="786" count="0" type="stmt"/>
      <line num="787" count="0" type="stmt"/>
      <line num="798" count="0" type="stmt"/>
      <line num="803" count="0" type="cond" truecount="0" falsecount="2"/>
      <line num="804" count="0" type="stmt"/>
      <line num="807" count="0" type="stmt"/>
      <line num="812" count="0" type="stmt"/>
      <line num="819" count="0" type="stmt"/>
      <line num="823" count="0" type="cond" truecount="0" falsecount="2"/>
      <line num="824" count="0" type="stmt"/>
      <line num="827" count="0" type="stmt"/>
      <line num="831" count="0" type="stmt"/>
      <line num="838" count="0" type="stmt"/>
      <line num="842" count="0" type="cond" truecount="0" falsecount="2"/>
      <line num="843" count="0" type="stmt"/>
      <line num="846" count="0" type="stmt"/>
      <line num="847" count="0" type="stmt"/>
      <line num="857" count="0" type="stmt"/>
      <line num="861" count="0" type="cond" truecount="0" falsecount="2"/>
      <line num="862" count="0" type="stmt"/>
      <line num="865" count="0" type="stmt"/>
      <line num="869" count="0" type="stmt"/>
      <line num="878" count="0" type="stmt"/>
      <line num="882" count="0" type="cond" truecount="0" falsecount="2"/>
      <line num="883" count="0" type="stmt"/>
      <line num="886" count="0" type="stmt"/>
      <line num="890" count="0" type="stmt"/>
      <line num="897" count="0" type="stmt"/>
      <line num="902" count="0" type="cond" truecount="0" falsecount="2"/>
      <line num="903" count="0" type="stmt"/>
      <line num="906" count="0" type="stmt"/>
      <line num="911" count="0" type="stmt"/>
      <line num="919" count="0" type="stmt"/>
      <line num="923" count="0" type="cond" truecount="0" falsecount="2"/>
      <line num="924" count="0" type="stmt"/>
      <line num="927" count="0" type="stmt"/>
      <line num="928" count="0" type="stmt"/>
      <line num="932" count="0" type="stmt"/>
      <line num="934" count="0" type="stmt"/>
      <line num="935" count="0" type="stmt"/>
      <line num="947" count="0" type="stmt"/>
      <line num="951" count="0" type="cond" truecount="0" falsecount="2"/>
      <line num="952" count="0" type="stmt"/>
      <line num="955" count="0" type="stmt"/>
      <line num="956" count="0" type="stmt"/>
      <line num="960" count="0" type="stmt"/>
      <line num="962" count="0" type="stmt"/>
      <line num="963" count="0" type="stmt"/>
      <line num="974" count="0" type="stmt"/>
      <line num="979" count="0" type="cond" truecount="0" falsecount="2"/>
      <line num="980" count="0" type="stmt"/>
      <line num="983" count="0" type="stmt"/>
      <line num="984" count="0" type="stmt"/>
      <line num="989" count="0" type="stmt"/>
      <line num="991" count="0" type="stmt"/>
      <line num="992" count="0" type="stmt"/>
      <line num="1005" count="0" type="stmt"/>
      <line num="1010" count="0" type="cond" truecount="0" falsecount="2"/>
      <line num="1011" count="0" type="stmt"/>
      <line num="1014" count="0" type="cond" truecount="0" falsecount="4"/>
      <line num="1015" count="0" type="stmt"/>
      <line num="1021" count="0" type="stmt"/>
      <line num="1022" count="0" type="stmt"/>
      <line num="1027" count="0" type="stmt"/>
      <line num="1028" count="0" type="stmt"/>
      <line num="1030" count="0" type="stmt"/>
      <line num="1036" count="0" type="stmt"/>
      <line num="1037" count="0" type="stmt"/>
      <line num="1052" count="0" type="stmt"/>
      <line num="1053" count="0" type="cond" truecount="0" falsecount="2"/>
      <line num="1054" count="0" type="stmt"/>
      <line num="1057" count="0" type="stmt"/>
      <line num="1059" count="0" type="stmt"/>
      <line num="1061" count="0" type="cond" truecount="0" falsecount="2"/>
      <line num="1062" count="0" type="stmt"/>
      <line num="1066" count="0" type="stmt"/>
      <line num="1067" count="0" type="stmt"/>
      <line num="1068" count="0" type="stmt"/>
      <line num="1069" count="0" type="stmt"/>
      <line num="1072" count="0" type="stmt"/>
      <line num="1080" count="0" type="stmt"/>
      <line num="1081" count="0" type="stmt"/>
      <line num="1093" count="0" type="stmt"/>
      <line num="1094" count="0" type="cond" truecount="0" falsecount="2"/>
      <line num="1095" count="0" type="stmt"/>
      <line num="1098" count="0" type="stmt"/>
      <line num="1100" count="0" type="stmt"/>
      <line num="1102" count="0" type="cond" truecount="0" falsecount="2"/>
      <line num="1103" count="0" type="stmt"/>
      <line num="1107" count="0" type="stmt"/>
      <line num="1108" count="0" type="stmt"/>
      <line num="1109" count="0" type="stmt"/>
      <line num="1111" count="0" type="stmt"/>
      <line num="1113" count="0" type="stmt"/>
      <line num="1119" count="0" type="stmt"/>
      <line num="1120" count="0" type="stmt"/>
      <line num="1128" count="0" type="stmt"/>
      <line num="1132" count="0" type="cond" truecount="0" falsecount="2"/>
      <line num="1133" count="0" type="stmt"/>
      <line num="1136" count="0" type="stmt"/>
      <line num="1137" count="0" type="stmt"/>
      <line num="1141" count="0" type="stmt"/>
      <line num="1143" count="0" type="stmt"/>
      <line num="1144" count="0" type="stmt"/>
      <line num="1155" count="0" type="stmt"/>
      <line num="1160" count="0" type="cond" truecount="0" falsecount="2"/>
      <line num="1161" count="0" type="stmt"/>
      <line num="1164" count="0" type="stmt"/>
      <line num="1165" count="0" type="stmt"/>
      <line num="1171" count="0" type="stmt"/>
      <line num="1172" count="0" type="stmt"/>
      <line num="1186" count="0" type="stmt"/>
      <line num="1187" count="0" type="cond" truecount="0" falsecount="2"/>
      <line num="1188" count="0" type="stmt"/>
      <line num="1191" count="0" type="stmt"/>
      <line num="1195" count="0" type="stmt"/>
      <line num="1197" count="0" type="stmt"/>
      <line num="1206" count="0" type="cond" truecount="0" falsecount="2"/>
      <line num="1207" count="0" type="stmt"/>
      <line num="1214" count="0" type="stmt"/>
      <line num="1220" count="0" type="cond" truecount="0" falsecount="2"/>
      <line num="1221" count="0" type="stmt"/>
      <line num="1231" count="0" type="stmt"/>
      <line num="1236" count="0" type="cond" truecount="0" falsecount="2"/>
      <line num="1237" count="0" type="stmt"/>
      <line num="1243" count="0" type="stmt"/>
      <line num="1251" count="0" type="stmt"/>
      <line num="1252" count="0" type="stmt"/>
      <line num="1264" count="0" type="stmt"/>
      <line num="1265" count="0" type="cond" truecount="0" falsecount="2"/>
      <line num="1266" count="0" type="stmt"/>
      <line num="1269" count="0" type="stmt"/>
      <line num="1272" count="0" type="stmt"/>
      <line num="1278" count="0" type="cond" truecount="0" falsecount="2"/>
      <line num="1279" count="0" type="stmt"/>
      <line num="1284" count="0" type="stmt"/>
      <line num="1290" count="0" type="cond" truecount="0" falsecount="2"/>
      <line num="1291" count="0" type="stmt"/>
      <line num="1296" count="0" type="stmt"/>
      <line num="1303" count="0" type="cond" truecount="0" falsecount="2"/>
      <line num="1304" count="0" type="stmt"/>
      <line num="1307" count="0" type="stmt"/>
      <line num="1314" count="0" type="stmt"/>
      <line num="1315" count="0" type="stmt"/>
    </file>
    <file name="training.module.ts" path="C:\RunEasyV2\runeasyv2\backend\src\modules\training\training.module.ts">
      <metrics statements="20" coveredstatements="0" conditionals="0" coveredconditionals="0" methods="2" coveredmethods="0"/>
      <line num="1" count="0" type="stmt"/>
      <line num="2" count="0" type="stmt"/>
      <line num="3" count="0" type="stmt"/>
      <line num="4" count="0" type="stmt"/>
      <line num="5" count="0" type="stmt"/>
      <line num="6" count="0" type="stmt"/>
      <line num="7" count="0" type="stmt"/>
      <line num="8" count="0" type="stmt"/>
      <line num="9" count="0" type="stmt"/>
      <line num="10" count="0" type="stmt"/>
      <line num="11" count="0" type="stmt"/>
      <line num="12" count="0" type="stmt"/>
      <line num="13" count="0" type="stmt"/>
      <line num="14" count="0" type="stmt"/>
      <line num="15" count="0" type="stmt"/>
      <line num="16" count="0" type="stmt"/>
      <line num="17" count="0" type="stmt"/>
      <line num="33" count="0" type="stmt"/>
      <line num="37" count="0" type="stmt"/>
      <line num="55" count="0" type="stmt"/>
    </file>
    <file name="training.service.ts" path="C:\RunEasyV2\runeasyv2\backend\src\modules\training\training.service.ts">
      <metrics statements="541" coveredstatements="104" conditionals="584" coveredconditionals="51" methods="70" coveredmethods="20"/>
      <line num="1" count="1" type="stmt"/>
      <line num="2" count="1" type="stmt"/>
      <line num="3" count="1" type="stmt"/>
      <line num="4" count="1" type="stmt"/>
      <line num="5" count="1" type="stmt"/>
      <line num="11" count="1" type="stmt"/>
      <line num="12" count="1" type="stmt"/>
      <line num="13" count="1" type="stmt"/>
      <line num="14" count="1" type="stmt"/>
      <line num="21" count="1" type="stmt"/>
      <line num="47" count="1" type="stmt"/>
      <line num="48" count="14" type="stmt"/>
      <line num="49" count="14" type="stmt"/>
      <line num="52" count="14" type="stmt"/>
      <line num="53" count="14" type="stmt"/>
      <line num="54" count="14" type="stmt"/>
      <line num="57" count="14" type="stmt"/>
      <line num="58" count="14" type="stmt"/>
      <line num="59" count="14" type="stmt"/>
      <line num="60" count="14" type="stmt"/>
      <line num="61" count="14" type="stmt"/>
      <line num="62" count="14" type="stmt"/>
      <line num="64" count="14" type="stmt"/>
      <line num="65" count="14" type="stmt"/>
      <line num="73" count="11" type="stmt"/>
      <line num="75" count="11" type="stmt"/>
      <line num="80" count="11" type="stmt"/>
      <line num="81" count="11" type="stmt"/>
      <line num="82" count="11" type="stmt"/>
      <line num="83" count="11" type="stmt"/>
      <line num="86" count="11" type="stmt"/>
      <line num="88" count="11" type="stmt"/>
      <line num="92" count="11" type="stmt"/>
      <line num="105" count="0" type="stmt"/>
      <line num="107" count="0" type="stmt"/>
      <line num="108" count="0" type="stmt"/>
      <line num="113" count="0" type="stmt"/>
      <line num="119" count="0" type="cond" truecount="0" falsecount="2"/>
      <line num="120" count="0" type="stmt"/>
      <line num="126" count="0" type="stmt"/>
      <line num="145" count="0" type="cond" truecount="0" falsecount="2"/>
      <line num="147" count="0" type="stmt"/>
      <line num="152" count="0" type="stmt"/>
      <line num="154" count="0" type="stmt"/>
      <line num="159" count="0" type="stmt"/>
      <line num="166" count="0" type="stmt"/>
      <line num="180" count="0" type="stmt"/>
      <line num="181" count="0" type="stmt"/>
      <line num="194" count="0" type="stmt"/>
      <line num="195" count="0" type="stmt"/>
      <line num="198" count="0" type="stmt"/>
      <line num="203" count="0" type="stmt"/>
      <line num="210" count="0" type="stmt"/>
      <line num="212" count="0" type="stmt"/>
      <line num="213" count="0" type="stmt"/>
      <line num="216" count="0" type="stmt"/>
      <line num="218" count="0" type="stmt"/>
      <line num="219" count="0" type="cond" truecount="0" falsecount="4"/>
      <line num="220" count="0" type="stmt"/>
      <line num="222" count="0" type="stmt"/>
      <line num="223" count="0" type="stmt"/>
      <line num="226" count="0" type="stmt"/>
      <line num="228" count="0" type="cond" truecount="0" falsecount="2"/>
      <line num="229" count="0" type="cond" truecount="0" falsecount="2"/>
      <line num="230" count="0" type="stmt"/>
      <line num="234" count="0" type="stmt"/>
      <line num="236" count="0" type="stmt"/>
      <line num="239" count="0" type="cond" truecount="0" falsecount="2"/>
      <line num="240" count="0" type="stmt"/>
      <line num="244" count="0" type="stmt"/>
      <line num="245" count="0" type="stmt"/>
      <line num="256" count="0" type="cond" truecount="0" falsecount="2"/>
      <line num="257" count="0" type="stmt"/>
      <line num="261" count="0" type="stmt"/>
      <line num="263" count="0" type="stmt"/>
      <line num="268" count="0" type="stmt"/>
      <line num="269" count="0" type="stmt"/>
      <line num="270" count="0" type="stmt"/>
      <line num="273" count="0" type="stmt"/>
      <line num="279" count="0" type="stmt"/>
      <line num="283" count="0" type="stmt"/>
      <line num="287" count="0" type="stmt"/>
      <line num="288" count="0" type="stmt"/>
      <line num="295" count="0" type="stmt"/>
      <line num="298" count="0" type="stmt"/>
      <line num="301" count="0" type="cond" truecount="0" falsecount="2"/>
      <line num="303" count="0" type="stmt"/>
      <line num="304" count="0" type="stmt"/>
      <line num="305" count="0" type="stmt"/>
      <line num="306" count="0" type="stmt"/>
      <line num="310" count="0" type="cond" truecount="0" falsecount="2"/>
      <line num="311" count="0" type="stmt"/>
      <line num="315" count="0" type="stmt"/>
      <line num="322" count="0" type="cond" truecount="0" falsecount="4"/>
      <line num="323" count="0" type="stmt"/>
      <line num="338" count="0" type="stmt"/>
      <line num="341" count="0" type="cond" truecount="0" falsecount="2"/>
      <line num="343" count="0" type="stmt"/>
      <line num="347" count="0" type="stmt"/>
      <line num="353" count="0" type="stmt"/>
      <line num="354" count="0" type="stmt"/>
      <line num="358" count="0" type="cond" truecount="0" falsecount="2"/>
      <line num="360" count="0" type="stmt"/>
      <line num="372" count="0" type="stmt"/>
      <line num="389" count="0" type="stmt"/>
      <line num="395" count="0" type="cond" truecount="0" falsecount="2"/>
      <line num="397" count="0" type="stmt"/>
      <line num="402" count="0" type="cond" truecount="0" falsecount="2"/>
      <line num="404" count="0" type="stmt"/>
      <line num="420" count="16" type="cond" truecount="4" falsecount="0"/>
      <line num="422" count="6" type="stmt"/>
      <line num="423" count="6" type="stmt"/>
      <line num="428" count="10" type="stmt"/>
      <line num="429" count="10" type="stmt"/>
      <line num="440" count="5" type="stmt"/>
      <line num="441" count="5" type="stmt"/>
      <line num="442" count="5" type="cond" truecount="2" falsecount="0"/>
      <line num="455" count="0" type="cond" truecount="0" falsecount="4"/>
      <line num="456" count="0" type="stmt"/>
      <line num="459" count="0" type="stmt"/>
      <line num="460" count="0" type="cond" truecount="0" falsecount="3"/>
      <line num="462" count="0" type="stmt"/>
      <line num="463" count="0" type="cond" truecount="0" falsecount="2"/>
      <line num="464" count="0" type="cond" truecount="0" falsecount="2"/>
      <line num="465" count="0" type="stmt"/>
      <line num="469" count="0" type="stmt"/>
      <line num="485" count="0" type="stmt"/>
      <line num="486" count="0" type="stmt"/>
      <line num="489" count="0" type="cond" truecount="0" falsecount="2"/>
      <line num="490" count="0" type="cond" truecount="0" falsecount="2"/>
      <line num="491" count="0" type="stmt"/>
      <line num="492" count="0" type="cond" truecount="0" falsecount="2"/>
      <line num="493" count="0" type="stmt"/>
      <line num="494" count="0" type="stmt"/>
      <line num="497" count="0" type="stmt"/>
      <line num="515" count="0" type="stmt"/>
      <line num="521" count="0" type="cond" truecount="0" falsecount="4"/>
      <line num="529" count="0" type="stmt"/>
      <line num="530" count="0" type="stmt"/>
      <line num="532" count="0" type="stmt"/>
      <line num="533" count="0" type="stmt"/>
      <line num="535" count="0" type="stmt"/>
      <line num="536" count="0" type="stmt"/>
      <line num="540" count="0" type="cond" truecount="0" falsecount="4"/>
      <line num="543" count="0" type="stmt"/>
      <line num="544" count="0" type="stmt"/>
      <line num="547" count="0" type="cond" truecount="0" falsecount="4"/>
      <line num="552" count="0" type="cond" truecount="0" falsecount="3"/>
      <line num="557" count="0" type="cond" truecount="0" falsecount="2"/>
      <line num="563" count="0" type="stmt"/>
      <line num="572" count="0" type="stmt"/>
      <line num="587" count="0" type="stmt"/>
      <line num="598" count="0" type="stmt"/>
      <line num="601" count="0" type="stmt"/>
      <line num="604" count="0" type="stmt"/>
      <line num="618" count="0" type="cond" truecount="0" falsecount="2"/>
      <line num="621" count="0" type="stmt"/>
      <line num="622" count="0" type="stmt"/>
      <line num="624" count="0" type="stmt"/>
      <line num="625" count="0" type="stmt"/>
      <line num="631" count="0" type="stmt"/>
      <line num="635" count="0" type="stmt"/>
      <line num="639" count="0" type="cond" truecount="0" falsecount="2"/>
      <line num="641" count="0" type="stmt"/>
      <line num="646" count="0" type="stmt"/>
      <line num="659" count="0" type="stmt"/>
      <line num="660" count="0" type="stmt"/>
      <line num="668" count="2" type="stmt"/>
      <line num="675" count="2" type="cond" truecount="3" falsecount="1"/>
      <line num="676" count="2" type="stmt"/>
      <line num="700" count="4" type="stmt"/>
      <line num="706" count="4" type="cond" truecount="3" falsecount="1"/>
      <line num="707" count="0" type="stmt"/>
      <line num="710" count="0" type="stmt"/>
      <line num="714" count="4" type="stmt"/>
      <line num="717" count="4" type="stmt"/>
      <line num="718" count="7" type="cond" truecount="2" falsecount="0"/>
      <line num="721" count="2" type="cond" truecount="2" falsecount="2"/>
      <line num="726" count="4" type="stmt"/>
      <line num="728" count="7" type="cond" truecount="4" falsecount="0"/>
      <line num="731" count="4" type="cond" truecount="2" falsecount="0"/>
      <line num="732" count="1" type="stmt"/>
      <line num="735" count="3" type="stmt"/>
      <line num="736" count="3" type="stmt"/>
      <line num="737" count="3" type="stmt"/>
      <line num="738" count="3" type="stmt"/>
      <line num="739" count="3" type="cond" truecount="2" falsecount="0"/>
      <line num="740" count="2" type="stmt"/>
      <line num="743" count="1" type="stmt"/>
      <line num="744" count="1" type="stmt"/>
      <line num="747" count="1" type="stmt"/>
      <line num="748" count="2" type="stmt"/>
      <line num="749" count="1" type="stmt"/>
      <line num="750" count="1" type="cond" truecount="1" falsecount="1"/>
      <line num="751" count="1" type="stmt"/>
      <line num="755" count="1" type="cond" truecount="1" falsecount="1"/>
      <line num="756" count="0" type="stmt"/>
      <line num="763" count="1" type="stmt"/>
      <line num="767" count="1" type="cond" truecount="1" falsecount="1"/>
      <line num="768" count="0" type="stmt"/>
      <line num="772" count="0" type="stmt"/>
      <line num="775" count="1" type="cond" truecount="1" falsecount="1"/>
      <line num="776" count="1" type="stmt"/>
      <line num="779" count="1" type="stmt"/>
      <line num="791" count="1" type="stmt"/>
      <line num="799" count="1" type="cond" truecount="1" falsecount="1"/>
      <line num="801" count="1" type="cond" truecount="1" falsecount="1"/>
      <line num="802" count="2" type="stmt"/>
      <line num="803" count="2" type="stmt"/>
      <line num="805" count="1" type="cond" truecount="1" falsecount="1"/>
      <line num="806" count="2" type="cond" truecount="1" falsecount="1"/>
      <line num="809" count="0" type="stmt"/>
      <line num="814" count="0" type="stmt"/>
      <line num="815" count="0" type="cond" truecount="0" falsecount="2"/>
      <line num="816" count="0" type="cond" truecount="0" falsecount="2"/>
      <line num="819" count="0" type="cond" truecount="0" falsecount="2"/>
      <line num="831" count="1" type="stmt"/>
      <line num="833" count="1" type="stmt"/>
      <line num="835" count="1" type="stmt"/>
      <line num="844" count="1" type="cond" truecount="1" falsecount="1"/>
      <line num="845" count="1" type="stmt"/>
      <line num="852" count="1" type="stmt"/>
      <line num="863" count="1" type="cond" truecount="1" falsecount="1"/>
      <line num="864" count="1" type="stmt"/>
      <line num="880" count="0" type="stmt"/>
      <line num="898" count="0" type="stmt"/>
      <line num="899" count="0" type="stmt"/>
      <line num="900" count="0" type="stmt"/>
      <line num="902" count="0" type="stmt"/>
      <line num="909" count="0" type="cond" truecount="0" falsecount="4"/>
      <line num="910" count="0" type="stmt"/>
      <line num="913" count="0" type="stmt"/>
      <line num="930" count="0" type="stmt"/>
      <line num="937" count="0" type="cond" truecount="0" falsecount="4"/>
      <line num="938" count="0" type="stmt"/>
      <line num="942" count="0" type="cond" truecount="0" falsecount="2"/>
      <line num="943" count="0" type="stmt"/>
      <line num="946" count="0" type="stmt"/>
      <line num="947" count="0" type="stmt"/>
      <line num="949" count="0" type="cond" truecount="0" falsecount="2"/>
      <line num="954" count="0" type="stmt"/>
      <line num="959" count="0" type="stmt"/>
      <line num="960" count="0" type="cond" truecount="0" falsecount="3"/>
      <line num="963" count="0" type="cond" truecount="0" falsecount="2"/>
      <line num="964" count="0" type="stmt"/>
      <line num="967" count="0" type="stmt"/>
      <line num="970" count="0" type="stmt"/>
      <line num="971" count="0" type="stmt"/>
      <line num="976" count="0" type="cond" truecount="0" falsecount="2"/>
      <line num="982" count="0" type="cond" truecount="0" falsecount="4"/>
      <line num="985" count="0" type="stmt"/>
      <line num="990" count="0" type="stmt"/>
      <line num="991" count="0" type="cond" truecount="0" falsecount="2"/>
      <line num="996" count="0" type="stmt"/>
      <line num="997" count="0" type="stmt"/>
      <line num="998" count="0" type="stmt"/>
      <line num="999" count="0" type="cond" truecount="0" falsecount="4"/>
      <line num="1000" count="0" type="stmt"/>
      <line num="1001" count="0" type="cond" truecount="0" falsecount="2"/>
      <line num="1015" count="0" type="stmt"/>
      <line num="1016" count="0" type="cond" truecount="0" falsecount="2"/>
      <line num="1017" count="0" type="cond" truecount="0" falsecount="2"/>
      <line num="1022" count="0" type="cond" truecount="0" falsecount="2"/>
      <line num="1026" count="0" type="cond" truecount="0" falsecount="2"/>
      <line num="1038" count="0" type="stmt"/>
      <line num="1068" count="0" type="cond" truecount="0" falsecount="2"/>
      <line num="1069" count="0" type="stmt"/>
      <line num="1078" count="0" type="cond" truecount="0" falsecount="2"/>
      <line num="1084" count="0" type="cond" truecount="0" falsecount="2"/>
      <line num="1085" count="0" type="stmt"/>
      <line num="1091" count="0" type="cond" truecount="0" falsecount="2"/>
      <line num="1092" count="0" type="stmt"/>
      <line num="1093" count="0" type="stmt"/>
      <line num="1101" count="0" type="stmt"/>
      <line num="1116" count="0" type="cond" truecount="0" falsecount="2"/>
      <line num="1117" count="0" type="stmt"/>
      <line num="1118" count="0" type="stmt"/>
      <line num="1122" count="0" type="cond" truecount="0" falsecount="2"/>
      <line num="1123" count="0" type="stmt"/>
      <line num="1131" count="0" type="cond" truecount="0" falsecount="2"/>
      <line num="1132" count="0" type="stmt"/>
      <line num="1141" count="0" type="stmt"/>
      <line num="1142" count="0" type="stmt"/>
      <line num="1143" count="0" type="stmt"/>
      <line num="1151" count="0" type="cond" truecount="0" falsecount="2"/>
      <line num="1155" count="0" type="stmt"/>
      <line num="1164" count="0" type="stmt"/>
      <line num="1175" count="0" type="cond" truecount="0" falsecount="2"/>
      <line num="1181" count="0" type="stmt"/>
      <line num="1182" count="0" type="stmt"/>
      <line num="1184" count="0" type="stmt"/>
      <line num="1194" count="0" type="cond" truecount="0" falsecount="4"/>
      <line num="1197" count="0" type="stmt"/>
      <line num="1201" count="0" type="cond" truecount="0" falsecount="2"/>
      <line num="1202" count="0" type="stmt"/>
      <line num="1208" count="0" type="stmt"/>
      <line num="1209" count="0" type="stmt"/>
      <line num="1215" count="0" type="stmt"/>
      <line num="1220" count="0" type="stmt"/>
      <line num="1225" count="0" type="stmt"/>
      <line num="1228" count="0" type="stmt"/>
      <line num="1233" count="0" type="cond" truecount="0" falsecount="2"/>
      <line num="1234" count="0" type="stmt"/>
      <line num="1241" count="0" type="stmt"/>
      <line num="1246" count="0" type="stmt"/>
      <line num="1260" count="0" type="stmt"/>
      <line num="1262" count="0" type="stmt"/>
      <line num="1291" count="0" type="cond" truecount="0" falsecount="2"/>
      <line num="1292" count="0" type="stmt"/>
      <line num="1296" count="0" type="stmt"/>
      <line num="1299" count="0" type="stmt"/>
      <line num="1311" count="0" type="cond" truecount="0" falsecount="2"/>
      <line num="1319" count="0" type="stmt"/>
      <line num="1322" count="0" type="stmt"/>
      <line num="1323" count="0" type="cond" truecount="0" falsecount="2"/>
      <line num="1325" count="0" type="stmt"/>
      <line num="1328" count="0" type="stmt"/>
      <line num="1329" count="0" type="cond" truecount="0" falsecount="4"/>
      <line num="1330" count="0" type="cond" truecount="0" falsecount="4"/>
      <line num="1331" count="0" type="stmt"/>
      <line num="1335" count="0" type="cond" truecount="0" falsecount="2"/>
      <line num="1342" count="0" type="cond" truecount="0" falsecount="2"/>
      <line num="1347" count="0" type="cond" truecount="0" falsecount="2"/>
      <line num="1348" count="0" type="stmt"/>
      <line num="1354" count="0" type="cond" truecount="0" falsecount="2"/>
      <line num="1355" count="0" type="stmt"/>
      <line num="1361" count="0" type="cond" truecount="0" falsecount="2"/>
      <line num="1362" count="0" type="stmt"/>
      <line num="1365" count="0" type="stmt"/>
      <line num="1370" count="0" type="stmt"/>
      <line num="1390" count="0" type="cond" truecount="0" falsecount="2"/>
      <line num="1391" count="0" type="stmt"/>
      <line num="1395" count="0" type="stmt"/>
      <line num="1400" count="0" type="stmt"/>
      <line num="1425" count="1" type="stmt"/>
      <line num="1432" count="1" type="cond" truecount="1" falsecount="1"/>
      <line num="1437" count="1" type="stmt"/>
      <line num="1438" count="1" type="cond" truecount="1" falsecount="1"/>
      <line num="1439" count="0" type="stmt"/>
      <line num="1446" count="0" type="cond" truecount="0" falsecount="2"/>
      <line num="1447" count="0" type="stmt"/>
      <line num="1451" count="1" type="stmt"/>
      <line num="1462" count="1" type="cond" truecount="3" falsecount="1"/>
      <line num="1463" count="0" type="stmt"/>
      <line num="1473" count="0" type="cond" truecount="0" falsecount="2"/>
      <line num="1474" count="0" type="stmt"/>
      <line num="1477" count="0" type="stmt"/>
      <line num="1482" count="0" type="cond" truecount="0" falsecount="2"/>
      <line num="1483" count="0" type="stmt"/>
      <line num="1487" count="0" type="stmt"/>
      <line num="1502" count="1" type="cond" truecount="1" falsecount="1"/>
      <line num="1505" count="1" type="stmt"/>
      <line num="1506" count="1" type="cond" truecount="1" falsecount="1"/>
      <line num="1507" count="1" type="stmt"/>
      <line num="1514" count="1" type="cond" truecount="1" falsecount="1"/>
      <line num="1517" count="1" type="cond" truecount="2" falsecount="3"/>
      <line num="1518" count="0" type="stmt"/>
      <line num="1535" count="1" type="stmt"/>
      <line num="1536" count="1" type="cond" truecount="3" falsecount="1"/>
      <line num="1537" count="0" type="stmt"/>
      <line num="1565" count="1" type="cond" truecount="2" falsecount="2"/>
      <line num="1566" count="0" type="cond" truecount="0" falsecount="2"/>
      <line num="1569" count="1" type="stmt"/>
      <line num="1595" count="0" type="stmt"/>
      <line num="1602" count="0" type="cond" truecount="0" falsecount="2"/>
      <line num="1603" count="0" type="stmt"/>
      <line num="1615" count="0" type="stmt"/>
      <line num="1621" count="0" type="cond" truecount="0" falsecount="2"/>
      <line num="1622" count="0" type="stmt"/>
      <line num="1629" count="0" type="cond" truecount="0" falsecount="2"/>
      <line num="1630" count="0" type="stmt"/>
      <line num="1634" count="0" type="stmt"/>
      <line num="1636" count="0" type="stmt"/>
      <line num="1642" count="0" type="cond" truecount="0" falsecount="2"/>
      <line num="1643" count="0" type="cond" truecount="0" falsecount="2"/>
      <line num="1646" count="0" type="cond" truecount="0" falsecount="2"/>
      <line num="1647" count="0" type="cond" truecount="0" falsecount="2"/>
      <line num="1653" count="0" type="stmt"/>
      <line num="1654" count="0" type="cond" truecount="0" falsecount="2"/>
      <line num="1656" count="0" type="cond" truecount="0" falsecount="2"/>
      <line num="1662" count="0" type="cond" truecount="0" falsecount="4"/>
      <line num="1665" count="0" type="cond" truecount="0" falsecount="4"/>
      <line num="1666" count="0" type="stmt"/>
      <line num="1669" count="0" type="stmt"/>
      <line num="1671" count="0" type="cond" truecount="0" falsecount="2"/>
      <line num="1672" count="0" type="cond" truecount="0" falsecount="2"/>
      <line num="1673" count="0" type="cond" truecount="0" falsecount="2"/>
      <line num="1674" count="0" type="cond" truecount="0" falsecount="2"/>
      <line num="1675" count="0" type="stmt"/>
      <line num="1676" count="0" type="stmt"/>
      <line num="1677" count="0" type="stmt"/>
      <line num="1679" count="0" type="stmt"/>
      <line num="1683" count="0" type="stmt"/>
      <line num="1692" count="0" type="stmt"/>
      <line num="1703" count="0" type="cond" truecount="0" falsecount="3"/>
      <line num="1704" count="0" type="stmt"/>
      <line num="1721" count="0" type="stmt"/>
      <line num="1737" count="0" type="cond" truecount="0" falsecount="2"/>
      <line num="1738" count="0" type="cond" truecount="0" falsecount="2"/>
      <line num="1739" count="0" type="stmt"/>
      <line num="1743" count="0" type="stmt"/>
      <line num="1754" count="0" type="cond" truecount="0" falsecount="2"/>
      <line num="1756" count="0" type="stmt"/>
      <line num="1761" count="0" type="cond" truecount="0" falsecount="2"/>
      <line num="1762" count="0" type="stmt"/>
      <line num="1768" count="0" type="stmt"/>
      <line num="1771" count="0" type="stmt"/>
      <line num="1789" count="0" type="stmt"/>
      <line num="1795" count="0" type="stmt"/>
      <line num="1797" count="0" type="stmt"/>
      <line num="1799" count="0" type="stmt"/>
      <line num="1804" count="0" type="stmt"/>
      <line num="1812" count="0" type="stmt"/>
      <line num="1813" count="0" type="stmt"/>
      <line num="1815" count="0" type="cond" truecount="0" falsecount="4"/>
      <line num="1816" count="0" type="stmt"/>
      <line num="1817" count="0" type="stmt"/>
      <line num="1819" count="0" type="stmt"/>
      <line num="1820" count="0" type="stmt"/>
      <line num="1826" count="0" type="stmt"/>
      <line num="1834" count="0" type="cond" truecount="0" falsecount="2"/>
      <line num="1838" count="0" type="cond" truecount="0" falsecount="2"/>
      <line num="1839" count="0" type="stmt"/>
      <line num="1840" count="0" type="stmt"/>
      <line num="1841" count="0" type="stmt"/>
      <line num="1842" count="0" type="cond" truecount="0" falsecount="2"/>
      <line num="1843" count="0" type="stmt"/>
      <line num="1847" count="0" type="cond" truecount="0" falsecount="2"/>
      <line num="1848" count="0" type="cond" truecount="0" falsecount="2"/>
      <line num="1856" count="0" type="stmt"/>
      <line num="1857" count="0" type="cond" truecount="0" falsecount="2"/>
      <line num="1858" count="0" type="stmt"/>
      <line num="1859" count="0" type="cond" truecount="0" falsecount="2"/>
      <line num="1863" count="0" type="stmt"/>
      <line num="1868" count="0" type="stmt"/>
      <line num="1869" count="0" type="stmt"/>
      <line num="1870" count="0" type="stmt"/>
      <line num="1872" count="0" type="stmt"/>
      <line num="1873" count="0" type="stmt"/>
      <line num="1874" count="0" type="stmt"/>
      <line num="1875" count="0" type="stmt"/>
      <line num="1876" count="0" type="stmt"/>
      <line num="1880" count="0" type="cond" truecount="0" falsecount="4"/>
      <line num="1884" count="0" type="cond" truecount="0" falsecount="2"/>
      <line num="1888" count="0" type="cond" truecount="0" falsecount="2"/>
      <line num="1889" count="0" type="stmt"/>
      <line num="1890" count="0" type="cond" truecount="0" falsecount="4"/>
      <line num="1892" count="0" type="stmt"/>
      <line num="1897" count="0" type="cond" truecount="0" falsecount="4"/>
      <line num="1898" count="0" type="stmt"/>
      <line num="1904" count="0" type="stmt"/>
      <line num="1907" count="0" type="stmt"/>
      <line num="1930" count="0" type="cond" truecount="0" falsecount="2"/>
      <line num="1932" count="0" type="stmt"/>
      <line num="1942" count="0" type="stmt"/>
      <line num="1953" count="0" type="stmt"/>
      <line num="1962" count="0" type="stmt"/>
      <line num="1964" count="0" type="stmt"/>
      <line num="1968" count="0" type="stmt"/>
      <line num="1978" count="0" type="cond" truecount="0" falsecount="4"/>
      <line num="1980" count="0" type="stmt"/>
      <line num="1983" count="0" type="cond" truecount="0" falsecount="2"/>
      <line num="1994" count="0" type="stmt"/>
      <line num="1995" count="0" type="stmt"/>
      <line num="1997" count="0" type="stmt"/>
      <line num="2005" count="0" type="stmt"/>
      <line num="2011" count="0" type="cond" truecount="0" falsecount="2"/>
      <line num="2012" count="0" type="stmt"/>
      <line num="2022" count="0" type="cond" truecount="0" falsecount="4"/>
      <line num="2023" count="0" type="stmt"/>
      <line num="2024" count="0" type="cond" truecount="0" falsecount="2"/>
      <line num="2026" count="0" type="cond" truecount="0" falsecount="2"/>
      <line num="2028" count="0" type="cond" truecount="0" falsecount="2"/>
      <line num="2029" count="0" type="cond" truecount="0" falsecount="2"/>
      <line num="2033" count="0" type="stmt"/>
      <line num="2034" count="0" type="stmt"/>
      <line num="2035" count="0" type="cond" truecount="0" falsecount="4"/>
      <line num="2036" count="0" type="stmt"/>
      <line num="2041" count="0" type="cond" truecount="0" falsecount="3"/>
      <line num="2042" count="0" type="stmt"/>
      <line num="2043" count="0" type="stmt"/>
      <line num="2044" count="0" type="stmt"/>
      <line num="2045" count="0" type="stmt"/>
      <line num="2047" count="0" type="stmt"/>
      <line num="2054" count="0" type="stmt"/>
      <line num="2055" count="0" type="stmt"/>
      <line num="2056" count="0" type="stmt"/>
      <line num="2057" count="0" type="cond" truecount="0" falsecount="2"/>
      <line num="2058" count="0" type="cond" truecount="0" falsecount="2"/>
      <line num="2059" count="0" type="stmt"/>
      <line num="2062" count="0" type="stmt"/>
      <line num="2066" count="0" type="stmt"/>
      <line num="2068" count="0" type="stmt"/>
      <line num="2070" count="0" type="stmt"/>
      <line num="2071" count="0" type="cond" truecount="0" falsecount="2"/>
      <line num="2073" count="0" type="cond" truecount="0" falsecount="3"/>
      <line num="2082" count="0" type="cond" truecount="0" falsecount="2"/>
      <line num="2083" count="0" type="stmt"/>
      <line num="2084" count="0" type="stmt"/>
      <line num="2087" count="0" type="cond" truecount="0" falsecount="2"/>
      <line num="2088" count="0" type="cond" truecount="0" falsecount="2"/>
      <line num="2090" count="0" type="cond" truecount="0" falsecount="4"/>
      <line num="2091" count="0" type="stmt"/>
      <line num="2092" count="0" type="stmt"/>
      <line num="2093" count="0" type="stmt"/>
      <line num="2094" count="0" type="stmt"/>
      <line num="2095" count="0" type="stmt"/>
      <line num="2096" count="0" type="stmt"/>
      <line num="2099" count="0" type="stmt"/>
      <line num="2100" count="0" type="stmt"/>
      <line num="2103" count="0" type="stmt"/>
      <line num="2105" count="0" type="stmt"/>
      <line num="2106" count="0" type="stmt"/>
      <line num="2107" count="0" type="cond" truecount="0" falsecount="2"/>
      <line num="2109" count="0" type="stmt"/>
      <line num="2110" count="0" type="cond" truecount="0" falsecount="2"/>
      <line num="2115" count="0" type="cond" truecount="0" falsecount="5"/>
      <line num="2124" count="0" type="cond" truecount="0" falsecount="2"/>
      <line num="2126" count="0" type="stmt"/>
      <line num="2142" count="0" type="stmt"/>
      <line num="2158" count="0" type="cond" truecount="0" falsecount="2"/>
      <line num="2161" count="0" type="stmt"/>
      <line num="2162" count="0" type="cond" truecount="0" falsecount="2"/>
      <line num="2168" count="0" type="stmt"/>
      <line num="2169" count="0" type="cond" truecount="0" falsecount="2"/>
      <line num="2170" count="0" type="cond" truecount="0" falsecount="3"/>
      <line num="2171" count="0" type="cond" truecount="0" falsecount="2"/>
      <line num="2176" count="0" type="stmt"/>
      <line num="2177" count="0" type="cond" truecount="0" falsecount="2"/>
      <line num="2181" count="0" type="stmt"/>
      <line num="2182" count="0" type="stmt"/>
      <line num="2184" count="0" type="stmt"/>
      <line num="2203" count="0" type="stmt"/>
      <line num="2216" count="0" type="cond" truecount="0" falsecount="2"/>
      <line num="2220" count="0" type="cond" truecount="0" falsecount="2"/>
      <line num="2221" count="0" type="stmt"/>
      <line num="2226" count="0" type="stmt"/>
      <line num="2243" count="0" type="cond" truecount="0" falsecount="2"/>
      <line num="2245" count="0" type="stmt"/>
      <line num="2246" count="0" type="cond" truecount="0" falsecount="2"/>
      <line num="2247" count="0" type="stmt"/>
    </file>
  </project>
</coverage>
