<?xml version="1.0" encoding="UTF-8"?>
<coverage generated="1785275805009" clover="3.2.0">
  <project timestamp="1785275805009" name="All files">
    <metrics statements="31" coveredstatements="31" conditionals="49" coveredconditionals="46" methods="2" coveredmethods="2" elements="82" coveredelements="79" complexity="0" loc="31" ncloc="31" packages="1" files="2" classes="2"/>
    <file name="archetype.selector.ts" path="C:\RunEasyV2\runeasyv2\backend\src\common\archetype\archetype.selector.ts">
      <metrics statements="29" coveredstatements="29" conditionals="49" coveredconditionals="46" methods="2" coveredmethods="2"/>
      <line num="11" count="5" type="stmt"/>
      <line num="14" count="5" type="stmt"/>
      <line num="21" count="5" type="stmt"/>
      <line num="56" count="5" type="stmt"/>
      <line num="59" count="363633" type="stmt"/>
      <line num="76" count="363633" type="stmt"/>
      <line num="80" count="363633" type="cond" truecount="2" falsecount="0"/>
      <line num="82" count="360024" type="stmt"/>
      <line num="83" count="360024" type="cond" truecount="1" falsecount="1"/>
      <line num="88" count="360024" type="cond" truecount="2" falsecount="0"/>
      <line num="92" count="172803" type="stmt"/>
      <line num="96" count="187221" type="cond" truecount="2" falsecount="0"/>
      <line num="99" count="129616" type="cond" truecount="2" falsecount="0"/>
      <line num="102" count="64815" type="cond" truecount="2" falsecount="0"/>
      <line num="105" count="32414" type="cond" truecount="1" falsecount="1"/>
      <line num="106" count="32414" type="cond" truecount="2" falsecount="0"/>
      <line num="111" count="5762" type="stmt"/>
      <line num="115" count="26652" type="cond" truecount="1" falsecount="1"/>
      <line num="116" count="26652" type="cond" truecount="5" falsecount="0"/>
      <line num="117" count="446" type="stmt"/>
      <line num="119" count="26206" type="cond" truecount="5" falsecount="0"/>
      <line num="120" count="6662" type="stmt"/>
      <line num="130" count="19544" type="cond" truecount="4" falsecount="0"/>
      <line num="131" count="5332" type="stmt"/>
      <line num="135" count="14212" type="cond" truecount="5" falsecount="0"/>
      <line num="136" count="5329" type="stmt"/>
      <line num="138" count="8883" type="cond" truecount="2" falsecount="0"/>
      <line num="139" count="3554" type="cond" truecount="4" falsecount="0"/>
      <line num="144" count="1777" type="stmt"/>
    </file>
    <file name="index.ts" path="C:\RunEasyV2\runeasyv2\backend\src\common\archetype\index.ts">
      <metrics statements="2" coveredstatements="2" conditionals="0" coveredconditionals="0" methods="0" coveredmethods="0"/>
      <line num="1" count="4" type="stmt"/>
      <line num="2" count="4" type="stmt"/>
    </file>
  </project>
</coverage>
