{"C:\\RunEasyV2\\runeasyv2\\backend\\src\\modules\\training\\index.ts": {"path":"C:\\RunEasyV2\\runeasyv2\\backend\\src\\modules\\training\\index.ts","statementMap":{"0":{"start":{"line":1,"column":0},"end":{"line":1,"column":34}},"1":{"start":{"line":2,"column":0},"end":{"line":2,"column":35}},"2":{"start":{"line":3,"column":0},"end":{"line":3,"column":38}},"3":{"start":{"line":4,"column":0},"end":{"line":4,"column":38}}},"fnMap":{},"branchMap":{},"s":{"0":0,"1":0,"2":0,"3":0},"f":{},"b":{}}
,"C:\\RunEasyV2\\runeasyv2\\backend\\src\\modules\\training\\retrospective.service.ts": {"path":"C:\\RunEasyV2\\runeasyv2\\backend\\src\\modules\\training\\retrospective.service.ts","statementMap":{"0":{"start":{"line":1,"column":0},"end":{"line":1,"column":72}},"1":{"start":{"line":2,"column":0},"end":{"line":2,"column":47}},"2":{"start":{"line":3,"column":0},"end":{"line":3,"column":49}},"3":{"start":{"line":4,"column":0},"end":{"line":4,"column":76}},"4":{"start":{"line":5,"column":0},"end":{"line":5,"column":53}},"5":{"start":{"line":7,"column":0},"end":{"line":7,"column":63}},"6":{"start":{"line":8,"column":0},"end":{"line":8,"column":71}},"7":{"start":{"line":82,"column":33},"end":{"line":887,"column":null}},"8":{"start":{"line":87,"column":21},"end":{"line":87,"column":38}},"9":{"start":{"line":88,"column":21},"end":{"line":88,"column":36}},"10":{"start":{"line":90,"column":21},"end":{"line":90,"column":42}},"11":{"start":{"line":92,"column":21},"end":{"line":92,"column":38}},"12":{"start":{"line":93,"column":21},"end":{"line":93,"column":31}},"13":{"start":{"line":83,"column":19},"end":{"line":83,"column":66}},"14":{"start":{"line":95,"column":4},"end":{"line":95,"column":49}},"15":{"start":{"line":103,"column":16},"end":{"line":103,"column":26}},"16":{"start":{"line":106,"column":22},"end":{"line":111,"column":6}},"17":{"start":{"line":114,"column":20},"end":{"line":114,"column":41}},"18":{"start":{"line":116,"column":17},"end":{"line":116,"column":48}},"19":{"start":{"line":117,"column":4},"end":{"line":117,"column":69}},"20":{"start":{"line":118,"column":4},"end":{"line":118,"column":29}},"21":{"start":{"line":129,"column":31},"end":{"line":129,"column":54}},"22":{"start":{"line":130,"column":4},"end":{"line":132,"column":6}},"23":{"start":{"line":134,"column":72},"end":{"line":134,"column":74}},"24":{"start":{"line":136,"column":4},"end":{"line":210,"column":5}},"25":{"start":{"line":137,"column":23},"end":{"line":137,"column":55}},"26":{"start":{"line":141,"column":43},"end":{"line":144,"column":31}},"27":{"start":{"line":146,"column":6},"end":{"line":149,"column":7}},"28":{"start":{"line":147,"column":8},"end":{"line":147,"column":74}},"29":{"start":{"line":148,"column":8},"end":{"line":148,"column":31}},"30":{"start":{"line":157,"column":26},"end":{"line":158,"column":null}},"31":{"start":{"line":158,"column":47},"end":{"line":158,"column":56}},"32":{"start":{"line":160,"column":25},"end":{"line":160,"column":42}},"33":{"start":{"line":161,"column":6},"end":{"line":169,"column":7}},"34":{"start":{"line":162,"column":31},"end":{"line":165,"column":32}},"35":{"start":{"line":166,"column":8},"end":{"line":168,"column":9}},"36":{"start":{"line":167,"column":10},"end":{"line":167,"column":78}},"37":{"start":{"line":167,"column":57},"end":{"line":167,"column":78}},"38":{"start":{"line":172,"column":6},"end":{"line":204,"column":7}},"39":{"start":{"line":173,"column":8},"end":{"line":175,"column":9}},"40":{"start":{"line":174,"column":10},"end":{"line":174,"column":19}},"41":{"start":{"line":178,"column":40},"end":{"line":182,"column":24}},"42":{"start":{"line":184,"column":8},"end":{"line":186,"column":9}},"43":{"start":{"line":185,"column":10},"end":{"line":185,"column":19}},"44":{"start":{"line":189,"column":26},"end":{"line":189,"column":51}},"45":{"start":{"line":190,"column":24},"end":{"line":190,"column":43}},"46":{"start":{"line":191,"column":8},"end":{"line":191,"column":69}},"47":{"start":{"line":193,"column":27},"end":{"line":193,"column":62}},"48":{"start":{"line":195,"column":8},"end":{"line":203,"column":9}},"49":{"start":{"line":196,"column":10},"end":{"line":198,"column":12}},"50":{"start":{"line":199,"column":24},"end":{"line":199,"column":79}},"51":{"start":{"line":200,"column":10},"end":{"line":202,"column":11}},"52":{"start":{"line":201,"column":12},"end":{"line":201,"column":78}},"53":{"start":{"line":206,"column":6},"end":{"line":209,"column":8}},"54":{"start":{"line":212,"column":4},"end":{"line":212,"column":27}},"55":{"start":{"line":222,"column":4},"end":{"line":224,"column":6}},"56":{"start":{"line":226,"column":4},"end":{"line":305,"column":5}},"57":{"start":{"line":227,"column":23},"end":{"line":227,"column":55}},"58":{"start":{"line":230,"column":50},"end":{"line":238,"column":17}},"59":{"start":{"line":240,"column":6},"end":{"line":246,"column":7}},"60":{"start":{"line":241,"column":8},"end":{"line":244,"column":10}},"61":{"start":{"line":245,"column":8},"end":{"line":245,"column":20}},"62":{"start":{"line":249,"column":22},"end":{"line":249,"column":65}},"63":{"start":{"line":250,"column":6},"end":{"line":253,"column":8}},"64":{"start":{"line":256,"column":24},"end":{"line":256,"column":70}},"65":{"start":{"line":257,"column":6},"end":{"line":257,"column":62}},"66":{"start":{"line":260,"column":52},"end":{"line":279,"column":17}},"67":{"start":{"line":281,"column":6},"end":{"line":287,"column":7}},"68":{"start":{"line":282,"column":8},"end":{"line":285,"column":10}},"69":{"start":{"line":286,"column":8},"end":{"line":286,"column":20}},"70":{"start":{"line":290,"column":6},"end":{"line":293,"column":26}},"71":{"start":{"line":296,"column":6},"end":{"line":296,"column":67}},"72":{"start":{"line":298,"column":6},"end":{"line":300,"column":8}},"73":{"start":{"line":301,"column":6},"end":{"line":301,"column":46}},"74":{"start":{"line":303,"column":6},"end":{"line":303,"column":68}},"75":{"start":{"line":304,"column":6},"end":{"line":304,"column":18}},"76":{"start":{"line":315,"column":21},"end":{"line":315,"column":53}},"77":{"start":{"line":318,"column":27},"end":{"line":322,"column":15}},"78":{"start":{"line":324,"column":22},"end":{"line":324,"column":62}},"79":{"start":{"line":325,"column":20},"end":{"line":325,"column":39}},"80":{"start":{"line":326,"column":4},"end":{"line":326,"column":73}},"81":{"start":{"line":329,"column":31},"end":{"line":332,"column":28}},"82":{"start":{"line":334,"column":33},"end":{"line":334,"column":54}},"83":{"start":{"line":336,"column":6},"end":{"line":336,"column":61}},"84":{"start":{"line":336,"column":30},"end":{"line":336,"column":54}},"85":{"start":{"line":337,"column":35},"end":{"line":337,"column":59}},"86":{"start":{"line":341,"column":6},"end":{"line":341,"column":70}},"87":{"start":{"line":341,"column":35},"end":{"line":341,"column":61}},"88":{"start":{"line":344,"column":33},"end":{"line":350,"column":24}},"89":{"start":{"line":354,"column":6},"end":{"line":354,"column":76}},"90":{"start":{"line":354,"column":37},"end":{"line":354,"column":67}},"91":{"start":{"line":357,"column":25},"end":{"line":357,"column":26}},"92":{"start":{"line":358,"column":4},"end":{"line":370,"column":5}},"93":{"start":{"line":359,"column":24},"end":{"line":361,"column":null}},"94":{"start":{"line":360,"column":20},"end":{"line":360,"column":46}},"95":{"start":{"line":363,"column":24},"end":{"line":365,"column":null}},"96":{"start":{"line":364,"column":20},"end":{"line":364,"column":43}},"97":{"start":{"line":367,"column":6},"end":{"line":369,"column":7}},"98":{"start":{"line":368,"column":8},"end":{"line":368,"column":68}},"99":{"start":{"line":373,"column":28},"end":{"line":373,"column":31}},"100":{"start":{"line":374,"column":4},"end":{"line":392,"column":5}},"101":{"start":{"line":375,"column":23},"end":{"line":390,"column":11}},"102":{"start":{"line":376,"column":8},"end":{"line":388,"column":9}},"103":{"start":{"line":378,"column":22},"end":{"line":378,"column":77}},"104":{"start":{"line":378,"column":59},"end":{"line":378,"column":76}},"105":{"start":{"line":379,"column":25},"end":{"line":380,"column":null}},"106":{"start":{"line":380,"column":24},"end":{"line":380,"column":43}},"107":{"start":{"line":382,"column":26},"end":{"line":382,"column":65}},"108":{"start":{"line":384,"column":26},"end":{"line":384,"column":58}},"109":{"start":{"line":385,"column":10},"end":{"line":387,"column":11}},"110":{"start":{"line":386,"column":12},"end":{"line":386,"column":33}},"111":{"start":{"line":389,"column":8},"end":{"line":389,"column":25}},"112":{"start":{"line":391,"column":6},"end":{"line":391,"column":65}},"113":{"start":{"line":395,"column":39},"end":{"line":400,"column":47}},"114":{"start":{"line":403,"column":6},"end":{"line":406,"column":11}},"115":{"start":{"line":404,"column":46},"end":{"line":404,"column":66}},"116":{"start":{"line":410,"column":6},"end":{"line":412,"column":11}},"117":{"start":{"line":415,"column":6},"end":{"line":417,"column":11}},"118":{"start":{"line":420,"column":6},"end":{"line":422,"column":11}},"119":{"start":{"line":424,"column":35},"end":{"line":424,"column":49}},"120":{"start":{"line":426,"column":4},"end":{"line":439,"column":6}},"121":{"start":{"line":450,"column":4},"end":{"line":452,"column":5}},"122":{"start":{"line":451,"column":6},"end":{"line":451,"column":47}},"123":{"start":{"line":454,"column":4},"end":{"line":505,"column":5}},"124":{"start":{"line":456,"column":23},"end":{"line":456,"column":55}},"125":{"start":{"line":457,"column":35},"end":{"line":461,"column":17}},"126":{"start":{"line":463,"column":27},"end":{"line":470,"column":3}},"127":{"start":{"line":472,"column":25},"end":{"line":486,"column":27}},"128":{"start":{"line":488,"column":21},"end":{"line":500,"column":8}},"129":{"start":{"line":502,"column":6},"end":{"line":502,"column":25}},"130":{"start":{"line":504,"column":6},"end":{"line":504,"column":72}},"131":{"start":{"line":507,"column":4},"end":{"line":507,"column":45}},"132":{"start":{"line":517,"column":6},"end":{"line":521,"column":22}},"133":{"start":{"line":523,"column":19},"end":{"line":523,"column":73}},"134":{"start":{"line":525,"column":4},"end":{"line":527,"column":5}},"135":{"start":{"line":526,"column":6},"end":{"line":526,"column":98}},"136":{"start":{"line":529,"column":4},"end":{"line":531,"column":5}},"137":{"start":{"line":530,"column":6},"end":{"line":530,"column":138}},"138":{"start":{"line":534,"column":28},"end":{"line":534,"column":46}},"139":{"start":{"line":535,"column":32},"end":{"line":535,"column":37}},"140":{"start":{"line":537,"column":4},"end":{"line":546,"column":5}},"141":{"start":{"line":538,"column":6},"end":{"line":538,"column":42}},"142":{"start":{"line":539,"column":6},"end":{"line":539,"column":46}},"143":{"start":{"line":540,"column":11},"end":{"line":546,"column":5}},"144":{"start":{"line":541,"column":6},"end":{"line":541,"column":45}},"145":{"start":{"line":542,"column":6},"end":{"line":542,"column":36}},"146":{"start":{"line":544,"column":6},"end":{"line":544,"column":48}},"147":{"start":{"line":545,"column":6},"end":{"line":545,"column":49}},"148":{"start":{"line":548,"column":4},"end":{"line":548,"column":66}},"149":{"start":{"line":555,"column":21},"end":{"line":555,"column":53}},"150":{"start":{"line":557,"column":28},"end":{"line":564,"column":15}},"151":{"start":{"line":566,"column":4},"end":{"line":568,"column":5}},"152":{"start":{"line":567,"column":6},"end":{"line":567,"column":18}},"153":{"start":{"line":570,"column":4},"end":{"line":570,"column":41}},"154":{"start":{"line":577,"column":19},"end":{"line":577,"column":60}},"155":{"start":{"line":578,"column":4},"end":{"line":578,"column":30}},"156":{"start":{"line":578,"column":17},"end":{"line":578,"column":30}},"157":{"start":{"line":581,"column":22},"end":{"line":581,"column":48}},"158":{"start":{"line":582,"column":25},"end":{"line":582,"column":35}},"159":{"start":{"line":583,"column":4},"end":{"line":583,"column":53}},"160":{"start":{"line":585,"column":4},"end":{"line":585,"column":36}},"161":{"start":{"line":600,"column":21},"end":{"line":600,"column":53}},"162":{"start":{"line":602,"column":4},"end":{"line":604,"column":6}},"163":{"start":{"line":607,"column":47},"end":{"line":612,"column":15}},"164":{"start":{"line":614,"column":4},"end":{"line":616,"column":5}},"165":{"start":{"line":615,"column":6},"end":{"line":615,"column":49}},"166":{"start":{"line":618,"column":4},"end":{"line":620,"column":6}},"167":{"start":{"line":623,"column":4},"end":{"line":626,"column":33}},"168":{"start":{"line":629,"column":30},"end":{"line":633,"column":15}},"169":{"start":{"line":636,"column":4},"end":{"line":643,"column":5}},"170":{"start":{"line":637,"column":6},"end":{"line":640,"column":30}},"171":{"start":{"line":642,"column":6},"end":{"line":642,"column":76}},"172":{"start":{"line":646,"column":24},"end":{"line":646,"column":79}},"173":{"start":{"line":647,"column":18},"end":{"line":647,"column":50}},"174":{"start":{"line":648,"column":24},"end":{"line":648,"column":51}},"175":{"start":{"line":651,"column":26},"end":{"line":653,"column":12}},"176":{"start":{"line":655,"column":45},"end":{"line":663,"column":6}},"177":{"start":{"line":665,"column":4},"end":{"line":667,"column":6}},"178":{"start":{"line":670,"column":20},"end":{"line":672,"column":null}},"179":{"start":{"line":675,"column":4},"end":{"line":675,"column":79}},"180":{"start":{"line":678,"column":4},"end":{"line":684,"column":8}},"181":{"start":{"line":686,"column":4},"end":{"line":686,"column":72}},"182":{"start":{"line":688,"column":4},"end":{"line":695,"column":6}},"183":{"start":{"line":706,"column":21},"end":{"line":706,"column":53}},"184":{"start":{"line":707,"column":4},"end":{"line":709,"column":6}},"185":{"start":{"line":712,"column":47},"end":{"line":717,"column":15}},"186":{"start":{"line":719,"column":4},"end":{"line":721,"column":5}},"187":{"start":{"line":720,"column":6},"end":{"line":720,"column":49}},"188":{"start":{"line":724,"column":4},"end":{"line":727,"column":33}},"189":{"start":{"line":730,"column":4},"end":{"line":735,"column":5}},"190":{"start":{"line":731,"column":6},"end":{"line":734,"column":33}},"191":{"start":{"line":739,"column":43},"end":{"line":747,"column":6}},"192":{"start":{"line":748,"column":26},"end":{"line":748,"column":73}},"193":{"start":{"line":748,"column":58},"end":{"line":748,"column":72}},"194":{"start":{"line":754,"column":45},"end":{"line":764,"column":6}},"195":{"start":{"line":766,"column":4},"end":{"line":768,"column":6}},"196":{"start":{"line":771,"column":20},"end":{"line":773,"column":null}},"197":{"start":{"line":777,"column":4},"end":{"line":782,"column":41}},"198":{"start":{"line":784,"column":4},"end":{"line":788,"column":6}},"199":{"start":{"line":795,"column":17},"end":{"line":795,"column":41}},"200":{"start":{"line":796,"column":17},"end":{"line":796,"column":41}},"201":{"start":{"line":797,"column":4},"end":{"line":797,"column":57}},"202":{"start":{"line":807,"column":4},"end":{"line":825,"column":6}},"203":{"start":{"line":835,"column":4},"end":{"line":885,"column":5}},"204":{"start":{"line":836,"column":23},"end":{"line":836,"column":55}},"205":{"start":{"line":839,"column":36},"end":{"line":853,"column":10}},"206":{"start":{"line":855,"column":6},"end":{"line":862,"column":7}},"207":{"start":{"line":856,"column":8},"end":{"line":859,"column":10}},"208":{"start":{"line":861,"column":8},"end":{"line":861,"column":71}},"209":{"start":{"line":865,"column":23},"end":{"line":874,"column":null}},"210":{"start":{"line":877,"column":6},"end":{"line":881,"column":7}},"211":{"start":{"line":878,"column":8},"end":{"line":878,"column":79}},"212":{"start":{"line":880,"column":8},"end":{"line":880,"column":77}},"213":{"start":{"line":883,"column":6},"end":{"line":883,"column":78}},"214":{"start":{"line":82,"column":13},"end":{"line":82,"column":33}},"215":{"start":{"line":82,"column":13},"end":{"line":887,"column":null}},"216":{"start":{"line":89,"column":29},"end":{"line":89,"column":48}},"217":{"start":{"line":91,"column":29},"end":{"line":91,"column":44}}},"fnMap":{"0":{"name":"(anonymous_4)","decl":{"start":{"line":86,"column":2},"end":{"line":86,"column":null}},"loc":{"start":{"line":93,"column":46},"end":{"line":96,"column":3}}},"1":{"name":"(anonymous_5)","decl":{"start":{"line":102,"column":10},"end":{"line":102,"column":26}},"loc":{"start":{"line":102,"column":26},"end":{"line":119,"column":3}}},"2":{"name":"(anonymous_6)","decl":{"start":{"line":126,"column":2},"end":{"line":126,"column":7}},"loc":{"start":{"line":126,"column":30},"end":{"line":213,"column":3}}},"3":{"name":"(anonymous_7)","decl":{"start":{"line":158,"column":40},"end":{"line":158,"column":41}},"loc":{"start":{"line":158,"column":47},"end":{"line":158,"column":56}}},"4":{"name":"(anonymous_8)","decl":{"start":{"line":218,"column":2},"end":{"line":218,"column":7}},"loc":{"start":{"line":220,"column":18},"end":{"line":306,"column":3}}},"5":{"name":"(anonymous_9)","decl":{"start":{"line":311,"column":10},"end":{"line":311,"column":15}},"loc":{"start":{"line":313,"column":18},"end":{"line":440,"column":3}}},"6":{"name":"(anonymous_10)","decl":{"start":{"line":336,"column":23},"end":{"line":336,"column":24}},"loc":{"start":{"line":336,"column":30},"end":{"line":336,"column":54}}},"7":{"name":"(anonymous_11)","decl":{"start":{"line":341,"column":23},"end":{"line":341,"column":24}},"loc":{"start":{"line":341,"column":35},"end":{"line":341,"column":61}}},"8":{"name":"(anonymous_12)","decl":{"start":{"line":354,"column":25},"end":{"line":354,"column":26}},"loc":{"start":{"line":354,"column":37},"end":{"line":354,"column":67}}},"9":{"name":"(anonymous_13)","decl":{"start":{"line":360,"column":8},"end":{"line":360,"column":9}},"loc":{"start":{"line":360,"column":20},"end":{"line":360,"column":46}}},"10":{"name":"(anonymous_14)","decl":{"start":{"line":364,"column":8},"end":{"line":364,"column":9}},"loc":{"start":{"line":364,"column":20},"end":{"line":364,"column":43}}},"11":{"name":"(anonymous_15)","decl":{"start":{"line":375,"column":39},"end":{"line":375,"column":40}},"loc":{"start":{"line":375,"column":50},"end":{"line":390,"column":7}}},"12":{"name":"(anonymous_16)","decl":{"start":{"line":378,"column":47},"end":{"line":378,"column":48}},"loc":{"start":{"line":378,"column":59},"end":{"line":378,"column":76}}},"13":{"name":"(anonymous_17)","decl":{"start":{"line":380,"column":12},"end":{"line":380,"column":13}},"loc":{"start":{"line":380,"column":24},"end":{"line":380,"column":43}}},"14":{"name":"(anonymous_18)","decl":{"start":{"line":404,"column":34},"end":{"line":404,"column":35}},"loc":{"start":{"line":404,"column":46},"end":{"line":404,"column":66}}},"15":{"name":"(anonymous_19)","decl":{"start":{"line":445,"column":10},"end":{"line":445,"column":15}},"loc":{"start":{"line":447,"column":18},"end":{"line":508,"column":3}}},"16":{"name":"(anonymous_20)","decl":{"start":{"line":513,"column":10},"end":{"line":513,"column":29}},"loc":{"start":{"line":514,"column":33},"end":{"line":549,"column":3}}},"17":{"name":"(anonymous_21)","decl":{"start":{"line":554,"column":2},"end":{"line":554,"column":7}},"loc":{"start":{"line":554,"column":45},"end":{"line":571,"column":3}}},"18":{"name":"(anonymous_22)","decl":{"start":{"line":576,"column":2},"end":{"line":576,"column":7}},"loc":{"start":{"line":576,"column":44},"end":{"line":586,"column":3}}},"19":{"name":"(anonymous_23)","decl":{"start":{"line":596,"column":2},"end":{"line":596,"column":7}},"loc":{"start":{"line":598,"column":27},"end":{"line":696,"column":3}}},"20":{"name":"(anonymous_24)","decl":{"start":{"line":701,"column":2},"end":{"line":701,"column":7}},"loc":{"start":{"line":704,"column":28},"end":{"line":789,"column":3}}},"21":{"name":"(anonymous_25)","decl":{"start":{"line":748,"column":51},"end":{"line":748,"column":52}},"loc":{"start":{"line":748,"column":58},"end":{"line":748,"column":72}}},"22":{"name":"(anonymous_26)","decl":{"start":{"line":794,"column":10},"end":{"line":794,"column":20}},"loc":{"start":{"line":794,"column":36},"end":{"line":798,"column":3}}},"23":{"name":"(anonymous_27)","decl":{"start":{"line":806,"column":10},"end":{"line":806,"column":28}},"loc":{"start":{"line":806,"column":38},"end":{"line":826,"column":3}}},"24":{"name":"(anonymous_28)","decl":{"start":{"line":831,"column":10},"end":{"line":831,"column":15}},"loc":{"start":{"line":833,"column":27},"end":{"line":886,"column":3}}},"25":{"name":"(anonymous_29)","decl":{"start":{"line":89,"column":23},"end":{"line":89,"column":26}},"loc":{"start":{"line":89,"column":29},"end":{"line":89,"column":48}}},"26":{"name":"(anonymous_30)","decl":{"start":{"line":91,"column":23},"end":{"line":91,"column":26}},"loc":{"start":{"line":91,"column":29},"end":{"line":91,"column":44}}}},"branchMap":{"0":{"loc":{"start":{"line":146,"column":6},"end":{"line":149,"column":7}},"type":"if","locations":[{"start":{"line":146,"column":6},"end":{"line":149,"column":7}},{"start":{},"end":{}}]},"1":{"loc":{"start":{"line":158,"column":17},"end":{"line":158,"column":34}},"type":"binary-expr","locations":[{"start":{"line":158,"column":17},"end":{"line":158,"column":28}},{"start":{"line":158,"column":32},"end":{"line":158,"column":34}}]},"2":{"loc":{"start":{"line":161,"column":6},"end":{"line":169,"column":7}},"type":"if","locations":[{"start":{"line":161,"column":6},"end":{"line":169,"column":7}},{"start":{},"end":{}}]},"3":{"loc":{"start":{"line":166,"column":24},"end":{"line":166,"column":34}},"type":"binary-expr","locations":[{"start":{"line":166,"column":24},"end":{"line":166,"column":28}},{"start":{"line":166,"column":32},"end":{"line":166,"column":34}}]},"4":{"loc":{"start":{"line":167,"column":10},"end":{"line":167,"column":78}},"type":"if","locations":[{"start":{"line":167,"column":10},"end":{"line":167,"column":78}},{"start":{},"end":{}}]},"5":{"loc":{"start":{"line":167,"column":15},"end":{"line":167,"column":44}},"type":"binary-expr","locations":[{"start":{"line":167,"column":15},"end":{"line":167,"column":34}},{"start":{"line":167,"column":38},"end":{"line":167,"column":44}}]},"6":{"loc":{"start":{"line":172,"column":25},"end":{"line":172,"column":42}},"type":"binary-expr","locations":[{"start":{"line":172,"column":25},"end":{"line":172,"column":36}},{"start":{"line":172,"column":40},"end":{"line":172,"column":42}}]},"7":{"loc":{"start":{"line":173,"column":8},"end":{"line":175,"column":9}},"type":"if","locations":[{"start":{"line":173,"column":8},"end":{"line":175,"column":9}},{"start":{},"end":{}}]},"8":{"loc":{"start":{"line":184,"column":8},"end":{"line":186,"column":9}},"type":"if","locations":[{"start":{"line":184,"column":8},"end":{"line":186,"column":9}},{"start":{},"end":{}}]},"9":{"loc":{"start":{"line":195,"column":8},"end":{"line":203,"column":9}},"type":"if","locations":[{"start":{"line":195,"column":8},"end":{"line":203,"column":9}},{"start":{},"end":{}}]},"10":{"loc":{"start":{"line":200,"column":10},"end":{"line":202,"column":11}},"type":"if","locations":[{"start":{"line":200,"column":10},"end":{"line":202,"column":11}},{"start":{},"end":{}}]},"11":{"loc":{"start":{"line":240,"column":6},"end":{"line":246,"column":7}},"type":"if","locations":[{"start":{"line":240,"column":6},"end":{"line":246,"column":7}},{"start":{},"end":{}}]},"12":{"loc":{"start":{"line":281,"column":6},"end":{"line":287,"column":7}},"type":"if","locations":[{"start":{"line":281,"column":6},"end":{"line":287,"column":7}},{"start":{},"end":{}}]},"13":{"loc":{"start":{"line":324,"column":31},"end":{"line":324,"column":61}},"type":"binary-expr","locations":[{"start":{"line":324,"column":31},"end":{"line":324,"column":47}},{"start":{"line":324,"column":51},"end":{"line":324,"column":61}}]},"14":{"loc":{"start":{"line":326,"column":41},"end":{"line":326,"column":66}},"type":"binary-expr","locations":[{"start":{"line":326,"column":41},"end":{"line":326,"column":61}},{"start":{"line":326,"column":65},"end":{"line":326,"column":66}}]},"15":{"loc":{"start":{"line":334,"column":33},"end":{"line":334,"column":54}},"type":"binary-expr","locations":[{"start":{"line":334,"column":33},"end":{"line":334,"column":49}},{"start":{"line":334,"column":53},"end":{"line":334,"column":54}}]},"16":{"loc":{"start":{"line":336,"column":6},"end":{"line":336,"column":61}},"type":"binary-expr","locations":[{"start":{"line":336,"column":6},"end":{"line":336,"column":55}},{"start":{"line":336,"column":59},"end":{"line":336,"column":61}}]},"17":{"loc":{"start":{"line":341,"column":6},"end":{"line":341,"column":70}},"type":"binary-expr","locations":[{"start":{"line":341,"column":6},"end":{"line":341,"column":65}},{"start":{"line":341,"column":69},"end":{"line":341,"column":70}}]},"18":{"loc":{"start":{"line":341,"column":42},"end":{"line":341,"column":60}},"type":"binary-expr","locations":[{"start":{"line":341,"column":42},"end":{"line":341,"column":55}},{"start":{"line":341,"column":59},"end":{"line":341,"column":60}}]},"19":{"loc":{"start":{"line":354,"column":6},"end":{"line":354,"column":76}},"type":"binary-expr","locations":[{"start":{"line":354,"column":6},"end":{"line":354,"column":71}},{"start":{"line":354,"column":75},"end":{"line":354,"column":76}}]},"20":{"loc":{"start":{"line":354,"column":44},"end":{"line":354,"column":59}},"type":"binary-expr","locations":[{"start":{"line":354,"column":44},"end":{"line":354,"column":54}},{"start":{"line":354,"column":58},"end":{"line":354,"column":59}}]},"21":{"loc":{"start":{"line":358,"column":4},"end":{"line":370,"column":5}},"type":"if","locations":[{"start":{"line":358,"column":4},"end":{"line":370,"column":5}},{"start":{},"end":{}}]},"22":{"loc":{"start":{"line":358,"column":8},"end":{"line":358,"column":43}},"type":"binary-expr","locations":[{"start":{"line":358,"column":8},"end":{"line":358,"column":18}},{"start":{"line":358,"column":22},"end":{"line":358,"column":43}}]},"23":{"loc":{"start":{"line":360,"column":27},"end":{"line":360,"column":45}},"type":"binary-expr","locations":[{"start":{"line":360,"column":27},"end":{"line":360,"column":40}},{"start":{"line":360,"column":44},"end":{"line":360,"column":45}}]},"24":{"loc":{"start":{"line":364,"column":27},"end":{"line":364,"column":42}},"type":"binary-expr","locations":[{"start":{"line":364,"column":27},"end":{"line":364,"column":37}},{"start":{"line":364,"column":41},"end":{"line":364,"column":42}}]},"25":{"loc":{"start":{"line":367,"column":6},"end":{"line":369,"column":7}},"type":"if","locations":[{"start":{"line":367,"column":6},"end":{"line":369,"column":7}},{"start":{},"end":{}}]},"26":{"loc":{"start":{"line":374,"column":4},"end":{"line":392,"column":5}},"type":"if","locations":[{"start":{"line":374,"column":4},"end":{"line":392,"column":5}},{"start":{},"end":{}}]},"27":{"loc":{"start":{"line":374,"column":8},"end":{"line":374,"column":39}},"type":"binary-expr","locations":[{"start":{"line":374,"column":8},"end":{"line":374,"column":16}},{"start":{"line":374,"column":20},"end":{"line":374,"column":39}}]},"28":{"loc":{"start":{"line":376,"column":8},"end":{"line":388,"column":9}},"type":"if","locations":[{"start":{"line":376,"column":8},"end":{"line":388,"column":9}},{"start":{},"end":{}}]},"29":{"loc":{"start":{"line":376,"column":12},"end":{"line":376,"column":69}},"type":"binary-expr","locations":[{"start":{"line":376,"column":12},"end":{"line":376,"column":31}},{"start":{"line":376,"column":35},"end":{"line":376,"column":69}}]},"30":{"loc":{"start":{"line":382,"column":26},"end":{"line":382,"column":65}},"type":"binary-expr","locations":[{"start":{"line":382,"column":26},"end":{"line":382,"column":39}},{"start":{"line":382,"column":43},"end":{"line":382,"column":65}}]},"31":{"loc":{"start":{"line":385,"column":10},"end":{"line":387,"column":11}},"type":"if","locations":[{"start":{"line":385,"column":10},"end":{"line":387,"column":11}},{"start":{},"end":{}}]},"32":{"loc":{"start":{"line":403,"column":6},"end":{"line":406,"column":11}},"type":"cond-expr","locations":[{"start":{"line":404,"column":10},"end":{"line":405,"column":33}},{"start":{"line":406,"column":10},"end":{"line":406,"column":11}}]},"33":{"loc":{"start":{"line":403,"column":6},"end":{"line":403,"column":53}},"type":"binary-expr","locations":[{"start":{"line":403,"column":6},"end":{"line":403,"column":22}},{"start":{"line":403,"column":26},"end":{"line":403,"column":53}}]},"34":{"loc":{"start":{"line":404,"column":53},"end":{"line":404,"column":65}},"type":"binary-expr","locations":[{"start":{"line":404,"column":53},"end":{"line":404,"column":60}},{"start":{"line":404,"column":64},"end":{"line":404,"column":65}}]},"35":{"loc":{"start":{"line":410,"column":6},"end":{"line":412,"column":11}},"type":"cond-expr","locations":[{"start":{"line":411,"column":10},"end":{"line":411,"column":70}},{"start":{"line":412,"column":10},"end":{"line":412,"column":11}}]},"36":{"loc":{"start":{"line":415,"column":6},"end":{"line":417,"column":11}},"type":"cond-expr","locations":[{"start":{"line":416,"column":10},"end":{"line":416,"column":64}},{"start":{"line":417,"column":10},"end":{"line":417,"column":11}}]},"37":{"loc":{"start":{"line":415,"column":6},"end":{"line":415,"column":49}},"type":"binary-expr","locations":[{"start":{"line":415,"column":6},"end":{"line":415,"column":27}},{"start":{"line":415,"column":31},"end":{"line":415,"column":49}}]},"38":{"loc":{"start":{"line":420,"column":6},"end":{"line":422,"column":11}},"type":"cond-expr","locations":[{"start":{"line":421,"column":10},"end":{"line":421,"column":75}},{"start":{"line":422,"column":10},"end":{"line":422,"column":11}}]},"39":{"loc":{"start":{"line":438,"column":25},"end":{"line":438,"column":54}},"type":"binary-expr","locations":[{"start":{"line":438,"column":25},"end":{"line":438,"column":49}},{"start":{"line":438,"column":53},"end":{"line":438,"column":54}}]},"40":{"loc":{"start":{"line":450,"column":4},"end":{"line":452,"column":5}},"type":"if","locations":[{"start":{"line":450,"column":4},"end":{"line":452,"column":5}},{"start":{},"end":{}}]},"41":{"loc":{"start":{"line":478,"column":21},"end":{"line":478,"column":45}},"type":"binary-expr","locations":[{"start":{"line":478,"column":21},"end":{"line":478,"column":37}},{"start":{"line":478,"column":41},"end":{"line":478,"column":45}}]},"42":{"loc":{"start":{"line":479,"column":9},"end":{"line":479,"column":40}},"type":"binary-expr","locations":[{"start":{"line":479,"column":9},"end":{"line":479,"column":26}},{"start":{"line":479,"column":30},"end":{"line":479,"column":40}}]},"43":{"loc":{"start":{"line":517,"column":6},"end":{"line":521,"column":22}},"type":"cond-expr","locations":[{"start":{"line":518,"column":10},"end":{"line":518,"column":21}},{"start":{"line":519,"column":10},"end":{"line":521,"column":22}}]},"44":{"loc":{"start":{"line":519,"column":10},"end":{"line":521,"column":22}},"type":"cond-expr","locations":[{"start":{"line":520,"column":12},"end":{"line":520,"column":17}},{"start":{"line":521,"column":12},"end":{"line":521,"column":22}}]},"45":{"loc":{"start":{"line":525,"column":4},"end":{"line":527,"column":5}},"type":"if","locations":[{"start":{"line":525,"column":4},"end":{"line":527,"column":5}},{"start":{},"end":{}}]},"46":{"loc":{"start":{"line":529,"column":4},"end":{"line":531,"column":5}},"type":"if","locations":[{"start":{"line":529,"column":4},"end":{"line":531,"column":5}},{"start":{},"end":{}}]},"47":{"loc":{"start":{"line":537,"column":4},"end":{"line":546,"column":5}},"type":"if","locations":[{"start":{"line":537,"column":4},"end":{"line":546,"column":5}},{"start":{"line":540,"column":11},"end":{"line":546,"column":5}}]},"48":{"loc":{"start":{"line":537,"column":8},"end":{"line":537,"column":68}},"type":"binary-expr","locations":[{"start":{"line":537,"column":8},"end":{"line":537,"column":36}},{"start":{"line":537,"column":40},"end":{"line":537,"column":68}}]},"49":{"loc":{"start":{"line":540,"column":11},"end":{"line":546,"column":5}},"type":"if","locations":[{"start":{"line":540,"column":11},"end":{"line":546,"column":5}},{"start":{"line":543,"column":11},"end":{"line":546,"column":5}}]},"50":{"loc":{"start":{"line":566,"column":4},"end":{"line":568,"column":5}},"type":"if","locations":[{"start":{"line":566,"column":4},"end":{"line":568,"column":5}},{"start":{},"end":{}}]},"51":{"loc":{"start":{"line":566,"column":8},"end":{"line":566,"column":22}},"type":"binary-expr","locations":[{"start":{"line":566,"column":8},"end":{"line":566,"column":13}},{"start":{"line":566,"column":17},"end":{"line":566,"column":22}}]},"52":{"loc":{"start":{"line":578,"column":4},"end":{"line":578,"column":30}},"type":"if","locations":[{"start":{"line":578,"column":4},"end":{"line":578,"column":30}},{"start":{},"end":{}}]},"53":{"loc":{"start":{"line":614,"column":4},"end":{"line":616,"column":5}},"type":"if","locations":[{"start":{"line":614,"column":4},"end":{"line":616,"column":5}},{"start":{},"end":{}}]},"54":{"loc":{"start":{"line":614,"column":8},"end":{"line":614,"column":28}},"type":"binary-expr","locations":[{"start":{"line":614,"column":8},"end":{"line":614,"column":18}},{"start":{"line":614,"column":22},"end":{"line":614,"column":28}}]},"55":{"loc":{"start":{"line":636,"column":4},"end":{"line":643,"column":5}},"type":"if","locations":[{"start":{"line":636,"column":4},"end":{"line":643,"column":5}},{"start":{},"end":{}}]},"56":{"loc":{"start":{"line":646,"column":24},"end":{"line":646,"column":79}},"type":"binary-expr","locations":[{"start":{"line":646,"column":24},"end":{"line":646,"column":54}},{"start":{"line":646,"column":58},"end":{"line":646,"column":71}},{"start":{"line":646,"column":75},"end":{"line":646,"column":79}}]},"57":{"loc":{"start":{"line":647,"column":18},"end":{"line":647,"column":50}},"type":"binary-expr","locations":[{"start":{"line":647,"column":18},"end":{"line":647,"column":32}},{"start":{"line":647,"column":36},"end":{"line":647,"column":50}}]},"58":{"loc":{"start":{"line":648,"column":24},"end":{"line":648,"column":51}},"type":"binary-expr","locations":[{"start":{"line":648,"column":24},"end":{"line":648,"column":46}},{"start":{"line":648,"column":50},"end":{"line":648,"column":51}}]},"59":{"loc":{"start":{"line":651,"column":26},"end":{"line":653,"column":12}},"type":"cond-expr","locations":[{"start":{"line":652,"column":8},"end":{"line":652,"column":35}},{"start":{"line":653,"column":8},"end":{"line":653,"column":12}}]},"60":{"loc":{"start":{"line":719,"column":4},"end":{"line":721,"column":5}},"type":"if","locations":[{"start":{"line":719,"column":4},"end":{"line":721,"column":5}},{"start":{},"end":{}}]},"61":{"loc":{"start":{"line":719,"column":8},"end":{"line":719,"column":28}},"type":"binary-expr","locations":[{"start":{"line":719,"column":8},"end":{"line":719,"column":18}},{"start":{"line":719,"column":22},"end":{"line":719,"column":28}}]},"62":{"loc":{"start":{"line":730,"column":4},"end":{"line":735,"column":5}},"type":"if","locations":[{"start":{"line":730,"column":4},"end":{"line":735,"column":5}},{"start":{},"end":{}}]},"63":{"loc":{"start":{"line":748,"column":58},"end":{"line":748,"column":72}},"type":"binary-expr","locations":[{"start":{"line":748,"column":58},"end":{"line":748,"column":67}},{"start":{"line":748,"column":71},"end":{"line":748,"column":72}}]},"64":{"loc":{"start":{"line":855,"column":6},"end":{"line":862,"column":7}},"type":"if","locations":[{"start":{"line":855,"column":6},"end":{"line":862,"column":7}},{"start":{"line":860,"column":13},"end":{"line":862,"column":7}}]},"65":{"loc":{"start":{"line":877,"column":6},"end":{"line":881,"column":7}},"type":"if","locations":[{"start":{"line":877,"column":6},"end":{"line":881,"column":7}},{"start":{"line":879,"column":13},"end":{"line":881,"column":7}}]}},"s":{"0":0,"1":0,"2":0,"3":0,"4":0,"5":0,"6":0,"7":0,"8":0,"9":0,"10":0,"11":0,"12":0,"13":0,"14":0,"15":0,"16":0,"17":0,"18":0,"19":0,"20":0,"21":0,"22":0,"23":0,"24":0,"25":0,"26":0,"27":0,"28":0,"29":0,"30":0,"31":0,"32":0,"33":0,"34":0,"35":0,"36":0,"37":0,"38":0,"39":0,"40":0,"41":0,"42":0,"43":0,"44":0,"45":0,"46":0,"47":0,"48":0,"49":0,"50":0,"51":0,"52":0,"53":0,"54":0,"55":0,"56":0,"57":0,"58":0,"59":0,"60":0,"61":0,"62":0,"63":0,"64":0,"65":0,"66":0,"67":0,"68":0,"69":0,"70":0,"71":0,"72":0,"73":0,"74":0,"75":0,"76":0,"77":0,"78":0,"79":0,"80":0,"81":0,"82":0,"83":0,"84":0,"85":0,"86":0,"87":0,"88":0,"89":0,"90":0,"91":0,"92":0,"93":0,"94":0,"95":0,"96":0,"97":0,"98":0,"99":0,"100":0,"101":0,"102":0,"103":0,"104":0,"105":0,"106":0,"107":0,"108":0,"109":0,"110":0,"111":0,"112":0,"113":0,"114":0,"115":0,"116":0,"117":0,"118":0,"119":0,"120":0,"121":0,"122":0,"123":0,"124":0,"125":0,"126":0,"127":0,"128":0,"129":0,"130":0,"131":0,"132":0,"133":0,"134":0,"135":0,"136":0,"137":0,"138":0,"139":0,"140":0,"141":0,"142":0,"143":0,"144":0,"145":0,"146":0,"147":0,"148":0,"149":0,"150":0,"151":0,"152":0,"153":0,"154":0,"155":0,"156":0,"157":0,"158":0,"159":0,"160":0,"161":0,"162":0,"163":0,"164":0,"165":0,"166":0,"167":0,"168":0,"169":0,"170":0,"171":0,"172":0,"173":0,"174":0,"175":0,"176":0,"177":0,"178":0,"179":0,"180":0,"181":0,"182":0,"183":0,"184":0,"185":0,"186":0,"187":0,"188":0,"189":0,"190":0,"191":0,"192":0,"193":0,"194":0,"195":0,"196":0,"197":0,"198":0,"199":0,"200":0,"201":0,"202":0,"203":0,"204":0,"205":0,"206":0,"207":0,"208":0,"209":0,"210":0,"211":0,"212":0,"213":0,"214":0,"215":0,"216":0,"217":0},"f":{"0":0,"1":0,"2":0,"3":0,"4":0,"5":0,"6":0,"7":0,"8":0,"9":0,"10":0,"11":0,"12":0,"13":0,"14":0,"15":0,"16":0,"17":0,"18":0,"19":0,"20":0,"21":0,"22":0,"23":0,"24":0,"25":0,"26":0},"b":{"0":[0,0],"1":[0,0],"2":[0,0],"3":[0,0],"4":[0,0],"5":[0,0],"6":[0,0],"7":[0,0],"8":[0,0],"9":[0,0],"10":[0,0],"11":[0,0],"12":[0,0],"13":[0,0],"14":[0,0],"15":[0,0],"16":[0,0],"17":[0,0],"18":[0,0],"19":[0,0],"20":[0,0],"21":[0,0],"22":[0,0],"23":[0,0],"24":[0,0],"25":[0,0],"26":[0,0],"27":[0,0],"28":[0,0],"29":[0,0],"30":[0,0],"31":[0,0],"32":[0,0],"33":[0,0],"34":[0,0],"35":[0,0],"36":[0,0],"37":[0,0],"38":[0,0],"39":[0,0],"40":[0,0],"41":[0,0],"42":[0,0],"43":[0,0],"44":[0,0],"45":[0,0],"46":[0,0],"47":[0,0],"48":[0,0],"49":[0,0],"50":[0,0],"51":[0,0],"52":[0,0],"53":[0,0],"54":[0,0],"55":[0,0],"56":[0,0,0],"57":[0,0],"58":[0,0],"59":[0,0],"60":[0,0],"61":[0,0],"62":[0,0],"63":[0,0],"64":[0,0],"65":[0,0]}}
,"C:\\RunEasyV2\\runeasyv2\\backend\\src\\modules\\training\\training-ai.service.ts": {"path":"C:\\RunEasyV2\\runeasyv2\\backend\\src\\modules\\training\\training-ai.service.ts","statementMap":{"0":{"start":{"line":1,"column":0},"end":{"line":1,"column":52}},"1":{"start":{"line":2,"column":0},"end":{"line":2,"column":63}},"2":{"start":{"line":3,"column":0},"end":{"line":3,"column":null}},"3":{"start":{"line":7,"column":0},"end":{"line":7,"column":null}},"4":{"start":{"line":20,"column":0},"end":{"line":20,"column":60}},"5":{"start":{"line":227,"column":30},"end":{"line":1553,"column":null}},"6":{"start":{"line":231,"column":12},"end":{"line":231,"column":22}},"7":{"start":{"line":232,"column":12},"end":{"line":232,"column":28}},"8":{"start":{"line":233,"column":12},"end":{"line":233,"column":27}},"9":{"start":{"line":228,"column":19},"end":{"line":228,"column":63}},"10":{"start":{"line":237,"column":19},"end":{"line":243,"column":4}},"11":{"start":{"line":245,"column":19},"end":{"line":249,"column":4}},"12":{"start":{"line":251,"column":19},"end":{"line":257,"column":4}},"13":{"start":{"line":259,"column":19},"end":{"line":263,"column":4}},"14":{"start":{"line":267,"column":19},"end":{"line":275,"column":4}},"15":{"start":{"line":285,"column":4},"end":{"line":285,"column":64}},"16":{"start":{"line":285,"column":54},"end":{"line":285,"column":64}},"17":{"start":{"line":286,"column":19},"end":{"line":288,"column":28}},"18":{"start":{"line":287,"column":21},"end":{"line":287,"column":37}},"19":{"start":{"line":288,"column":22},"end":{"line":288,"column":27}},"20":{"start":{"line":289,"column":18},"end":{"line":289,"column":74}},"21":{"start":{"line":289,"column":36},"end":{"line":289,"column":62}},"22":{"start":{"line":290,"column":4},"end":{"line":290,"column":151}},"23":{"start":{"line":298,"column":4},"end":{"line":300,"column":5}},"24":{"start":{"line":299,"column":6},"end":{"line":299,"column":18}},"25":{"start":{"line":301,"column":4},"end":{"line":306,"column":5}},"26":{"start":{"line":302,"column":6},"end":{"line":304,"column":8}},"27":{"start":{"line":305,"column":6},"end":{"line":305,"column":17}},"28":{"start":{"line":307,"column":4},"end":{"line":312,"column":5}},"29":{"start":{"line":308,"column":6},"end":{"line":310,"column":8}},"30":{"start":{"line":311,"column":6},"end":{"line":311,"column":17}},"31":{"start":{"line":313,"column":4},"end":{"line":313,"column":16}},"32":{"start":{"line":331,"column":27},"end":{"line":331,"column":65}},"33":{"start":{"line":332,"column":29},"end":{"line":332,"column":53}},"34":{"start":{"line":334,"column":4},"end":{"line":350,"column":5}},"35":{"start":{"line":341,"column":26},"end":{"line":341,"column":64}},"36":{"start":{"line":342,"column":19},"end":{"line":344,"column":null}},"37":{"start":{"line":346,"column":6},"end":{"line":348,"column":8}},"38":{"start":{"line":349,"column":6},"end":{"line":349,"column":18}},"39":{"start":{"line":352,"column":17},"end":{"line":352,"column":51}},"40":{"start":{"line":353,"column":4},"end":{"line":359,"column":5}},"41":{"start":{"line":354,"column":19},"end":{"line":354,"column":67}},"42":{"start":{"line":355,"column":6},"end":{"line":357,"column":8}},"43":{"start":{"line":358,"column":6},"end":{"line":358,"column":18}},"44":{"start":{"line":361,"column":17},"end":{"line":361,"column":54}},"45":{"start":{"line":362,"column":4},"end":{"line":362,"column":80}},"46":{"start":{"line":363,"column":4},"end":{"line":363,"column":16}},"47":{"start":{"line":374,"column":19},"end":{"line":374,"column":40}},"48":{"start":{"line":375,"column":4},"end":{"line":387,"column":5}},"49":{"start":{"line":376,"column":6},"end":{"line":386,"column":7}},"50":{"start":{"line":377,"column":8},"end":{"line":379,"column":10}},"51":{"start":{"line":380,"column":8},"end":{"line":380,"column":23}},"52":{"start":{"line":381,"column":13},"end":{"line":386,"column":7}},"53":{"start":{"line":382,"column":8},"end":{"line":384,"column":10}},"54":{"start":{"line":385,"column":8},"end":{"line":385,"column":23}},"55":{"start":{"line":389,"column":25},"end":{"line":435,"column":37}},"56":{"start":{"line":437,"column":23},"end":{"line":462,"column":29}},"57":{"start":{"line":464,"column":4},"end":{"line":487,"column":5}},"58":{"start":{"line":465,"column":6},"end":{"line":465,"column":64}},"59":{"start":{"line":467,"column":21},"end":{"line":478,"column":8}},"60":{"start":{"line":480,"column":6},"end":{"line":482,"column":8}},"61":{"start":{"line":483,"column":6},"end":{"line":483,"column":25}},"62":{"start":{"line":485,"column":6},"end":{"line":485,"column":78}},"63":{"start":{"line":486,"column":6},"end":{"line":486,"column":18}},"64":{"start":{"line":498,"column":25},"end":{"line":536,"column":74}},"65":{"start":{"line":538,"column":23},"end":{"line":558,"column":77}},"66":{"start":{"line":560,"column":4},"end":{"line":588,"column":5}},"67":{"start":{"line":561,"column":6},"end":{"line":563,"column":8}},"68":{"start":{"line":565,"column":21},"end":{"line":576,"column":8}},"69":{"start":{"line":578,"column":6},"end":{"line":580,"column":8}},"70":{"start":{"line":581,"column":6},"end":{"line":581,"column":25}},"71":{"start":{"line":583,"column":6},"end":{"line":586,"column":8}},"72":{"start":{"line":587,"column":6},"end":{"line":587,"column":18}},"73":{"start":{"line":600,"column":18},"end":{"line":600,"column":69}},"74":{"start":{"line":601,"column":17},"end":{"line":601,"column":43}},"75":{"start":{"line":602,"column":22},"end":{"line":602,"column":60}},"76":{"start":{"line":603,"column":18},"end":{"line":603,"column":58}},"77":{"start":{"line":604,"column":17},"end":{"line":604,"column":47}},"78":{"start":{"line":605,"column":4},"end":{"line":605,"column":40}},"79":{"start":{"line":611,"column":6},"end":{"line":611,"column":56}},"80":{"start":{"line":612,"column":21},"end":{"line":612,"column":75}},"81":{"start":{"line":613,"column":41},"end":{"line":615,"column":null}},"82":{"start":{"line":617,"column":23},"end":{"line":617,"column":31}},"83":{"start":{"line":618,"column":22},"end":{"line":618,"column":38}},"84":{"start":{"line":619,"column":23},"end":{"line":619,"column":46}},"85":{"start":{"line":621,"column":4},"end":{"line":638,"column":164}},"86":{"start":{"line":645,"column":19},"end":{"line":645,"column":40}},"87":{"start":{"line":646,"column":4},"end":{"line":658,"column":5}},"88":{"start":{"line":647,"column":6},"end":{"line":657,"column":7}},"89":{"start":{"line":648,"column":8},"end":{"line":650,"column":10}},"90":{"start":{"line":651,"column":8},"end":{"line":651,"column":23}},"91":{"start":{"line":652,"column":13},"end":{"line":657,"column":7}},"92":{"start":{"line":653,"column":8},"end":{"line":655,"column":10}},"93":{"start":{"line":656,"column":8},"end":{"line":656,"column":23}},"94":{"start":{"line":662,"column":17},"end":{"line":662,"column":52}},"95":{"start":{"line":663,"column":18},"end":{"line":663,"column":60}},"96":{"start":{"line":664,"column":27},"end":{"line":664,"column":65}},"97":{"start":{"line":672,"column":41},"end":{"line":672,"column":76}},"98":{"start":{"line":676,"column":4},"end":{"line":681,"column":5}},"99":{"start":{"line":677,"column":6},"end":{"line":679,"column":8}},"100":{"start":{"line":680,"column":6},"end":{"line":680,"column":55}},"101":{"start":{"line":683,"column":21},"end":{"line":689,"column":6}},"102":{"start":{"line":690,"column":37},"end":{"line":700,"column":6}},"103":{"start":{"line":701,"column":4},"end":{"line":705,"column":6}},"104":{"start":{"line":706,"column":24},"end":{"line":706,"column":56}},"105":{"start":{"line":708,"column":25},"end":{"line":838,"column":93}},"106":{"start":{"line":840,"column":23},"end":{"line":884,"column":77}},"107":{"start":{"line":886,"column":4},"end":{"line":936,"column":5}},"108":{"start":{"line":887,"column":6},"end":{"line":889,"column":8}},"109":{"start":{"line":891,"column":21},"end":{"line":910,"column":8}},"110":{"start":{"line":912,"column":6},"end":{"line":914,"column":8}},"111":{"start":{"line":920,"column":6},"end":{"line":920,"column":59}},"112":{"start":{"line":926,"column":6},"end":{"line":926,"column":54}},"113":{"start":{"line":930,"column":6},"end":{"line":930,"column":40}},"114":{"start":{"line":932,"column":6},"end":{"line":932,"column":25}},"115":{"start":{"line":934,"column":6},"end":{"line":934,"column":78}},"116":{"start":{"line":935,"column":6},"end":{"line":935,"column":18}},"117":{"start":{"line":946,"column":19},"end":{"line":946,"column":69}},"118":{"start":{"line":947,"column":22},"end":{"line":955,"column":5}},"119":{"start":{"line":951,"column":6},"end":{"line":951,"column":56}},"120":{"start":{"line":951,"column":49},"end":{"line":951,"column":56}},"121":{"start":{"line":952,"column":20},"end":{"line":952,"column":61}},"122":{"start":{"line":953,"column":6},"end":{"line":953,"column":34}},"123":{"start":{"line":954,"column":6},"end":{"line":954,"column":34}},"124":{"start":{"line":957,"column":4},"end":{"line":968,"column":5}},"125":{"start":{"line":958,"column":6},"end":{"line":967,"column":7}},"126":{"start":{"line":959,"column":8},"end":{"line":966,"column":9}},"127":{"start":{"line":960,"column":10},"end":{"line":965,"column":11}},"128":{"start":{"line":961,"column":12},"end":{"line":961,"column":60}},"129":{"start":{"line":962,"column":12},"end":{"line":962,"column":68}},"130":{"start":{"line":964,"column":12},"end":{"line":964,"column":37}},"131":{"start":{"line":974,"column":4},"end":{"line":974,"column":35}},"132":{"start":{"line":979,"column":4},"end":{"line":984,"column":7}},"133":{"start":{"line":996,"column":19},"end":{"line":1001,"column":6}},"134":{"start":{"line":1002,"column":21},"end":{"line":1007,"column":6}},"135":{"start":{"line":1009,"column":6},"end":{"line":1014,"column":71}},"136":{"start":{"line":1015,"column":4},"end":{"line":1015,"column":40}},"137":{"start":{"line":1028,"column":41},"end":{"line":1028,"column":74}},"138":{"start":{"line":1029,"column":4},"end":{"line":1041,"column":5}},"139":{"start":{"line":1030,"column":6},"end":{"line":1040,"column":8}},"140":{"start":{"line":1042,"column":14},"end":{"line":1047,"column":6}},"141":{"start":{"line":1048,"column":4},"end":{"line":1054,"column":6}},"142":{"start":{"line":1074,"column":41},"end":{"line":1074,"column":74}},"143":{"start":{"line":1075,"column":20},"end":{"line":1075,"column":54}},"144":{"start":{"line":1076,"column":43},"end":{"line":1082,"column":6}},"145":{"start":{"line":1084,"column":22},"end":{"line":1099,"column":6}},"146":{"start":{"line":1102,"column":4},"end":{"line":1135,"column":5}},"147":{"start":{"line":1103,"column":17},"end":{"line":1108,"column":8}},"148":{"start":{"line":1109,"column":18},"end":{"line":1109,"column":36}},"149":{"start":{"line":1110,"column":41},"end":{"line":1114,"column":8}},"150":{"start":{"line":1115,"column":6},"end":{"line":1134,"column":8}},"151":{"start":{"line":1138,"column":21},"end":{"line":1144,"column":6}},"152":{"start":{"line":1145,"column":18},"end":{"line":1145,"column":29}},"153":{"start":{"line":1149,"column":30},"end":{"line":1149,"column":47}},"154":{"start":{"line":1150,"column":17},"end":{"line":1150,"column":81}},"155":{"start":{"line":1151,"column":31},"end":{"line":1151,"column":75}},"156":{"start":{"line":1153,"column":17},"end":{"line":1155,"column":null}},"157":{"start":{"line":1157,"column":18},"end":{"line":1157,"column":74}},"158":{"start":{"line":1160,"column":23},"end":{"line":1160,"column":50}},"159":{"start":{"line":1162,"column":4},"end":{"line":1176,"column":6}},"160":{"start":{"line":1181,"column":4},"end":{"line":1200,"column":18}},"161":{"start":{"line":1183,"column":20},"end":{"line":1189,"column":18}},"162":{"start":{"line":1190,"column":22},"end":{"line":1197,"column":21}},"163":{"start":{"line":1192,"column":25},"end":{"line":1192,"column":68}},"164":{"start":{"line":1194,"column":14},"end":{"line":1194,"column":75}},"165":{"start":{"line":1195,"column":12},"end":{"line":1195,"column":52}},"166":{"start":{"line":1198,"column":8},"end":{"line":1198,"column":87}},"167":{"start":{"line":1214,"column":19},"end":{"line":1214,"column":50}},"168":{"start":{"line":1215,"column":4},"end":{"line":1215,"column":58}},"169":{"start":{"line":1215,"column":30},"end":{"line":1215,"column":58}},"170":{"start":{"line":1216,"column":20},"end":{"line":1223,"column":6}},"171":{"start":{"line":1224,"column":18},"end":{"line":1224,"column":49}},"172":{"start":{"line":1225,"column":22},"end":{"line":1230,"column":6}},"173":{"start":{"line":1225,"column":54},"end":{"line":1230,"column":6}},"174":{"start":{"line":1232,"column":4},"end":{"line":1349,"column":5}},"175":{"start":{"line":1232,"column":18},"end":{"line":1232,"column":19}},"176":{"start":{"line":1233,"column":19},"end":{"line":1233,"column":33}},"177":{"start":{"line":1234,"column":17},"end":{"line":1234,"column":61}},"178":{"start":{"line":1235,"column":23},"end":{"line":1235,"column":43}},"179":{"start":{"line":1236,"column":6},"end":{"line":1236,"column":49}},"180":{"start":{"line":1236,"column":40},"end":{"line":1236,"column":49}},"181":{"start":{"line":1246,"column":20},"end":{"line":1246,"column":31}},"182":{"start":{"line":1247,"column":23},"end":{"line":1247,"column":50}},"183":{"start":{"line":1247,"column":41},"end":{"line":1247,"column":49}},"184":{"start":{"line":1248,"column":26},"end":{"line":1248,"column":56}},"185":{"start":{"line":1248,"column":44},"end":{"line":1248,"column":55}},"186":{"start":{"line":1249,"column":24},"end":{"line":1249,"column":34}},"187":{"start":{"line":1251,"column":19},"end":{"line":1251,"column":62}},"188":{"start":{"line":1251,"column":40},"end":{"line":1251,"column":61}},"189":{"start":{"line":1252,"column":6},"end":{"line":1257,"column":7}},"190":{"start":{"line":1255,"column":8},"end":{"line":1255,"column":47}},"191":{"start":{"line":1256,"column":8},"end":{"line":1256,"column":45}},"192":{"start":{"line":1256,"column":20},"end":{"line":1256,"column":45}},"193":{"start":{"line":1258,"column":24},"end":{"line":1260,"column":19}},"194":{"start":{"line":1259,"column":31},"end":{"line":1259,"column":66}},"195":{"start":{"line":1261,"column":21},"end":{"line":1261,"column":76}},"196":{"start":{"line":1261,"column":44},"end":{"line":1261,"column":75}},"197":{"start":{"line":1263,"column":23},"end":{"line":1263,"column":80}},"198":{"start":{"line":1265,"column":8},"end":{"line":1265,"column":61}},"199":{"start":{"line":1266,"column":21},"end":{"line":1266,"column":68}},"200":{"start":{"line":1270,"column":8},"end":{"line":1272,"column":13}},"201":{"start":{"line":1279,"column":11},"end":{"line":1279,"column":13}},"202":{"start":{"line":1280,"column":29},"end":{"line":1280,"column":60}},"203":{"start":{"line":1281,"column":6},"end":{"line":1286,"column":9}},"204":{"start":{"line":1287,"column":6},"end":{"line":1298,"column":7}},"205":{"start":{"line":1288,"column":8},"end":{"line":1297,"column":11}},"206":{"start":{"line":1299,"column":6},"end":{"line":1307,"column":7}},"207":{"start":{"line":1300,"column":18},"end":{"line":1300,"column":36}},"208":{"start":{"line":1301,"column":8},"end":{"line":1306,"column":11}},"209":{"start":{"line":1311,"column":22},"end":{"line":1311,"column":77}},"210":{"start":{"line":1311,"column":47},"end":{"line":1311,"column":61}},"211":{"start":{"line":1312,"column":6},"end":{"line":1326,"column":7}},"212":{"start":{"line":1313,"column":8},"end":{"line":1325,"column":9}},"213":{"start":{"line":1314,"column":10},"end":{"line":1314,"column":60}},"214":{"start":{"line":1314,"column":54},"end":{"line":1314,"column":60}},"215":{"start":{"line":1315,"column":10},"end":{"line":1315,"column":34}},"216":{"start":{"line":1315,"column":25},"end":{"line":1315,"column":34}},"217":{"start":{"line":1316,"column":28},"end":{"line":1316,"column":46}},"218":{"start":{"line":1317,"column":10},"end":{"line":1317,"column":39}},"219":{"start":{"line":1317,"column":30},"end":{"line":1317,"column":39}},"220":{"start":{"line":1318,"column":22},"end":{"line":1318,"column":52}},"221":{"start":{"line":1319,"column":10},"end":{"line":1323,"column":12}},"222":{"start":{"line":1324,"column":10},"end":{"line":1324,"column":27}},"223":{"start":{"line":1334,"column":25},"end":{"line":1334,"column":68}},"224":{"start":{"line":1334,"column":50},"end":{"line":1334,"column":64}},"225":{"start":{"line":1335,"column":19},"end":{"line":1335,"column":50}},"226":{"start":{"line":1336,"column":6},"end":{"line":1348,"column":7}},"227":{"start":{"line":1337,"column":8},"end":{"line":1340,"column":10}},"228":{"start":{"line":1341,"column":13},"end":{"line":1348,"column":7}},"229":{"start":{"line":1342,"column":8},"end":{"line":1347,"column":10}},"230":{"start":{"line":1361,"column":17},"end":{"line":1361,"column":39}},"231":{"start":{"line":1362,"column":22},"end":{"line":1362,"column":64}},"232":{"start":{"line":1362,"column":44},"end":{"line":1362,"column":63}},"233":{"start":{"line":1364,"column":4},"end":{"line":1369,"column":5}},"234":{"start":{"line":1366,"column":6},"end":{"line":1366,"column":47}},"235":{"start":{"line":1367,"column":6},"end":{"line":1367,"column":46}},"236":{"start":{"line":1368,"column":6},"end":{"line":1368,"column":22}},"237":{"start":{"line":1372,"column":16},"end":{"line":1372,"column":48}},"238":{"start":{"line":1374,"column":6},"end":{"line":1374,"column":63}},"239":{"start":{"line":1376,"column":6},"end":{"line":1377,"column":63}},"240":{"start":{"line":1379,"column":21},"end":{"line":1379,"column":22}},"241":{"start":{"line":1380,"column":4},"end":{"line":1387,"column":5}},"242":{"start":{"line":1381,"column":17},"end":{"line":1381,"column":55}},"243":{"start":{"line":1382,"column":23},"end":{"line":1382,"column":53}},"244":{"start":{"line":1384,"column":6},"end":{"line":1384,"column":71}},"245":{"start":{"line":1384,"column":61},"end":{"line":1384,"column":71}},"246":{"start":{"line":1385,"column":6},"end":{"line":1385,"column":22}},"247":{"start":{"line":1386,"column":6},"end":{"line":1386,"column":35}},"248":{"start":{"line":1390,"column":17},"end":{"line":1392,"column":null}},"249":{"start":{"line":1394,"column":4},"end":{"line":1394,"column":39}},"250":{"start":{"line":1395,"column":21},"end":{"line":1395,"column":38}},"251":{"start":{"line":1396,"column":4},"end":{"line":1396,"column":44}},"252":{"start":{"line":1397,"column":4},"end":{"line":1397,"column":20}},"253":{"start":{"line":1402,"column":19},"end":{"line":1404,"column":null}},"254":{"start":{"line":1404,"column":8},"end":{"line":1404,"column":73}},"255":{"start":{"line":1406,"column":16},"end":{"line":1406,"column":73}},"256":{"start":{"line":1406,"column":40},"end":{"line":1406,"column":69}},"257":{"start":{"line":1407,"column":4},"end":{"line":1407,"column":36}},"258":{"start":{"line":1407,"column":29},"end":{"line":1407,"column":36}},"259":{"start":{"line":1408,"column":4},"end":{"line":1411,"column":5}},"260":{"start":{"line":1409,"column":6},"end":{"line":1409,"column":48}},"261":{"start":{"line":1410,"column":6},"end":{"line":1410,"column":13}},"262":{"start":{"line":1412,"column":19},"end":{"line":1412,"column":33}},"263":{"start":{"line":1413,"column":4},"end":{"line":1413,"column":88}},"264":{"start":{"line":1413,"column":28},"end":{"line":1413,"column":88}},"265":{"start":{"line":1418,"column":17},"end":{"line":1419,"column":null}},"266":{"start":{"line":1419,"column":13},"end":{"line":1419,"column":32}},"267":{"start":{"line":1421,"column":17},"end":{"line":1422,"column":null}},"268":{"start":{"line":1422,"column":13},"end":{"line":1422,"column":34}},"269":{"start":{"line":1424,"column":4},"end":{"line":1431,"column":5}},"270":{"start":{"line":1425,"column":6},"end":{"line":1425,"column":72}},"271":{"start":{"line":1426,"column":6},"end":{"line":1426,"column":74}},"272":{"start":{"line":1427,"column":11},"end":{"line":1431,"column":5}},"273":{"start":{"line":1428,"column":6},"end":{"line":1428,"column":41}},"274":{"start":{"line":1429,"column":11},"end":{"line":1431,"column":5}},"275":{"start":{"line":1430,"column":6},"end":{"line":1430,"column":41}},"276":{"start":{"line":1440,"column":4},"end":{"line":1440,"column":51}},"277":{"start":{"line":1451,"column":15},"end":{"line":1456,"column":6}},"278":{"start":{"line":1458,"column":35},"end":{"line":1464,"column":7}},"279":{"start":{"line":1458,"column":53},"end":{"line":1464,"column":6}},"280":{"start":{"line":1462,"column":8},"end":{"line":1462,"column":78}},"281":{"start":{"line":1466,"column":18},"end":{"line":1466,"column":36}},"282":{"start":{"line":1467,"column":21},"end":{"line":1469,"column":10}},"283":{"start":{"line":1471,"column":32},"end":{"line":1504,"column":6}},"284":{"start":{"line":1505,"column":4},"end":{"line":1505,"column":16}},"285":{"start":{"line":1515,"column":19},"end":{"line":1515,"column":50}},"286":{"start":{"line":1517,"column":6},"end":{"line":1517,"column":67}},"287":{"start":{"line":1518,"column":20},"end":{"line":1518,"column":52}},"288":{"start":{"line":1519,"column":23},"end":{"line":1519,"column":48}},"289":{"start":{"line":1521,"column":4},"end":{"line":1551,"column":6}},"290":{"start":{"line":227,"column":13},"end":{"line":227,"column":30}},"291":{"start":{"line":227,"column":13},"end":{"line":1553,"column":null}}},"fnMap":{"0":{"name":"(anonymous_2)","decl":{"start":{"line":230,"column":2},"end":{"line":230,"column":null}},"loc":{"start":{"line":233,"column":47},"end":{"line":234,"column":6}}},"1":{"name":"(anonymous_3)","decl":{"start":{"line":282,"column":10},"end":{"line":282,"column":31}},"loc":{"start":{"line":283,"column":46},"end":{"line":291,"column":3}}},"2":{"name":"(anonymous_4)","decl":{"start":{"line":287,"column":14},"end":{"line":287,"column":15}},"loc":{"start":{"line":287,"column":21},"end":{"line":287,"column":37}}},"3":{"name":"(anonymous_5)","decl":{"start":{"line":288,"column":12},"end":{"line":288,"column":13}},"loc":{"start":{"line":288,"column":22},"end":{"line":288,"column":27}}},"4":{"name":"(anonymous_6)","decl":{"start":{"line":289,"column":29},"end":{"line":289,"column":30}},"loc":{"start":{"line":289,"column":36},"end":{"line":289,"column":62}}},"5":{"name":"(anonymous_7)","decl":{"start":{"line":297,"column":10},"end":{"line":297,"column":19}},"loc":{"start":{"line":297,"column":51},"end":{"line":314,"column":3}}},"6":{"name":"(anonymous_8)","decl":{"start":{"line":327,"column":10},"end":{"line":327,"column":21}},"loc":{"start":{"line":329,"column":39},"end":{"line":364,"column":3}}},"7":{"name":"(anonymous_9)","decl":{"start":{"line":370,"column":2},"end":{"line":370,"column":7}},"loc":{"start":{"line":371,"column":32},"end":{"line":488,"column":3}}},"8":{"name":"(anonymous_10)","decl":{"start":{"line":494,"column":2},"end":{"line":494,"column":7}},"loc":{"start":{"line":496,"column":28},"end":{"line":589,"column":3}}},"9":{"name":"(anonymous_11)","decl":{"start":{"line":599,"column":2},"end":{"line":599,"column":21}},"loc":{"start":{"line":599,"column":62},"end":{"line":606,"column":3}}},"10":{"name":"(anonymous_12)","decl":{"start":{"line":609,"column":10},"end":{"line":609,"column":30}},"loc":{"start":{"line":609,"column":59},"end":{"line":639,"column":3}}},"11":{"name":"(anonymous_13)","decl":{"start":{"line":641,"column":2},"end":{"line":641,"column":7}},"loc":{"start":{"line":642,"column":32},"end":{"line":937,"column":3}}},"12":{"name":"(anonymous_14)","decl":{"start":{"line":945,"column":10},"end":{"line":945,"column":33}},"loc":{"start":{"line":945,"column":67},"end":{"line":969,"column":3}}},"13":{"name":"(anonymous_15)","decl":{"start":{"line":947,"column":22},"end":{"line":947,"column":null}},"loc":{"start":{"line":950,"column":14},"end":{"line":955,"column":5}}},"14":{"name":"(anonymous_16)","decl":{"start":{"line":973,"column":10},"end":{"line":973,"column":12}},"loc":{"start":{"line":973,"column":22},"end":{"line":975,"column":3}}},"15":{"name":"(anonymous_17)","decl":{"start":{"line":978,"column":10},"end":{"line":978,"column":23}},"loc":{"start":{"line":978,"column":52},"end":{"line":985,"column":3}}},"16":{"name":"(anonymous_18)","decl":{"start":{"line":993,"column":10},"end":{"line":993,"column":31}},"loc":{"start":{"line":994,"column":65},"end":{"line":1016,"column":3}}},"17":{"name":"(anonymous_19)","decl":{"start":{"line":1025,"column":2},"end":{"line":1025,"column":24}},"loc":{"start":{"line":1026,"column":65},"end":{"line":1055,"column":3}}},"18":{"name":"(anonymous_20)","decl":{"start":{"line":1071,"column":2},"end":{"line":1071,"column":18}},"loc":{"start":{"line":1072,"column":65},"end":{"line":1177,"column":3}}},"19":{"name":"(anonymous_21)","decl":{"start":{"line":1180,"column":10},"end":{"line":1180,"column":27}},"loc":{"start":{"line":1180,"column":52},"end":{"line":1201,"column":3}}},"20":{"name":"(anonymous_22)","decl":{"start":{"line":1182,"column":11},"end":{"line":1182,"column":12}},"loc":{"start":{"line":1182,"column":17},"end":{"line":1199,"column":7}}},"21":{"name":"(anonymous_23)","decl":{"start":{"line":1191,"column":15},"end":{"line":1191,"column":16}},"loc":{"start":{"line":1191,"column":21},"end":{"line":1196,"column":11}}},"22":{"name":"(anonymous_24)","decl":{"start":{"line":1210,"column":10},"end":{"line":1210,"column":34}},"loc":{"start":{"line":1212,"column":28},"end":{"line":1350,"column":3}}},"23":{"name":"(anonymous_25)","decl":{"start":{"line":1225,"column":22},"end":{"line":1225,"column":23}},"loc":{"start":{"line":1225,"column":54},"end":{"line":1230,"column":6}}},"24":{"name":"(anonymous_26)","decl":{"start":{"line":1247,"column":34},"end":{"line":1247,"column":35}},"loc":{"start":{"line":1247,"column":41},"end":{"line":1247,"column":49}}},"25":{"name":"(anonymous_27)","decl":{"start":{"line":1248,"column":37},"end":{"line":1248,"column":38}},"loc":{"start":{"line":1248,"column":44},"end":{"line":1248,"column":55}}},"26":{"name":"(anonymous_28)","decl":{"start":{"line":1251,"column":33},"end":{"line":1251,"column":34}},"loc":{"start":{"line":1251,"column":40},"end":{"line":1251,"column":61}}},"27":{"name":"(anonymous_29)","decl":{"start":{"line":1259,"column":24},"end":{"line":1259,"column":25}},"loc":{"start":{"line":1259,"column":31},"end":{"line":1259,"column":66}}},"28":{"name":"(anonymous_30)","decl":{"start":{"line":1261,"column":37},"end":{"line":1261,"column":38}},"loc":{"start":{"line":1261,"column":44},"end":{"line":1261,"column":75}}},"29":{"name":"(anonymous_31)","decl":{"start":{"line":1311,"column":37},"end":{"line":1311,"column":38}},"loc":{"start":{"line":1311,"column":47},"end":{"line":1311,"column":61}}},"30":{"name":"(anonymous_32)","decl":{"start":{"line":1334,"column":40},"end":{"line":1334,"column":41}},"loc":{"start":{"line":1334,"column":50},"end":{"line":1334,"column":64}}},"31":{"name":"(anonymous_33)","decl":{"start":{"line":1356,"column":10},"end":{"line":1356,"column":34}},"loc":{"start":{"line":1359,"column":21},"end":{"line":1398,"column":3}}},"32":{"name":"(anonymous_34)","decl":{"start":{"line":1362,"column":37},"end":{"line":1362,"column":38}},"loc":{"start":{"line":1362,"column":44},"end":{"line":1362,"column":63}}},"33":{"name":"(anonymous_35)","decl":{"start":{"line":1401,"column":10},"end":{"line":1401,"column":29}},"loc":{"start":{"line":1401,"column":72},"end":{"line":1414,"column":3}}},"34":{"name":"(anonymous_36)","decl":{"start":{"line":1403,"column":6},"end":{"line":1403,"column":7}},"loc":{"start":{"line":1404,"column":8},"end":{"line":1404,"column":73}}},"35":{"name":"(anonymous_37)","decl":{"start":{"line":1406,"column":30},"end":{"line":1406,"column":31}},"loc":{"start":{"line":1406,"column":40},"end":{"line":1406,"column":69}}},"36":{"name":"(anonymous_38)","decl":{"start":{"line":1417,"column":10},"end":{"line":1417,"column":27}},"loc":{"start":{"line":1417,"column":68},"end":{"line":1434,"column":3}}},"37":{"name":"(anonymous_39)","decl":{"start":{"line":1419,"column":6},"end":{"line":1419,"column":7}},"loc":{"start":{"line":1419,"column":13},"end":{"line":1419,"column":32}}},"38":{"name":"(anonymous_40)","decl":{"start":{"line":1422,"column":6},"end":{"line":1422,"column":7}},"loc":{"start":{"line":1422,"column":13},"end":{"line":1422,"column":34}}},"39":{"name":"(anonymous_41)","decl":{"start":{"line":1439,"column":10},"end":{"line":1439,"column":28}},"loc":{"start":{"line":1439,"column":47},"end":{"line":1441,"column":3}}},"40":{"name":"(anonymous_42)","decl":{"start":{"line":1447,"column":10},"end":{"line":1447,"column":15}},"loc":{"start":{"line":1449,"column":18},"end":{"line":1506,"column":3}}},"41":{"name":"(anonymous_43)","decl":{"start":{"line":1458,"column":42},"end":{"line":1458,"column":43}},"loc":{"start":{"line":1458,"column":53},"end":{"line":1464,"column":6}}},"42":{"name":"(anonymous_44)","decl":{"start":{"line":1461,"column":34},"end":{"line":1461,"column":35}},"loc":{"start":{"line":1462,"column":8},"end":{"line":1462,"column":78}}},"43":{"name":"(anonymous_45)","decl":{"start":{"line":1509,"column":10},"end":{"line":1509,"column":29}},"loc":{"start":{"line":1513,"column":22},"end":{"line":1552,"column":3}}}},"branchMap":{"0":{"loc":{"start":{"line":285,"column":4},"end":{"line":285,"column":64}},"type":"if","locations":[{"start":{"line":285,"column":4},"end":{"line":285,"column":64}},{"start":{},"end":{}}]},"1":{"loc":{"start":{"line":285,"column":8},"end":{"line":285,"column":52}},"type":"binary-expr","locations":[{"start":{"line":285,"column":8},"end":{"line":285,"column":22}},{"start":{"line":285,"column":26},"end":{"line":285,"column":52}}]},"2":{"loc":{"start":{"line":287,"column":21},"end":{"line":287,"column":37}},"type":"binary-expr","locations":[{"start":{"line":287,"column":21},"end":{"line":287,"column":27}},{"start":{"line":287,"column":31},"end":{"line":287,"column":37}}]},"3":{"loc":{"start":{"line":298,"column":4},"end":{"line":300,"column":5}},"type":"if","locations":[{"start":{"line":298,"column":4},"end":{"line":300,"column":5}},{"start":{},"end":{}}]},"4":{"loc":{"start":{"line":298,"column":8},"end":{"line":298,"column":69}},"type":"binary-expr","locations":[{"start":{"line":298,"column":8},"end":{"line":298,"column":21}},{"start":{"line":298,"column":25},"end":{"line":298,"column":43}},{"start":{"line":298,"column":47},"end":{"line":298,"column":69}}]},"5":{"loc":{"start":{"line":301,"column":4},"end":{"line":306,"column":5}},"type":"if","locations":[{"start":{"line":301,"column":4},"end":{"line":306,"column":5}},{"start":{},"end":{}}]},"6":{"loc":{"start":{"line":307,"column":4},"end":{"line":312,"column":5}},"type":"if","locations":[{"start":{"line":307,"column":4},"end":{"line":312,"column":5}},{"start":{},"end":{}}]},"7":{"loc":{"start":{"line":334,"column":4},"end":{"line":350,"column":5}},"type":"if","locations":[{"start":{"line":334,"column":4},"end":{"line":350,"column":5}},{"start":{},"end":{}}]},"8":{"loc":{"start":{"line":335,"column":6},"end":{"line":338,"column":26}},"type":"binary-expr","locations":[{"start":{"line":335,"column":6},"end":{"line":335,"column":20}},{"start":{"line":336,"column":6},"end":{"line":336,"column":24}},{"start":{"line":337,"column":6},"end":{"line":337,"column":22}},{"start":{"line":338,"column":6},"end":{"line":338,"column":26}}]},"9":{"loc":{"start":{"line":352,"column":17},"end":{"line":352,"column":51}},"type":"binary-expr","locations":[{"start":{"line":352,"column":17},"end":{"line":352,"column":25}},{"start":{"line":352,"column":29},"end":{"line":352,"column":43}},{"start":{"line":352,"column":47},"end":{"line":352,"column":51}}]},"10":{"loc":{"start":{"line":353,"column":4},"end":{"line":359,"column":5}},"type":"if","locations":[{"start":{"line":353,"column":4},"end":{"line":359,"column":5}},{"start":{},"end":{}}]},"11":{"loc":{"start":{"line":375,"column":4},"end":{"line":387,"column":5}},"type":"if","locations":[{"start":{"line":375,"column":4},"end":{"line":387,"column":5}},{"start":{},"end":{}}]},"12":{"loc":{"start":{"line":375,"column":8},"end":{"line":375,"column":51}},"type":"binary-expr","locations":[{"start":{"line":375,"column":8},"end":{"line":375,"column":25}},{"start":{"line":375,"column":29},"end":{"line":375,"column":51}}]},"13":{"loc":{"start":{"line":376,"column":6},"end":{"line":386,"column":7}},"type":"if","locations":[{"start":{"line":376,"column":6},"end":{"line":386,"column":7}},{"start":{"line":381,"column":13},"end":{"line":386,"column":7}}]},"14":{"loc":{"start":{"line":381,"column":13},"end":{"line":386,"column":7}},"type":"if","locations":[{"start":{"line":381,"column":13},"end":{"line":386,"column":7}},{"start":{},"end":{}}]},"15":{"loc":{"start":{"line":440,"column":16},"end":{"line":440,"column":67}},"type":"binary-expr","locations":[{"start":{"line":440,"column":16},"end":{"line":440,"column":51}},{"start":{"line":440,"column":55},"end":{"line":440,"column":67}}]},"16":{"loc":{"start":{"line":441,"column":13},"end":{"line":441,"column":67}},"type":"binary-expr","locations":[{"start":{"line":441,"column":13},"end":{"line":441,"column":50}},{"start":{"line":441,"column":54},"end":{"line":441,"column":67}}]},"17":{"loc":{"start":{"line":443,"column":21},"end":{"line":443,"column":87}},"type":"cond-expr","locations":[{"start":{"line":443,"column":32},"end":{"line":443,"column":63}},{"start":{"line":443,"column":66},"end":{"line":443,"column":87}}]},"18":{"loc":{"start":{"line":445,"column":25},"end":{"line":445,"column":57}},"type":"binary-expr","locations":[{"start":{"line":445,"column":25},"end":{"line":445,"column":44}},{"start":{"line":445,"column":48},"end":{"line":445,"column":57}}]},"19":{"loc":{"start":{"line":448,"column":21},"end":{"line":448,"column":66}},"type":"binary-expr","locations":[{"start":{"line":448,"column":21},"end":{"line":448,"column":50}},{"start":{"line":448,"column":54},"end":{"line":448,"column":66}}]},"20":{"loc":{"start":{"line":451,"column":19},"end":{"line":451,"column":64}},"type":"binary-expr","locations":[{"start":{"line":451,"column":19},"end":{"line":451,"column":50}},{"start":{"line":451,"column":54},"end":{"line":451,"column":64}}]},"21":{"loc":{"start":{"line":459,"column":2},"end":{"line":459,"column":221}},"type":"cond-expr","locations":[{"start":{"line":459,"column":23},"end":{"line":459,"column":165}},{"start":{"line":459,"column":168},"end":{"line":459,"column":221}}]},"22":{"loc":{"start":{"line":460,"column":2},"end":{"line":460,"column":89}},"type":"cond-expr","locations":[{"start":{"line":460,"column":24},"end":{"line":460,"column":84}},{"start":{"line":460,"column":87},"end":{"line":460,"column":89}}]},"23":{"loc":{"start":{"line":543,"column":14},"end":{"line":543,"column":65}},"type":"binary-expr","locations":[{"start":{"line":543,"column":14},"end":{"line":543,"column":49}},{"start":{"line":543,"column":53},"end":{"line":543,"column":65}}]},"24":{"loc":{"start":{"line":544,"column":11},"end":{"line":544,"column":65}},"type":"binary-expr","locations":[{"start":{"line":544,"column":11},"end":{"line":544,"column":48}},{"start":{"line":544,"column":52},"end":{"line":544,"column":65}}]},"25":{"loc":{"start":{"line":546,"column":13},"end":{"line":546,"column":107}},"type":"cond-expr","locations":[{"start":{"line":546,"column":37},"end":{"line":546,"column":81}},{"start":{"line":546,"column":84},"end":{"line":546,"column":107}}]},"26":{"loc":{"start":{"line":548,"column":16},"end":{"line":548,"column":48}},"type":"binary-expr","locations":[{"start":{"line":548,"column":16},"end":{"line":548,"column":35}},{"start":{"line":548,"column":39},"end":{"line":548,"column":48}}]},"27":{"loc":{"start":{"line":556,"column":2},"end":{"line":556,"column":181}},"type":"cond-expr","locations":[{"start":{"line":556,"column":23},"end":{"line":556,"column":176}},{"start":{"line":556,"column":179},"end":{"line":556,"column":181}}]},"28":{"loc":{"start":{"line":579,"column":32},"end":{"line":579,"column":62}},"type":"binary-expr","locations":[{"start":{"line":579,"column":32},"end":{"line":579,"column":57}},{"start":{"line":579,"column":61},"end":{"line":579,"column":62}}]},"29":{"loc":{"start":{"line":600,"column":18},"end":{"line":600,"column":69}},"type":"cond-expr","locations":[{"start":{"line":600,"column":39},"end":{"line":600,"column":40}},{"start":{"line":600,"column":43},"end":{"line":600,"column":69}}]},"30":{"loc":{"start":{"line":600,"column":43},"end":{"line":600,"column":69}},"type":"cond-expr","locations":[{"start":{"line":600,"column":64},"end":{"line":600,"column":65}},{"start":{"line":600,"column":68},"end":{"line":600,"column":69}}]},"31":{"loc":{"start":{"line":601,"column":17},"end":{"line":601,"column":43}},"type":"cond-expr","locations":[{"start":{"line":601,"column":38},"end":{"line":601,"column":39}},{"start":{"line":601,"column":42},"end":{"line":601,"column":43}}]},"32":{"loc":{"start":{"line":611,"column":6},"end":{"line":611,"column":56}},"type":"binary-expr","locations":[{"start":{"line":611,"column":6},"end":{"line":611,"column":28}},{"start":{"line":611,"column":32},"end":{"line":611,"column":51}},{"start":{"line":611,"column":55},"end":{"line":611,"column":56}}]},"33":{"loc":{"start":{"line":612,"column":21},"end":{"line":612,"column":75}},"type":"binary-expr","locations":[{"start":{"line":612,"column":21},"end":{"line":612,"column":41}},{"start":{"line":612,"column":45},"end":{"line":612,"column":69}},{"start":{"line":612,"column":73},"end":{"line":612,"column":75}}]},"34":{"loc":{"start":{"line":625,"column":10},"end":{"line":625,"column":42}},"type":"binary-expr","locations":[{"start":{"line":625,"column":10},"end":{"line":625,"column":26}},{"start":{"line":625,"column":30},"end":{"line":625,"column":42}}]},"35":{"loc":{"start":{"line":646,"column":4},"end":{"line":658,"column":5}},"type":"if","locations":[{"start":{"line":646,"column":4},"end":{"line":658,"column":5}},{"start":{},"end":{}}]},"36":{"loc":{"start":{"line":646,"column":8},"end":{"line":646,"column":51}},"type":"binary-expr","locations":[{"start":{"line":646,"column":8},"end":{"line":646,"column":25}},{"start":{"line":646,"column":29},"end":{"line":646,"column":51}}]},"37":{"loc":{"start":{"line":647,"column":6},"end":{"line":657,"column":7}},"type":"if","locations":[{"start":{"line":647,"column":6},"end":{"line":657,"column":7}},{"start":{"line":652,"column":13},"end":{"line":657,"column":7}}]},"38":{"loc":{"start":{"line":652,"column":13},"end":{"line":657,"column":7}},"type":"if","locations":[{"start":{"line":652,"column":13},"end":{"line":657,"column":7}},{"start":{},"end":{}}]},"39":{"loc":{"start":{"line":676,"column":4},"end":{"line":681,"column":5}},"type":"if","locations":[{"start":{"line":676,"column":4},"end":{"line":681,"column":5}},{"start":{},"end":{}}]},"40":{"loc":{"start":{"line":843,"column":14},"end":{"line":843,"column":65}},"type":"binary-expr","locations":[{"start":{"line":843,"column":14},"end":{"line":843,"column":49}},{"start":{"line":843,"column":53},"end":{"line":843,"column":65}}]},"41":{"loc":{"start":{"line":844,"column":11},"end":{"line":844,"column":65}},"type":"binary-expr","locations":[{"start":{"line":844,"column":11},"end":{"line":844,"column":48}},{"start":{"line":844,"column":52},"end":{"line":844,"column":65}}]},"42":{"loc":{"start":{"line":846,"column":13},"end":{"line":846,"column":85}},"type":"cond-expr","locations":[{"start":{"line":846,"column":24},"end":{"line":846,"column":55}},{"start":{"line":846,"column":58},"end":{"line":846,"column":85}}]},"43":{"loc":{"start":{"line":848,"column":16},"end":{"line":848,"column":48}},"type":"binary-expr","locations":[{"start":{"line":848,"column":16},"end":{"line":848,"column":35}},{"start":{"line":848,"column":39},"end":{"line":848,"column":48}}]},"44":{"loc":{"start":{"line":860,"column":21},"end":{"line":860,"column":66}},"type":"binary-expr","locations":[{"start":{"line":860,"column":21},"end":{"line":860,"column":50}},{"start":{"line":860,"column":54},"end":{"line":860,"column":66}}]},"45":{"loc":{"start":{"line":863,"column":19},"end":{"line":863,"column":64}},"type":"binary-expr","locations":[{"start":{"line":863,"column":19},"end":{"line":863,"column":50}},{"start":{"line":863,"column":54},"end":{"line":863,"column":64}}]},"46":{"loc":{"start":{"line":880,"column":2},"end":{"line":880,"column":158}},"type":"cond-expr","locations":[{"start":{"line":880,"column":23},"end":{"line":880,"column":153}},{"start":{"line":880,"column":156},"end":{"line":880,"column":158}}]},"47":{"loc":{"start":{"line":881,"column":2},"end":{"line":881,"column":93}},"type":"cond-expr","locations":[{"start":{"line":881,"column":24},"end":{"line":881,"column":88}},{"start":{"line":881,"column":91},"end":{"line":881,"column":93}}]},"48":{"loc":{"start":{"line":882,"column":2},"end":{"line":882,"column":71}},"type":"cond-expr","locations":[{"start":{"line":882,"column":32},"end":{"line":882,"column":66}},{"start":{"line":882,"column":69},"end":{"line":882,"column":71}}]},"49":{"loc":{"start":{"line":913,"column":42},"end":{"line":913,"column":72}},"type":"binary-expr","locations":[{"start":{"line":913,"column":42},"end":{"line":913,"column":67}},{"start":{"line":913,"column":71},"end":{"line":913,"column":72}}]},"50":{"loc":{"start":{"line":951,"column":6},"end":{"line":951,"column":56}},"type":"if","locations":[{"start":{"line":951,"column":6},"end":{"line":951,"column":56}},{"start":{},"end":{}}]},"51":{"loc":{"start":{"line":951,"column":10},"end":{"line":951,"column":47}},"type":"binary-expr","locations":[{"start":{"line":951,"column":10},"end":{"line":951,"column":17}},{"start":{"line":951,"column":21},"end":{"line":951,"column":47}}]},"52":{"loc":{"start":{"line":952,"column":20},"end":{"line":952,"column":61}},"type":"binary-expr","locations":[{"start":{"line":952,"column":20},"end":{"line":952,"column":48}},{"start":{"line":952,"column":52},"end":{"line":952,"column":61}}]},"53":{"loc":{"start
[...]
,"column":56}},{"start":{},"end":{}}]},"236":{"loc":{"start":{"line":1978,"column":8},"end":{"line":1978,"column":42}},"type":"binary-expr","locations":[{"start":{"line":1978,"column":8},"end":{"line":1978,"column":13}},{"start":{"line":1978,"column":17},"end":{"line":1978,"column":42}}]},"237":{"loc":{"start":{"line":1981,"column":33},"end":{"line":1981,"column":68}},"type":"cond-expr","locations":[{"start":{"line":1981,"column":40},"end":{"line":1981,"column":59}},{"start":{"line":1981,"column":62},"end":{"line":1981,"column":68}}]},"238":{"loc":{"start":{"line":1983,"column":11},"end":{"line":1983,"column":23}},"type":"binary-expr","locations":[{"start":{"line":1983,"column":11},"end":{"line":1983,"column":15}},{"start":{"line":1983,"column":19},"end":{"line":1983,"column":23}}]},"239":{"loc":{"start":{"line":2011,"column":8},"end":{"line":2011,"column":64}},"type":"if","locations":[{"start":{"line":2011,"column":8},"end":{"line":2011,"column":64}},{"start":{},"end":{}}]},"240":{"loc":{"start":{"line":2022,"column":4},"end":{"line":2022,"column":80}},"type":"if","locations":[{"start":{"line":2022,"column":4},"end":{"line":2022,"column":80}},{"start":{},"end":{}}]},"241":{"loc":{"start":{"line":2022,"column":8},"end":{"line":2022,"column":58}},"type":"binary-expr","locations":[{"start":{"line":2022,"column":8},"end":{"line":2022,"column":21}},{"start":{"line":2022,"column":25},"end":{"line":2022,"column":58}}]},"242":{"loc":{"start":{"line":2024,"column":4},"end":{"line":2024,"column":27}},"type":"if","locations":[{"start":{"line":2024,"column":4},"end":{"line":2024,"column":27}},{"start":{},"end":{}}]},"243":{"loc":{"start":{"line":2026,"column":28},"end":{"line":2026,"column":50}},"type":"binary-expr","locations":[{"start":{"line":2026,"column":28},"end":{"line":2026,"column":44}},{"start":{"line":2026,"column":48},"end":{"line":2026,"column":50}}]},"244":{"loc":{"start":{"line":2028,"column":21},"end":{"line":2028,"column":41}},"type":"binary-expr","locations":[{"start":{"line":2028,"column":21},"end":{"line":2028,"column":35}},{"start":{"line":2028,"column":39},"end":{"line":2028,"column":41}}]},"245":{"loc":{"start":{"line":2029,"column":44},"end":{"line":2031,"column":10}},"type":"cond-expr","locations":[{"start":{"line":2030,"column":8},"end":{"line":2030,"column":22}},{"start":{"line":2031,"column":8},"end":{"line":2031,"column":10}}]},"246":{"loc":{"start":{"line":2035,"column":6},"end":{"line":2037,"column":7}},"type":"if","locations":[{"start":{"line":2035,"column":6},"end":{"line":2037,"column":7}},{"start":{},"end":{}}]},"247":{"loc":{"start":{"line":2035,"column":10},"end":{"line":2035,"column":56}},"type":"binary-expr","locations":[{"start":{"line":2035,"column":10},"end":{"line":2035,"column":44}},{"start":{"line":2035,"column":48},"end":{"line":2035,"column":56}}]},"248":{"loc":{"start":{"line":2041,"column":6},"end":{"line":2041,"column":55}},"type":"binary-expr","locations":[{"start":{"line":2041,"column":6},"end":{"line":2041,"column":25}},{"start":{"line":2041,"column":29},"end":{"line":2041,"column":50}},{"start":{"line":2041,"column":54},"end":{"line":2041,"column":55}}]},"249":{"loc":{"start":{"line":2057,"column":6},"end":{"line":2057,"column":43}},"type":"if","locations":[{"start":{"line":2057,"column":6},"end":{"line":2057,"column":43}},{"start":{},"end":{}}]},"250":{"loc":{"start":{"line":2058,"column":6},"end":{"line":2058,"column":62}},"type":"if","locations":[{"start":{"line":2058,"column":6},"end":{"line":2058,"column":62}},{"start":{},"end":{}}]},"251":{"loc":{"start":{"line":2071,"column":26},"end":{"line":2071,"column":62}},"type":"binary-expr","locations":[{"start":{"line":2071,"column":26},"end":{"line":2071,"column":56}},{"start":{"line":2071,"column":60},"end":{"line":2071,"column":62}}]},"252":{"loc":{"start":{"line":2073,"column":8},"end":{"line":2075,"column":14}},"type":"binary-expr","locations":[{"start":{"line":2073,"column":8},"end":{"line":2073,"column":35}},{"start":{"line":2074,"column":9},"end":{"line":2074,"column":70}},{"start":{"line":2075,"column":8},"end":{"line":2075,"column":14}}]},"253":{"loc":{"start":{"line":2082,"column":6},"end":{"line":2089,"column":7}},"type":"if","locations":[{"start":{"line":2082,"column":6},"end":{"line":2089,"column":7}},{"start":{},"end":{}}]},"254":{"loc":{"start":{"line":2087,"column":20},"end":{"line":2087,"column":34}},"type":"binary-expr","locations":[{"start":{"line":2087,"column":20},"end":{"line":2087,"column":28}},{"start":{"line":2087,"column":32},"end":{"line":2087,"column":34}}]},"255":{"loc":{"start":{"line":2088,"column":18},"end":{"line":2088,"column":54}},"type":"binary-expr","locations":[{"start":{"line":2088,"column":18},"end":{"line":2088,"column":41}},{"start":{"line":2088,"column":45},"end":{"line":2088,"column":54}}]},"256":{"loc":{"start":{"line":2090,"column":6},"end":{"line":2097,"column":7}},"type":"if","locations":[{"start":{"line":2090,"column":6},"end":{"line":2097,"column":7}},{"start":{},"end":{}}]},"257":{"loc":{"start":{"line":2090,"column":10},"end":{"line":2090,"column":42}},"type":"binary-expr","locations":[{"start":{"line":2090,"column":10},"end":{"line":2090,"column":28}},{"start":{"line":2090,"column":32},"end":{"line":2090,"column":42}}]},"258":{"loc":{"start":{"line":2107,"column":24},"end":{"line":2107,"column":62}},"type":"binary-expr","locations":[{"start":{"line":2107,"column":24},"end":{"line":2107,"column":42}},{"start":{"line":2107,"column":46},"end":{"line":2107,"column":62}}]},"259":{"loc":{"start":{"line":2110,"column":20},"end":{"line":2112,"column":13}},"type":"cond-expr","locations":[{"start":{"line":2111,"column":12},"end":{"line":2111,"column":61}},{"start":{"line":2112,"column":12},"end":{"line":2112,"column":13}}]},"260":{"loc":{"start":{"line":2115,"column":10},"end":{"line":2122,"column":18}},"type":"cond-expr","locations":[{"start":{"line":2117,"column":14},"end":{"line":2121,"column":null}},{"start":{"line":2122,"column":14},"end":{"line":2122,"column":18}}]},"261":{"loc":{"start":{"line":2115,"column":10},"end":{"line":2116,"column":64}},"type":"binary-expr","locations":[{"start":{"line":2115,"column":10},"end":{"line":2115,"column":34}},{"start":{"line":2116,"column":11},"end":{"line":2116,"column":33}},{"start":{"line":2116,"column":37},"end":{"line":2116,"column":63}}]},"262":{"loc":{"start":{"line":2118,"column":36},"end":{"line":2118,"column":72}},"type":"binary-expr","locations":[{"start":{"line":2118,"column":36},"end":{"line":2118,"column":50}},{"start":{"line":2118,"column":54},"end":{"line":2118,"column":67}},{"start":{"line":2118,"column":71},"end":{"line":2118,"column":72}}]},"263":{"loc":{"start":{"line":2119,"column":41},"end":{"line":2119,"column":64}},"type":"binary-expr","locations":[{"start":{"line":2119,"column":41},"end":{"line":2119,"column":59}},{"start":{"line":2119,"column":63},"end":{"line":2119,"column":64}}]},"264":{"loc":{"start":{"line":2120,"column":44},"end":{"line":2120,"column":70}},"type":"binary-expr","locations":[{"start":{"line":2120,"column":44},"end":{"line":2120,"column":65}},{"start":{"line":2120,"column":69},"end":{"line":2120,"column":70}}]},"265":{"loc":{"start":{"line":2124,"column":22},"end":{"line":2124,"column":60}},"type":"binary-expr","locations":[{"start":{"line":2124,"column":22},"end":{"line":2124,"column":29}},{"start":{"line":2124,"column":33},"end":{"line":2124,"column":60}}]},"266":{"loc":{"start":{"line":2128,"column":23},"end":{"line":2128,"column":43}},"type":"binary-expr","locations":[{"start":{"line":2128,"column":23},"end":{"line":2128,"column":37}},{"start":{"line":2128,"column":41},"end":{"line":2128,"column":43}}]},"267":{"loc":{"start":{"line":2132,"column":30},"end":{"line":2132,"column":48}},"type":"binary-expr","locations":[{"start":{"line":2132,"column":30},"end":{"line":2132,"column":43}},{"start":{"line":2132,"column":47},"end":{"line":2132,"column":48}}]},"268":{"loc":{"start":{"line":2133,"column":38},"end":{"line":2133,"column":67}},"type":"binary-expr","locations":[{"start":{"line":2133,"column":38},"end":{"line":2133,"column":59}},{"start":{"line":2133,"column":63},"end":{"line":2133,"column":67}}]},"269":{"loc":{"start":{"line":2134,"column":29},"end":{"line":2136,"column":16}},"type":"cond-expr","locations":[{"start":{"line":2135,"column":14},"end":{"line":2135,"column":33}},{"start":{"line":2136,"column":14},"end":{"line":2136,"column":16}}]},"270":{"loc":{"start":{"line":2145,"column":21},"end":{"line":2145,"column":50}},"type":"binary-expr","locations":[{"start":{"line":2145,"column":21},"end":{"line":2145,"column":41}},{"start":{"line":2145,"column":45},"end":{"line":2145,"column":50}}]},"271":{"loc":{"start":{"line":2158,"column":6},"end":{"line":2159,"column":66}},"type":"binary-expr","locations":[{"start":{"line":2158,"column":6},"end":{"line":2158,"column":60}},{"start":{"line":2159,"column":7},"end":{"line":2159,"column":65}}]},"272":{"loc":{"start":{"line":2159,"column":7},"end":{"line":2159,"column":65}},"type":"cond-expr","locations":[{"start":{"line":2159,"column":26},"end":{"line":2159,"column":61}},{"start":{"line":2159,"column":64},"end":{"line":2159,"column":65}}]},"273":{"loc":{"start":{"line":2162,"column":13},"end":{"line":2162,"column":78}},"type":"binary-expr","locations":[{"start":{"line":2162,"column":13},"end":{"line":2162,"column":33}},{"start":{"line":2162,"column":37},"end":{"line":2162,"column":78}}]},"274":{"loc":{"start":{"line":2169,"column":6},"end":{"line":2169,"column":47}},"type":"if","locations":[{"start":{"line":2169,"column":6},"end":{"line":2169,"column":47}},{"start":{},"end":{}}]},"275":{"loc":{"start":{"line":2170,"column":25},"end":{"line":2170,"column":61}},"type":"binary-expr","locations":[{"start":{"line":2170,"column":25},"end":{"line":2170,"column":39}},{"start":{"line":2170,"column":43},"end":{"line":2170,"column":56}},{"start":{"line":2170,"column":60},"end":{"line":2170,"column":61}}]},"276":{"loc":{"start":{"line":2171,"column":20},"end":{"line":2171,"column":43}},"type":"cond-expr","locations":[{"start":{"line":2171,"column":36},"end":{"line":2171,"column":39}},{"start":{"line":2171,"column":42},"end":{"line":2171,"column":43}}]},"277":{"loc":{"start":{"line":2177,"column":31},"end":{"line":2177,"column":49}},"type":"binary-expr","locations":[{"start":{"line":2177,"column":31},"end":{"line":2177,"column":44}},{"start":{"line":2177,"column":48},"end":{"line":2177,"column":49}}]},"278":{"loc":{"start":{"line":2195,"column":27},"end":{"line":2195,"column":57}},"type":"binary-expr","locations":[{"start":{"line":2195,"column":27},"end":{"line":2195,"column":49}},{"start":{"line":2195,"column":53},"end":{"line":2195,"column":57}}]},"279":{"loc":{"start":{"line":2216,"column":9},"end":{"line":2216,"column":26}},"type":"binary-expr","locations":[{"start":{"line":2216,"column":9},"end":{"line":2216,"column":18}},{"start":{"line":2216,"column":22},"end":{"line":2216,"column":26}}]},"280":{"loc":{"start":{"line":2220,"column":2},"end":{"line":2220,"column":24}},"type":"if","locations":[{"start":{"line":2220,"column":2},"end":{"line":2220,"column":24}},{"start":{},"end":{}}]},"281":{"loc":{"start":{"line":2243,"column":2},"end":{"line":2243,"column":42}},"type":"if","locations":[{"start":{"line":2243,"column":2},"end":{"line":2243,"column":42}},{"start":{},"end":{}}]},"282":{"loc":{"start":{"line":2246,"column":2},"end":{"line":2246,"column":55}},"type":"if","locations":[{"start":{"line":2246,"column":2},"end":{"line":2246,"column":55}},{"start":{},"end":{}}]}},"s":{"0":1,"1":1,"2":1,"3":1,"4":1,"5":1,"6":1,"7":1,"8":1,"9":1,"10":1,"11":14,"12":14,"13":14,"14":14,"15":14,"16":14,"17":14,"18":14,"19":14,"20":14,"21":14,"22":11,"23":11,"24":11,"25":11,"26":11,"27":11,"28":11,"29":11,"30":11,"31":0,"32":0,"33":0,"34":0,"35":0,"36":0,"37":0,"38":0,"39":0,"40":0,"41":0,"42":0,"43":0,"44":0,"45":0,"46":0,"47":0,"48":0,"49":0,"50":0,"51":0,"52":0,"53":0,"54":0,"55":0,"56":0,"57":0,"58":0,"59":0,"60":0,"61":0,"62":0,"63":0,"64":0,"65":0,"66":0,"67":0,"68":0,"69":0,"70":0,"71":0,"72":0,"73":0,"74":0,"75":0,"76":0,"77":0,"78":0,"79":0,"80":0,"81":0,"82":0,"83":0,"84":0,"85":0,"86":0,"87":0,"88":0,"89":0,"90":0,"91":0,"92":0,"93":0,"94":0,"95":0,"96":0,"97":0,"98":0,"99":0,"100":0,"101":0,"102":0,"103":0,"104":0,"105":0,"106":0,"107":0,"108":0,"109":0,"110":0,"111":0,"112":16,"113":6,"114":6,"115":10,"116":10,"117":5,"118":5,"119":5,"120":0,"121":0,"122":0,"123":0,"124":0,"125":0,"126":0,"127":0,"128":0,"129":0,"130":0,"131":0,"132":0,"133":0,"134":0,"135":0,"136":0,"137":0,"138":0,"139":0,"140":0,"141":0,"142":0,"143":0,"144":0,"145":0,"146":0,"147":0,"148":0,"149":0,"150":0,"151":0,"152":0,"153":0,"154":0,"155":0,"156":0,"157":0,"158":0,"159":0,"160":0,"161":0,"162":0,"163":0,"164":0,"165":0,"166":0,"167":0,"168":0,"169":0,"170":0,"171":0,"172":0,"173":0,"174":0,"175":0,"176":0,"177":2,"178":2,"179":0,"180":2,"181":4,"182":4,"183":0,"184":0,"185":4,"186":4,"187":7,"188":2,"189":4,"190":7,"191":4,"192":1,"193":3,"194":3,"195":3,"196":3,"197":3,"198":2,"199":1,"200":1,"201":1,"202":2,"203":1,"204":1,"205":1,"206":1,"207":0,"208":1,"209":1,"210":0,"211":0,"212":1,"213":1,"214":1,"215":1,"216":1,"217":0,"218":1,"219":2,"220":2,"221":1,"222":1,"223":2,"224":0,"225":0,"226":0,"227":0,"228":0,"229":0,"230":0,"231":1,"232":1,"233":1,"234":1,"235":0,"236":1,"237":1,"238":1,"239":0,"240":1,"241":0,"242":0,"243":0,"244":0,"245":0,"246":0,"247":0,"248":0,"249":0,"250":0,"251":0,"252":0,"253":0,"254":0,"255":0,"256":0,"257":0,"258":0,"259":0,"260":0,"261":0,"262":0,"263":0,"264":0,"265":0,"266":0,"267":0,"268":0,"269":0,"270":0,"271":0,"272":0,"273":0,"274":0,"275":0,"276":0,"277":0,"278":0,"279":0,"280":0,"281":0,"282":0,"283":0,"284":0,"285":0,"286":0,"287":0,"288":0,"289":0,"290":0,"291":0,"292":0,"293":0,"294":0,"295":0,"296":0,"297":0,"298":0,"299":0,"300":0,"301":0,"302":0,"303":0,"304":0,"305":0,"306":0,"307":0,"308":0,"309":0,"310":0,"311":0,"312":0,"313":0,"314":0,"315":0,"316":0,"317":0,"318":0,"319":0,"320":0,"321":0,"322":0,"323":0,"324":0,"325":0,"326":0,"327":0,"328":0,"329":0,"330":0,"331":0,"332":0,"333":0,"334":0,"335":0,"336":0,"337":0,"338":0,"339":0,"340":0,"341":0,"342":0,"343":0,"344":0,"345":0,"346":0,"347":0,"348":0,"349":0,"350":0,"351":0,"352":0,"353":0,"354":0,"355":0,"356":0,"357":1,"358":1,"359":0,"360":1,"361":1,"362":0,"363":0,"364":0,"365":1,"366":1,"367":0,"368":0,"369":0,"370":0,"371":0,"372":0,"373":0,"374":1,"375":1,"376":1,"377":1,"378":1,"379":1,"380":0,"381":1,"382":1,"383":0,"384":1,"385":0,"386":1,"387":0,"388":0,"389":0,"390":0,"391":0,"392":0,"393":0,"394":0,"395":0,"396":0,"397":0,"398":0,"399":0,"400":0,"401":0,"402":0,"403":0,"404":0,"405":0,"406":0,"407":0,"408":0,"409":0,"410":0,"411":0,"412":0,"413":0,"414":0,"415":0,"416":0,"417":0,"418":0,"419":0,"420":0,"421":0,"422":0,"423":0,"424":0,"425":0,"426":0,"427":0,"428":0,"429":0,"430":0,"431":0,"432":0,"433":0,"434":0,"435":0,"436":0,"437":0,"438":0,"439":0,"440":0,"441":0,"442":0,"443":0,"444":0,"445":0,"446":0,"447":0,"448":0,"449":0,"450":0,"451":0,"452":0,"453":0,"454":0,"455":0,"456":0,"457":0,"458":0,"459":0,"460":0,"461":0,"462":0,"463":0,"464":0,"465":0,"466":0,"467":0,"468":0,"469":0,"470":0,"471":0,"472":0,"473":0,"474":0,"475":0,"476":0,"477":0,"478":0,"479":0,"480":0,"481":0,"482":0,"483":0,"484":0,"485":0,"486":0,"487":0,"488":0,"489":0,"490":0,"491":0,"492":0,"493":0,"494":0,"495":0,"496":0,"497":0,"498":0,"499":0,"500":0,"501":0,"502":0,"503":0,"504":0,"505":0,"506":0,"507":0,"508":0,"509":0,"510":0,"511":0,"512":0,"513":0,"514":0,"515":0,"516":0,"517":0,"518":0,"519":0,"520":0,"521":0,"522":0,"523":0,"524":0,"525":0,"526":0,"527":0,"528":0,"529":0,"530":0,"531":0,"532":0,"533":0,"534":0,"535":0,"536":0,"537":0,"538":0,"539":0,"540":0,"541":0,"542":0,"543":0,"544":0,"545":0,"546":0,"547":0,"548":0,"549":0,"550":0,"551":0,"552":0,"553":0,"554":0,"555":0,"556":0,"557":0,"558":0,"559":0,"560":0,"561":0,"562":0,"563":0,"564":0,"565":0,"566":0,"567":0,"568":0,"569":0,"570":0,"571":0,"572":1,"573":1,"574":14,"575":14,"576":0,"577":0,"578":0,"579":0,"580":0,"581":0,"582":0,"583":0,"584":0,"585":0,"586":0,"587":0},"f":{"0":14,"1":11,"2":0,"3":0,"4":0,"5":0,"6":0,"7":16,"8":5,"9":0,"10":0,"11":0,"12":0,"13":0,"14":0,"15":0,"16":0,"17":0,"18":0,"19":2,"20":4,"21":7,"22":2,"23":7,"24":2,"25":1,"26":1,"27":2,"28":2,"29":2,"30":0,"31":0,"32":1,"33":1,"34":0,"35":0,"36":0,"37":0,"38":0,"39":0,"40":0,"41":0,"42":0,"43":1,"44":0,"45":0,"46":0,"47":0,"48":0,"49":0,"50":0,"51":0,"52":0,"53":0,"54":0,"55":0,"56":0,"57":0,"58":0,"59":0,"60":0,"61":0,"62":0,"63":0,"64":0,"65":0,"66":14,"67":14,"68":0,"69":0},"b":{"0":[0,0],"1":[0,0],"2":[0,0],"3":[0,0],"4":[0,0],"5":[0,0],"6":[0,0],"7":[0,0],"8":[0,0],"9":[0,0],"10":[0,0],"11":[0,0],"12":[0,0],"13":[0,0],"14":[0,0],"15":[0,0],"16":[0,0],"17":[0,0],"18":[0,0],"19":[0,0],"20":[0,0],"21":[0,0],"22":[0,0],"23":[0,0],"24":[0,0],"25":[0,0],"26":[0,0],"27":[0,0],"28":[6,10],"29":[16,6],"30":[1,4],"31":[0,0],"32":[0,0],"33":[0,0,0],"34":[0,0],"35":[0,0],"36":[0,0],"37":[0,0],"38":[0,0],"39":[0,0],"40":[0,0],"41":[0,0],"42":[0,0],"43":[0,0,0,0],"44":[0,0,0],"45":[0,0],"46":[0,0],"47":[0,0],"48":[0,0],"49":[0,0],"50":[0,0],"51":[0,0],"52":[0,0],"53":[0,0],"54":[0,0],"55":[0,2],"56":[2,1],"57":[0,4],"58":[4,4],"59":[7,5],"60":[2,0],"61":[2,0],"62":[7,4,5,2],"63":[1,3],"64":[2,1],"65":[1,0],"66":[0,1],"67":[0,1],"68":[1,0],"69":[1,1],"70":[0,1],"71":[1,0],"72":[1,0],"73":[1,0],"74":[0,0],"75":[0,0],"76":[0,0],"77":[0,0],"78":[0,0],"79":[0],"80":[0,1],"81":[0,1],"82":[0],"83":[0,0],"84":[0,0],"85":[0,0],"86":[0,0],"87":[0,0],"88":[0,0],"89":[0,0,0],"90":[0,0,0],"91":[0,0],"92":[0,0],"93":[0,0],"94":[0,0],"95":[0,0],"96":[0,0,0],"97":[0,0],"98":[0,0],"99":[0,0],"100":[0,0],"101":[0,0],"102":[0,0],"103":[0,0],"104":[0,0],"105":[0,0],"106":[0,0],"107":[0,0],"108":[0,0],"109":[0,0],"110":[0,0],"111":[0,0],"112":[0,0],"113":[0,0],"114":[0,0],"115":[0,0],"116":[0,0],"117":[0,0],"118":[0,0],"119":[0,0],"120":[0,0],"121":[0,0],"122":[0,0],"123":[0,0],"124":[0,0],"125":[0,0],"126":[0,0,0,0],"127":[0,0],"128":[0,0],"129":[0,0],"130":[0,0],"131":[0,0],"132":[0,0],"133":[0,0],"134":[0,0],"135":[0,0],"136":[0,0],"137":[0,0],"138":[0,0],"139":[0,0],"140":[0,0],"141":[0,0],"142":[0,0],"143":[0,0],"144":[0,0],"145":[0,0],"146":[0,1],"147":[0,1],"148":[0,0],"149":[0,0],"150":[0,0],"151":[0,1],"152":[1,1],"153":[0,0],"154":[0,0],"155":[0,1],"156":[1,0],"157":[0,1],"158":[0,1],"159":[1,0,0],"160":[0,1],"161":[1,1],"162":[0,0],"163":[0,0,0],"164":[0,0],"165":[0,0],"166":[0,0],"167":[0,0],"168":[0,0],"169":[0,0],"170":[0,0],"171":[0,1],"172":[1,0],"173":[0,0],"174":[0,0],"175":[0,0],"176":[0,0],"177":[0,0],"178":[0,0],"179":[0,0],"180":[0,0],"181":[0,0],"182":[0,0],"183":[0,0],"184":[0,0],"185":[0,0],"186":[0,0],"187":[0,0],"188":[0,0],"189":[0,0],"190":[0,0],"191":[0,0],"192":[0,0],"193":[0,0],"194":[0,0],"195":[0,0],"196":[0,0,0],"197":[0,0],"198":[0,0],"199":[0,0],"200":[0,0],"201":[0,0],"202":[0,0],"203":[0,0],"204":[0,0],"205":[0,0],"206":[0,0],"207":[0,0],"208":[0,0],"209":[0,0],"210":[0,0],"211":[0,0],"212":[0,0],"213":[0,0],"214":[0,0],"215":[0,0],"216":[0,0,0],"217":[0,0],"218":[0,0],"219":[0,0],"220":[0,0],"221":[0,0],"222":[0,0],"223":[0,0],"224":[0,0],"225":[0,0],"226":[0,0],"227":[0,0],"228":[0,0],"229":[0,0],"230":[0,0],"231":[0,0],"232":[0,0],"233":[0,0],"234":[0,0],"235":[0,0],"236":[0,0],"237":[0,0],"238":[0,0],"239":[0,0],"240":[0,0],"241":[0,0],"242":[0,0],"243":[0,0],"244":[0,0],"245":[0,0],"246":[0,0],"247":[0,0],"248":[0,0,0],"249":[0,0],"250":[0,0],"251":[0,0],"252":[0,0,0],"253":[0,0],"254":[0,0],"255":[0,0],"256":[0,0],"257":[0,0],"258":[0,0],"259":[0,0],"260":[0,0],"261":[0,0,0],"262":[0,0,0],"263":[0,0],"264":[0,0],"265":[0,0],"266":[0,0],"267":[0,0],"268":[0,0],"269":[0,0],"270":[0,0],"271":[0,0],"272":[0,0],"273":[0,0],"274":[0,0],"275":[0,0,0],"276":[0,0],"277":[0,0],"278":[0,0],"279":[0,0],"280":[0,0],"281":[0,0],"282":[0,0]}}
}
