{"C:\\RunEasyV2\\runeasyv2\\backend\\src\\common\\archetype\\archetype.selector.ts": {"path":"C:\\RunEasyV2\\runeasyv2\\backend\\src\\common\\archetype\\archetype.selector.ts","statementMap":{"0":{"start":{"line":56,"column":0},"end":{"line":56,"column":16}},"1":{"start":{"line":11,"column":31},"end":{"line":11,"column":32}},"2":{"start":{"line":14,"column":38},"end":{"line":14,"column":39}},"3":{"start":{"line":21,"column":30},"end":{"line":21,"column":32}},"4":{"start":{"line":59,"column":2},"end":{"line":59,"column":69}},"5":{"start":{"line":76,"column":6},"end":{"line":76,"column":11}},"6":{"start":{"line":80,"column":2},"end":{"line":80,"column":42}},"7":{"start":{"line":80,"column":16},"end":{"line":80,"column":42}},"8":{"start":{"line":82,"column":22},"end":{"line":82,"column":65}},"9":{"start":{"line":83,"column":23},"end":{"line":83,"column":44}},"10":{"start":{"line":88,"column":2},"end":{"line":93,"column":3}},"11":{"start":{"line":92,"column":4},"end":{"line":92,"column":23}},"12":{"start":{"line":96,"column":2},"end":{"line":96,"column":42}},"13":{"start":{"line":96,"column":19},"end":{"line":96,"column":42}},"14":{"start":{"line":99,"column":2},"end":{"line":99,"column":50}},"15":{"start":{"line":99,"column":21},"end":{"line":99,"column":50}},"16":{"start":{"line":102,"column":2},"end":{"line":102,"column":52}},"17":{"start":{"line":102,"column":27},"end":{"line":102,"column":52}},"18":{"start":{"line":105,"column":20},"end":{"line":105,"column":44}},"19":{"start":{"line":106,"column":2},"end":{"line":112,"column":3}},"20":{"start":{"line":111,"column":4},"end":{"line":111,"column":30}},"21":{"start":{"line":115,"column":15},"end":{"line":115,"column":34}},"22":{"start":{"line":116,"column":2},"end":{"line":118,"column":3}},"23":{"start":{"line":117,"column":4},"end":{"line":117,"column":30}},"24":{"start":{"line":119,"column":2},"end":{"line":121,"column":3}},"25":{"start":{"line":120,"column":4},"end":{"line":120,"column":35}},"26":{"start":{"line":130,"column":2},"end":{"line":132,"column":3}},"27":{"start":{"line":131,"column":4},"end":{"line":131,"column":30}},"28":{"start":{"line":135,"column":2},"end":{"line":137,"column":3}},"29":{"start":{"line":136,"column":4},"end":{"line":136,"column":32}},"30":{"start":{"line":138,"column":2},"end":{"line":138,"column":64}},"31":{"start":{"line":138,"column":32},"end":{"line":138,"column":64}},"32":{"start":{"line":139,"column":2},"end":{"line":139,"column":78}},"33":{"start":{"line":139,"column":58},"end":{"line":139,"column":78}},"34":{"start":{"line":144,"column":2},"end":{"line":144,"column":26}}},"fnMap":{"0":{"name":"selectArchetypeKey","decl":{"start":{"line":56,"column":16},"end":{"line":56,"column":34}},"loc":{"start":{"line":57,"column":32},"end":{"line":60,"column":1}}},"1":{"name":"pickKey","decl":{"start":{"line":62,"column":9},"end":{"line":62,"column":16}},"loc":{"start":{"line":62,"column":47},"end":{"line":145,"column":1}}}},"branchMap":{"0":{"loc":{"start":{"line":80,"column":2},"end":{"line":80,"column":42}},"type":"if","locations":[{"start":{"line":80,"column":2},"end":{"line":80,"column":42}},{"start":{},"end":{}}]},"1":{"loc":{"start":{"line":83,"column":23},"end":{"line":83,"column":44}},"type":"binary-expr","locations":[{"start":{"line":83,"column":23},"end":{"line":83,"column":39}},{"start":{"line":83,"column":43},"end":{"line":83,"column":44}}]},"2":{"loc":{"start":{"line":88,"column":2},"end":{"line":93,"column":3}},"type":"if","locations":[{"start":{"line":88,"column":2},"end":{"line":93,"column":3}},{"start":{},"end":{}}]},"3":{"loc":{"start":{"line":89,"column":4},"end":{"line":90,"column":48}},"type":"binary-expr","locations":[{"start":{"line":89,"column":4},"end":{"line":89,"column":49}},{"start":{"line":90,"column":5},"end":{"line":90,"column":32}},{"start":{"line":90,"column":36},"end":{"line":90,"column":47}}]},"4":{"loc":{"start":{"line":96,"column":2},"end":{"line":96,"column":42}},"type":"if","locations":[{"start":{"line":96,"column":2},"end":{"line":96,"column":42}},{"start":{},"end":{}}]},"5":{"loc":{"start":{"line":99,"column":2},"end":{"line":99,"column":50}},"type":"if","locations":[{"start":{"line":99,"column":2},"end":{"line":99,"column":50}},{"start":{},"end":{}}]},"6":{"loc":{"start":{"line":102,"column":2},"end":{"line":102,"column":52}},"type":"if","locations":[{"start":{"line":102,"column":2},"end":{"line":102,"column":52}},{"start":{},"end":{}}]},"7":{"loc":{"start":{"line":105,"column":20},"end":{"line":105,"column":44}},"type":"binary-expr","locations":[{"start":{"line":105,"column":20},"end":{"line":105,"column":39}},{"start":{"line":105,"column":43},"end":{"line":105,"column":44}}]},"8":{"loc":{"start":{"line":106,"column":2},"end":{"line":112,"column":3}},"type":"if","locations":[{"start":{"line":106,"column":2},"end":{"line":112,"column":3}},{"start":{},"end":{}}]},"9":{"loc":{"start":{"line":107,"column":4},"end":{"line":109,"column":46}},"type":"binary-expr","locations":[{"start":{"line":107,"column":4},"end":{"line":107,"column":20}},{"start":{"line":108,"column":4},"end":{"line":108,"column":18}},{"start":{"line":109,"column":4},"end":{"line":109,"column":46}}]},"10":{"loc":{"start":{"line":115,"column":15},"end":{"line":115,"column":34}},"type":"binary-expr","locations":[{"start":{"line":115,"column":15},"end":{"line":115,"column":27}},{"start":{"line":115,"column":31},"end":{"line":115,"column":34}}]},"11":{"loc":{"start":{"line":116,"column":2},"end":{"line":118,"column":3}},"type":"if","locations":[{"start":{"line":116,"column":2},"end":{"line":118,"column":3}},{"start":{},"end":{}}]},"12":{"loc":{"start":{"line":116,"column":6},"end":{"line":116,"column":56}},"type":"binary-expr","locations":[{"start":{"line":116,"column":6},"end":{"line":116,"column":26}},{"start":{"line":116,"column":30},"end":{"line":116,"column":42}},{"start":{"line":116,"column":46},"end":{"line":116,"column":56}}]},"13":{"loc":{"start":{"line":119,"column":2},"end":{"line":121,"column":3}},"type":"if","locations":[{"start":{"line":119,"column":2},"end":{"line":121,"column":3}},{"start":{},"end":{}}]},"14":{"loc":{"start":{"line":119,"column":6},"end":{"line":119,"column":72}},"type":"binary-expr","locations":[{"start":{"line":119,"column":7},"end":{"line":119,"column":31}},{"start":{"line":119,"column":35},"end":{"line":119,"column":55}},{"start":{"line":119,"column":60},"end":{"line":119,"column":72}}]},"15":{"loc":{"start":{"line":130,"column":2},"end":{"line":132,"column":3}},"type":"if","locations":[{"start":{"line":130,"column":2},"end":{"line":132,"column":3}},{"start":{},"end":{}}]},"16":{"loc":{"start":{"line":130,"column":6},"end":{"line":130,"column":41}},"type":"binary-expr","locations":[{"start":{"line":130,"column":6},"end":{"line":130,"column":26}},{"start":{"line":130,"column":30},"end":{"line":130,"column":41}}]},"17":{"loc":{"start":{"line":135,"column":2},"end":{"line":137,"column":3}},"type":"if","locations":[{"start":{"line":135,"column":2},"end":{"line":137,"column":3}},{"start":{},"end":{}}]},"18":{"loc":{"start":{"line":135,"column":6},"end":{"line":135,"column":72}},"type":"binary-expr","locations":[{"start":{"line":135,"column":6},"end":{"line":135,"column":26}},{"start":{"line":135,"column":30},"end":{"line":135,"column":42}},{"start":{"line":135,"column":46},"end":{"line":135,"column":72}}]},"19":{"loc":{"start":{"line":138,"column":2},"end":{"line":138,"column":64}},"type":"if","locations":[{"start":{"line":138,"column":2},"end":{"line":138,"column":64}},{"start":{},"end":{}}]},"20":{"loc":{"start":{"line":139,"column":2},"end":{"line":139,"column":78}},"type":"if","locations":[{"start":{"line":139,"column":2},"end":{"line":139,"column":78}},{"start":{},"end":{}}]},"21":{"loc":{"start":{"line":139,"column":6},"end":{"line":139,"column":56}},"type":"binary-expr","locations":[{"start":{"line":139,"column":6},"end":{"line":139,"column":32}},{"start":{"line":139,"column":36},"end":{"line":139,"column":56}}]}},"s":{"0":5,"1":5,"2":5,"3":5,"4":363633,"5":363633,"6":363633,"7":3609,"8":360024,"9":360024,"10":360024,"11":172803,"12":187221,"13":57605,"14":129616,"15":64801,"16":64815,"17":32401,"18":32414,"19":32414,"20":5762,"21":26652,"22":26652,"23":446,"24":26206,"25":6662,"26":19544,"27":5332,"28":14212,"29":5329,"30":8883,"31":5329,"32":3554,"33":1777,"34":1777},"f":{"0":363633,"1":363633},"b":{"0":[3609,360024],"1":[360024,0],"2":[172803,187221],"3":[360024,270019,216017],"4":[57605,129616],"5":[64801,64815],"6":[32401,32414],"7":[32414,0],"8":[5762,26652],"9":[32414,12962,8642],"10":[26652,0],"11":[446,26206],"12":[26652,8888,1779],"13":[6662,19544],"14":[26206,17325,17323],"15":[5332,14212],"16":[19544,5332],"17":[5329,8883],"18":[14212,8883,7106],"19":[5329,3554],"20":[1777,1777],"21":[3554,1777]}}
,"C:\\RunEasyV2\\runeasyv2\\backend\\src\\common\\archetype\\index.ts": {"path":"C:\\RunEasyV2\\runeasyv2\\backend\\src\\common\\archetype\\index.ts","statementMap":{"0":{"start":{"line":1,"column":0},"end":{"line":1,"column":34}},"1":{"start":{"line":2,"column":0},"end":{"line":2,"column":37}}},"fnMap":{},"branchMap":{},"s":{"0":4,"1":4},"f":{},"b":{}}
}
