TN:
SF:src\common\archetype\archetype.selector.ts
FN:56,selectArchetypeKey
FN:62,pickKey
FNF:2
FNH:2
FNDA:363633,selectArchetypeKey
FNDA:363633,pickKey
DA:11,5
DA:14,5
DA:21,5
DA:56,5
DA:59,363633
DA:76,363633
DA:80,363633
DA:82,360024
DA:83,360024
DA:88,360024
DA:92,172803
DA:96,187221
DA:99,129616
DA:102,64815
DA:105,32414
DA:106,32414
DA:111,5762
DA:115,26652
DA:116,26652
DA:117,446
DA:119,26206
DA:120,6662
DA:130,19544
DA:131,5332
DA:135,14212
DA:136,5329
DA:138,8883
DA:139,3554
DA:144,1777
LF:29
LH:29
BRDA:80,0,0,3609
BRDA:80,0,1,360024
BRDA:83,1,0,360024
BRDA:83,1,1,0
BRDA:88,2,0,172803
BRDA:88,2,1,187221
BRDA:89,3,0,360024
BRDA:89,3,1,270019
BRDA:89,3,2,216017
BRDA:96,4,0,57605
BRDA:96,4,1,129616
BRDA:99,5,0,64801
BRDA:99,5,1,64815
BRDA:102,6,0,32401
BRDA:102,6,1,32414
BRDA:105,7,0,32414
BRDA:105,7,1,0
BRDA:106,8,0,5762
BRDA:106,8,1,26652
BRDA:107,9,0,32414
BRDA:107,9,1,12962
BRDA:107,9,2,8642
BRDA:115,10,0,26652
BRDA:115,10,1,0
BRDA:116,11,0,446
BRDA:116,11,1,26206
BRDA:116,12,0,26652
BRDA:116,12,1,8888
BRDA:116,12,2,1779
BRDA:119,13,0,6662
BRDA:119,13,1,19544
BRDA:119,14,0,26206
BRDA:119,14,1,17325
BRDA:119,14,2,17323
BRDA:130,15,0,5332
BRDA:130,15,1,14212
BRDA:130,16,0,19544
BRDA:130,16,1,5332
BRDA:135,17,0,5329
BRDA:135,17,1,8883
BRDA:135,18,0,14212
BRDA:135,18,1,8883
BRDA:135,18,2,7106
BRDA:138,19,0,5329
BRDA:138,19,1,3554
BRDA:139,20,0,1777
BRDA:139,20,1,1777
BRDA:139,21,0,3554
BRDA:139,21,1,1777
BRF:49
BRH:46
end_of_record
TN:
SF:src\common\archetype\index.ts
FNF:0
FNH:0
DA:1,4
DA:2,4
LF:2
LH:2
BRF:0
BRH:0
end_of_record
