TN:
SF:src\modules\training\index.ts
FNF:0
FNH:0
DA:1,0
DA:2,0
DA:3,0
DA:4,0
LF:4
LH:0
BRF:0
BRH:0
end_of_record
TN:
SF:src\modules\training\retrospective.service.ts
FN:86,(anonymous_4)
FN:102,(anonymous_5)
FN:126,(anonymous_6)
FN:158,(anonymous_7)
FN:218,(anonymous_8)
FN:311,(anonymous_9)
FN:336,(anonymous_10)
FN:341,(anonymous_11)
FN:354,(anonymous_12)
FN:360,(anonymous_13)
FN:364,(anonymous_14)
FN:375,(anonymous_15)
FN:378,(anonymous_16)
FN:380,(anonymous_17)
FN:404,(anonymous_18)
FN:445,(anonymous_19)
FN:513,(anonymous_20)
FN:554,(anonymous_21)
FN:576,(anonymous_22)
FN:596,(anonymous_23)
FN:701,(anonymous_24)
FN:748,(anonymous_25)
FN:794,(anonymous_26)
FN:806,(anonymous_27)
FN:831,(anonymous_28)
FN:89,(anonymous_29)
FN:91,(anonymous_30)
FNF:27
FNH:0
FNDA:0,(anonymous_4)
FNDA:0,(anonymous_5)
FNDA:0,(anonymous_6)
FNDA:0,(anonymous_7)
FNDA:0,(anonymous_8)
FNDA:0,(anonymous_9)
FNDA:0,(anonymous_10)
FNDA:0,(anonymous_11)
FNDA:0,(anonymous_12)
FNDA:0,(anonymous_13)
FNDA:0,(anonymous_14)
FNDA:0,(anonymous_15)
FNDA:0,(anonymous_16)
FNDA:0,(anonymous_17)
FNDA:0,(anonymous_18)
FNDA:0,(anonymous_19)
FNDA:0,(anonymous_20)
FNDA:0,(anonymous_21)
FNDA:0,(anonymous_22)
FNDA:0,(anonymous_23)
FNDA:0,(anonymous_24)
FNDA:0,(anonymous_25)
FNDA:0,(anonymous_26)
FNDA:0,(anonymous_27)
FNDA:0,(anonymous_28)
FNDA:0,(anonymous_29)
FNDA:0,(anonymous_30)
DA:1,0
DA:2,0
DA:3,0
DA:4,0
DA:5,0
DA:7,0
DA:8,0
DA:82,0
DA:83,0
DA:87,0
DA:88,0
DA:89,0
DA:90,0
DA:91,0
DA:92,0
DA:93,0
DA:95,0
DA:103,0
DA:106,0
DA:114,0
DA:116,0
DA:117,0
DA:118,0
DA:129,0
DA:130,0
DA:134,0
DA:136,0
DA:137,0
DA:141,0
DA:146,0
DA:147,0
DA:148,0
DA:157,0
DA:158,0
DA:160,0
DA:161,0
DA:162,0
DA:166,0
DA:167,0
DA:172,0
DA:173,0
DA:174,0
DA:178,0
DA:184,0
DA:185,0
DA:189,0
DA:190,0
DA:191,0
DA:193,0
DA:195,0
DA:196,0
DA:199,0
DA:200,0
DA:201,0
DA:206,0
DA:212,0
DA:222,0
DA:226,0
DA:227,0
DA:230,0
DA:240,0
DA:241,0
DA:245,0
DA:249,0
DA:250,0
DA:256,0
DA:257,0
DA:260,0
DA:281,0
DA:282,0
DA:286,0
DA:290,0
DA:296,0
DA:298,0
DA:301,0
DA:303,0
DA:304,0
DA:315,0
DA:318,0
DA:324,0
DA:325,0
DA:326,0
DA:329,0
DA:334,0
DA:336,0
DA:337,0
DA:341,0
DA:344,0
DA:354,0
DA:357,0
DA:358,0
DA:359,0
DA:360,0
DA:363,0
DA:364,0
DA:367,0
DA:368,0
DA:373,0
DA:374,0
DA:375,0
DA:376,0
DA:378,0
DA:379,0
DA:380,0
DA:382,0
DA:384,0
DA:385,0
DA:386,0
DA:389,0
DA:391,0
DA:395,0
DA:403,0
DA:404,0
DA:410,0
DA:415,0
DA:420,0
DA:424,0
DA:426,0
DA:450,0
DA:451,0
DA:454,0
DA:456,0
DA:457,0
DA:463,0
DA:472,0
DA:488,0
DA:502,0
DA:504,0
DA:507,0
DA:517,0
DA:523,0
DA:525,0
DA:526,0
DA:529,0
DA:530,0
DA:534,0
DA:535,0
DA:537,0
DA:538,0
DA:539,0
DA:540,0
DA:541,0
DA:542,0
DA:544,0
DA:545,0
DA:548,0
DA:555,0
DA:557,0
DA:566,0
DA:567,0
DA:570,0
DA:577,0
DA:578,0
DA:581,0
DA:582,0
DA:583,0
DA:585,0
DA:600,0
DA:602,0
DA:607,0
DA:614,0
DA:615,0
DA:618,0
DA:623,0
DA:629,0
DA:636,0
DA:637,0
DA:642,0
DA:646,0
DA:647,0
DA:648,0
DA:651,0
DA:655,0
DA:665,0
DA:670,0
DA:675,0
DA:678,0
DA:686,0
DA:688,0
DA:706,0
DA:707,0
DA:712,0
DA:719,0
DA:720,0
DA:724,0
DA:730,0
DA:731,0
DA:739,0
DA:748,0
DA:754,0
DA:766,0
DA:771,0
DA:777,0
DA:784,0
DA:795,0
DA:796,0
DA:797,0
DA:807,0
DA:835,0
DA:836,0
DA:839,0
DA:855,0
DA:856,0
DA:861,0
DA:865,0
DA:877,0
DA:878,0
DA:880,0
DA:883,0
LF:209
LH:0
BRDA:146,0,0,0
BRDA:146,0,1,0
BRDA:158,1,0,0
BRDA:158,1,1,0
BRDA:161,2,0,0
BRDA:161,2,1,0
BRDA:166,3,0,0
BRDA:166,3,1,0
BRDA:167,4,0,0
BRDA:167,4,1,0
BRDA:167,5,0,0
BRDA:167,5,1,0
BRDA:172,6,0,0
BRDA:172,6,1,0
BRDA:173,7,0,0
BRDA:173,7,1,0
BRDA:184,8,0,0
BRDA:184,8,1,0
BRDA:195,9,0,0
BRDA:195,9,1,0
BRDA:200,10,0,0
BRDA:200,10,1,0
BRDA:240,11,0,0
BRDA:240,11,1,0
BRDA:281,12,0,0
BRDA:281,12,1,0
BRDA:324,13,0,0
BRDA:324,13,1,0
BRDA:326,14,0,0
BRDA:326,14,1,0
BRDA:334,15,0,0
BRDA:334,15,1,0
BRDA:336,16,0,0
BRDA:336,16,1,0
BRDA:341,17,0,0
BRDA:341,17,1,0
BRDA:341,18,0,0
BRDA:341,18,1,0
BRDA:354,19,0,0
BRDA:354,19,1,0
BRDA:354,20,0,0
BRDA:354,20,1,0
BRDA:358,21,0,0
BRDA:358,21,1,0
BRDA:358,22,0,0
BRDA:358,22,1,0
BRDA:360,23,0,0
BRDA:360,23,1,0
BRDA:364,24,0,0
BRDA:364,24,1,0
BRDA:367,25,0,0
BRDA:367,25,1,0
BRDA:374,26,0,0
BRDA:374,26,1,0
BRDA:374,27,0,0
BRDA:374,27,1,0
BRDA:376,28,0,0
BRDA:376,28,1,0
BRDA:376,29,0,0
BRDA:376,29,1,0
BRDA:382,30,0,0
BRDA:382,30,1,0
BRDA:385,31,0,0
BRDA:385,31,1,0
BRDA:403,32,0,0
BRDA:403,32,1,0
BRDA:403,33,0,0
BRDA:403,33,1,0
BRDA:404,34,0,0
BRDA:404,34,1,0
BRDA:410,35,0,0
BRDA:410,35,1,0
BRDA:415,36,0,0
BRDA:415,36,1,0
BRDA:415,37,0,0
BRDA:415,37,1,0
BRDA:420,38,0,0
BRDA:420,38,1,0
BRDA:438,39,0,0
BRDA:438,39,1,0
BRDA:450,40,0,0
BRDA:450,40,1,0
BRDA:478,41,0,0
BRDA:478,41,1,0
BRDA:479,42,0,0
BRDA:479,42,1,0
BRDA:517,43,0,0
BRDA:517,43,1,0
BRDA:519,44,0,0
BRDA:519,44,1,0
BRDA:525,45,0,0
BRDA:525,45,1,0
BRDA:529,46,0,0
BRDA:529,46,1,0
BRDA:537,47,0,0
BRDA:537,47,1,0
BRDA:537,48,0,0
BRDA:537,48,1,0
BRDA:540,49,0,0
BRDA:540,49,1,0
BRDA:566,50,0,0
BRDA:566,50,1,0
BRDA:566,51,0,0
BRDA:566,51,1,0
BRDA:578,52,0,0
BRDA:578,52,1,0
BRDA:614,53,0,0
BRDA:614,53,1,0
BRDA:614,54,0,0
BRDA:614,54,1,0
BRDA:636,55,0,0
BRDA:636,55,1,0
BRDA:646,56,0,0
BRDA:646,56,1,0
BRDA:646,56,2,0
BRDA:647,57,0,0
BRDA:647,57,1,0
BRDA:648,58,0,0
BRDA:648,58,1,0
BRDA:651,59,0,0
BRDA:651,59,1,0
BRDA:719,60,0,0
BRDA:719,60,1,0
BRDA:719,61,0,0
BRDA:719,61,1,0
BRDA:730,62,0,0
BRDA:730,62,1,0
BRDA:748,63,0,0
BRDA:748,63,1,0
BRDA:855,64,0,0
BRDA:855,64,1,0
BRDA:877,65,0,0
BRDA:877,65,1,0
BRF:133
BRH:0
end_of_record
TN:
SF:src\modules\training\training-ai.service.ts
FN:230,(anonymous_2)
FN:282,(anonymous_3)
FN:287,(anonymous_4)
FN:288,(anonymous_5)
FN:289,(anonymous_6)
FN:297,(anonymous_7)
FN:327,(anonymous_8)
FN:370,(anonymous_9)
FN:494,(anonymous_10)
FN:599,(anonymous_11)
FN:609,(anonymous_12)
FN:641,(anonymous_13)
FN:945,(anonymous_14)
FN:947,(anonymous_15)
FN:973,(anonymous_16)
FN:978,(anonymous_17)
FN:993,(anonymous_18)
FN:1025,(anonymous_19)
FN:1071,(anonymous_20)
FN:1180,(anonymous_21)
FN:1182,(anonymous_22)
FN:1191,(anonymous_23)
FN:1210,(anonymous_24)
FN:1225,(anonymous_25)
FN:1247,(anonymous_26)
FN:1248,(anonymous_27)
FN:1251,(anonymous_28)
FN:1259,(anonymous_29)
FN:1261,(anonymous_30)
FN:1311,(anonymous_31)
FN:1334,(anonymous_32)
FN:1356,(anonymous_33)
FN:1362,(anonymous_34)
FN:1401,(anonymous_35)
FN:1403,(anonymous_36)
FN:1406,(anonymous_37)
FN:1417,(anonymous_38)
FN:1419,(anonymous_39)
FN:1422,(anonymous_40)
FN:1439,(anonymous_41)
FN:1447,(anonymous_42)
FN:1458,(anonymous_43)
FN:1461,(anonymous_44)
FN:1509,(anonymous_45)
FNF:44
FNH:35
FNDA:20,(anonymous_2)
FNDA:5,(anonymous_3)
FNDA:20,(anonymous_4)
FNDA:15,(anonymous_5)
FNDA:20,(anonymous_6)
FNDA:35,(anonymous_7)
FNDA:13,(anonymous_8)
FNDA:0,(anonymous_9)
FNDA:0,(anonymous_10)
FNDA:1,(anonymous_11)
FNDA:0,(anonymous_12)
FNDA:5,(anonymous_13)
FNDA:5,(anonymous_14)
FNDA:0,(anonymous_15)
FNDA:128,(anonymous_16)
FNDA:0,(anonymous_17)
FNDA:37,(anonymous_18)
FNDA:18,(anonymous_19)
FNDA:14,(anonymous_20)
FNDA:5,(anonymous_21)
FNDA:60,(anonymous_22)
FNDA:240,(anonymous_23)
FNDA:19,(anonymous_24)
FNDA:40,(anonymous_25)
FNDA:57,(anonymous_26)
FNDA:55,(anonymous_27)
FNDA:51,(anonymous_28)
FNDA:2,(anonymous_29)
FNDA:55,(anonymous_30)
FNDA:55,(anonymous_31)
FNDA:55,(anonymous_32)
FNDA:55,(anonymous_33)
FNDA:57,(anonymous_34)
FNDA:53,(anonymous_35)
FNDA:53,(anonymous_36)
FNDA:53,(anonymous_37)
FNDA:2,(anonymous_38)
FNDA:2,(anonymous_39)
FNDA:6,(anonymous_40)
FNDA:6,(anonymous_41)
FNDA:0,(anonymous_42)
FNDA:0,(anonymous_43)
FNDA:0,(anonymous_44)
FNDA:0,(anonymous_45)
DA:1,4
DA:2,4
DA:3,4
DA:7,4
DA:20,4
DA:227,4
DA:228,20
DA:231,20
DA:232,20
DA:233,20
DA:237,20
DA:245,20
DA:251,20
DA:259,20
DA:267,20
DA:285,5
DA:286,5
DA:287,20
DA:288,15
DA:289,20
DA:290,5
DA:298,35
DA:299,16
DA:301,19
DA:302,0
DA:305,0
DA:307,19
DA:308,1
DA:311,1
DA:313,18
DA:331,13
DA:332,13
DA:334,13
DA:341,11
DA:342,11
DA:346,11
DA:349,11
DA:352,2
DA:353,2
DA:354,1
DA:355,1
DA:358,1
DA:361,1
DA:362,1
DA:363,1
DA:374,0
DA:375,0
DA:376,0
DA:377,0
DA:380,0
DA:381,0
DA:382,0
DA:385,0
DA:389,0
DA:437,0
DA:464,0
DA:465,0
DA:467,0
DA:480,0
DA:483,0
DA:485,0
DA:486,0
DA:498,0
DA:538,0
DA:560,0
DA:561,0
DA:565,0
DA:578,0
DA:581,0
DA:583,0
DA:587,0
DA:600,1
DA:601,1
DA:602,1
DA:603,1
DA:604,1
DA:605,1
DA:611,0
DA:612,0
DA:613,0
DA:617,0
DA:618,0
DA:619,0
DA:621,0
DA:645,5
DA:646,5
DA:647,1
DA:648,0
DA:651,0
DA:652,1
DA:653,0
DA:656,0
DA:662,5
DA:663,5
DA:664,5
DA:672,5
DA:676,5
DA:677,0
DA:680,0
DA:683,5
DA:690,5
DA:701,5
DA:706,5
DA:708,5
DA:840,5
DA:886,5
DA:887,5
DA:891,5
DA:912,5
DA:920,5
DA:926,5
DA:930,5
DA:932,5
DA:934,0
DA:935,0
DA:946,5
DA:947,5
DA:951,0
DA:952,0
DA:953,0
DA:954,0
DA:957,5
DA:958,5
DA:959,0
DA:960,0
DA:961,0
DA:962,0
DA:964,0
DA:974,128
DA:979,0
DA:996,37
DA:1002,37
DA:1009,37
DA:1015,37
DA:1028,18
DA:1029,18
DA:1030,7
DA:1042,11
DA:1048,11
DA:1074,14
DA:1075,14
DA:1076,14
DA:1084,14
DA:1102,14
DA:1103,6
DA:1109,6
DA:1110,6
DA:1115,6
DA:1138,8
DA:1145,8
DA:1149,8
DA:1150,8
DA:1151,8
DA:1153,8
DA:1157,8
DA:1160,8
DA:1162,8
DA:1181,5
DA:1183,60
DA:1190,60
DA:1192,240
DA:1194,240
DA:1195,240
DA:1198,60
DA:1214,19
DA:1215,74
DA:1216,19
DA:1224,19
DA:1225,40
DA:1232,19
DA:1233,19
DA:1234,19
DA:1235,19
DA:1236,19
DA:1246,14
DA:1247,57
DA:1248,55
DA:1249,14
DA:1251,51
DA:1252,14
DA:1255,1
DA:1256,1
DA:1258,14
DA:1259,2
DA:1261,55
DA:1263,14
DA:1265,14
DA:1266,14
DA:1270,14
DA:1279,14
DA:1280,14
DA:1281,14
DA:1287,14
DA:1288,1
DA:1299,14
DA:1300,40
DA:1301,40
DA:1311,55
DA:1312,14
DA:1313,0
DA:1314,0
DA:1315,0
DA:1316,0
DA:1317,0
DA:1318,0
DA:1319,0
DA:1324,0
DA:1334,55
DA:1335,14
DA:1336,14
DA:1337,0
DA:1341,14
DA:1342,1
DA:1361,55
DA:1362,57
DA:1364,55
DA:1366,53
DA:1367,53
DA:1368,53
DA:1372,2
DA:1374,2
DA:1376,2
DA:1379,2
DA:1380,2
DA:1381,2
DA:1382,2
DA:1384,7
DA:1385,2
DA:1386,2
DA:1390,2
DA:1394,2
DA:1395,2
DA:1396,2
DA:1397,2
DA:1402,53
DA:1404,53
DA:1406,53
DA:1407,53
DA:1408,53
DA:1409,0
DA:1410,0
DA:1412,53
DA:1413,53
DA:1418,2
DA:1419,2
DA:1421,2
DA:1422,6
DA:1424,2
DA:1425,2
DA:1426,2
DA:1427,0
DA:1428,0
DA:1429,0
DA:1430,0
DA:1440,6
DA:1451,0
DA:1458,0
DA:1462,0
DA:1466,0
DA:1467,0
DA:1471,0
DA:1505,0
DA:1515,0
DA:1517,0
DA:1518,0
DA:1519,0
DA:1521,0
LF:267
LH:187
BRDA:285,0,0,0
BRDA:285,0,1,5
BRDA:285,1,0,5
BRDA:285,1,1,5
BRDA:287,2,0,20
BRDA:287,2,1,20
BRDA:298,3,0,16
BRDA:298,3,1,19
BRDA:298,4,0,35
BRDA:298,4,1,35
BRDA:298,4,2,19
BRDA:301,5,0,0
BRDA:301,5,1,19
BRDA:307,6,0,1
BRDA:307,6,1,18
BRDA:334,7,0,11
BRDA:334,7,1,2
BRDA:335,8,0,13
BRDA:335,8,1,11
BRDA:335,8,2,11
BRDA:335,8,3,11
BRDA:352,9,0,2
BRDA:352,9,1,1
BRDA:352,9,2,1
BRDA:353,10,0,1
BRDA:353,10,1,1
BRDA:375,11,0,0
BRDA:375,11,1,0
BRDA:375,12,0,0
BRDA:375,12,1,0
BRDA:376,13,0,0
BRDA:376,13,1,0
BRDA:381,14,0,0
BRDA:381,14,1,0
BRDA:440,15,0,0
BRDA:440,15,1,0
BRDA:441,16,0,0
BRDA:441,16,1,0
BRDA:443,17,0,0
BRDA:443,17,1,0
BRDA:445,18,0,0
BRDA:445,18,1,0
BRDA:448,19,0,0
BRDA:448,19,1,0
BRDA:451,20,0,0
BRDA:451,20,1,0
BRDA:459,21,0,0
BRDA:459,21,1,0
BRDA:460,22,0,0
BRDA:460,22,1,0
BRDA:543,23,0,0
BRDA:543,23,1,0
BRDA:544,24,0,0
BRDA:544,24,1,0
BRDA:546,25,0,0
BRDA:546,25,1,0
BRDA:548,26,0,0
BRDA:548,26,1,0
BRDA:556,27,0,0
BRDA:556,27,1,0
BRDA:579,28,0,0
BRDA:579,28,1,0
BRDA:600,29,0,0
BRDA:600,29,1,1
BRDA:600,30,0,0
BRDA:600,30,1,1
BRDA:601,31,0,0
BRDA:601,31,1,1
BRDA:611,32,0,0
BRDA:611,32,1,0
BRDA:611,32,2,0
BRDA:612,33,0,0
BRDA:612,33,1,0
BRDA:612,33,2,0
BRDA:625,34,0,0
BRDA:625,34,1,0
BRDA:646,35,0,1
BRDA:646,35,1,4
BRDA:646,36,0,5
BRDA:646,36,1,1
BRDA:647,37,0,0
BRDA:647,37,1,1
BRDA:652,38,0,0
BRDA:652,38,1,1
BRDA:676,39,0,0
BRDA:676,39,1,5
BRDA:843,40,0,5
BRDA:843,40,1,0
BRDA:844,41,0,5
BRDA:844,41,1,0
BRDA:846,42,0,1
BRDA:846,42,1,4
BRDA:848,43,0,5
BRDA:848,43,1,5
BRDA:860,44,0,5
BRDA:860,44,1,0
BRDA:863,45,0,5
BRDA:863,45,1,0
BRDA:880,46,0,0
BRDA:880,46,1,5
BRDA:881,47,0,0
BRDA:881,47,1,5
BRDA:882,48,0,0
BRDA:882,48,1,5
BRDA:913,49,0,5
BRDA:913,49,1,0
BRDA:951,50,0,0
BRDA:951,50,1,0
BRDA:951,51,0,0
BRDA:951,51,1,0
BRDA:952,52,0,0
BRDA:952,52,1,0
BRDA:957,53,0,5
BRDA:957,53,1,0
BRDA:958,54,0,5
BRDA:958,54,1,0
BRDA:959,55,0,0
BRDA:959,55,1,0
BRDA:960,56,0,0
BRDA:960,56,1,0
BRDA:961,57,0,0
BRDA:961,57,1,0
BRDA:962,58,0,0
BRDA:962,58,1,0
BRDA:1009,59,0,1
BRDA:1009,59,1,36
BRDA:1011,60,0,1
BRDA:1011,60,1,0
BRDA:1029,61,0,7
BRDA:1029,61,1,11
BRDA:1093,62,0,14
BRDA:1093,62,1,0
BRDA:1094,63,0,14
BRDA:1094,63,1,0
BRDA:1097,64,0,14
BRDA:1097,64,1,6
BRDA:1102,65,0,6
BRDA:1102,65,1,8
BRDA:1106,66,0,6
BRDA:1106,66,1,0
BRDA:1110,67,0,6
BRDA:1110,67,1,0
BRDA:1142,68,0,8
BRDA:1142,68,1,0
BRDA:1150,69,0,0
BRDA:1150,69,1,8
BRDA:1150,70,0,0
BRDA:1150,70,1,8
BRDA:1151,71,0,0
BRDA:1151,71,1,8
BRDA:1151,72,0,8
BRDA:1151,72,1,0
BRDA:1183,73,0,10
BRDA:1183,73,1,50
BRDA:1185,74,0,10
BRDA:1185,74,1,40
BRDA:1187,75,0,5
BRDA:1187,75,1,35
BRDA:1192,76,0,60
BRDA:1192,76,1,180
BRDA:1192,77,0,25
BRDA:1192,77,1,155
BRDA:1194,78,0,25
BRDA:1194,78,1,215
BRDA:1194,79,0,240
BRDA:1194,79,1,25
BRDA:1232,80,0,38
BRDA:1232,80,1,0
BRDA:1234,81,0,19
BRDA:1234,81,1,0
BRDA:1235,82,0,19
BRDA:1235,82,1,0
BRDA:1236,83,0,5
BRDA:1236,83,1,14
BRDA:1236,84,0,19
BRDA:1236,84,1,19
BRDA:1252,85,0,1
BRDA:1252,85,1,13
BRDA:1256,86,0,1
BRDA:1256,86,1,0
BRDA:1258,87,0,1
BRDA:1258,87,1,13
BRDA:1259,88,0,2
BRDA:1259,88,1,2
BRDA:1261,89,0,55
BRDA:1261,89,1,41
BRDA:1263,90,0,14
BRDA:1263,90,1,0
BRDA:1265,91,0,1
BRDA:1265,91,1,13
BRDA:1265,92,0,14
BRDA:1265,92,1,1
BRDA:1270,93,0,14
BRDA:1270,93,1,0
BRDA:1280,94,0,14
BRDA:1280,94,1,0
BRDA:1287,95,0,1
BRDA:1287,95,1,13
BRDA:1287,96,0,14
BRDA:1287,96,1,1
BRDA:1312,97,0,0
BRDA:1312,97,1,14
BRDA:1314,98,0,0
BRDA:1314,98,1,0
BRDA:1315,99,0,0
BRDA:1315,99,1,0
BRDA:1317,100,0,0
BRDA:1317,100,1,0
BRDA:1336,101,0,0
BRDA:1336,101,1,14
BRDA:1341,102,0,1
BRDA:1341,102,1,13
BRDA:1361,103,0,55
BRDA:1361,103,1,0
BRDA:1364,104,0,53
BRDA:1364,104,1,2
BRDA:1374,105,0,2
BRDA:1374,105,1,2
BRDA:1376,106,0,2
BRDA:1376,106,1,1
BRDA:1380,107,0,2
BRDA:1380,107,1,0
BRDA:1381,108,0,2
BRDA:1381,108,1,0
BRDA:1384,109,0,9
BRDA:1384,109,1,7
BRDA:1404,110,0,53
BRDA:1404,110,1,53
BRDA:1404,110,2,53
BRDA:1407,111,0,0
BRDA:1407,111,1,53
BRDA:1408,112,0,0
BRDA:1408,112,1,53
BRDA:1424,113,0,2
BRDA:1424,113,1,0
BRDA:1424,114,0,2
BRDA:1424,114,1,2
BRDA:1427,115,0,0
BRDA:1427,115,1,0
BRDA:1429,116,0,0
BRDA:1429,116,1,0
BRDA:1467,117,0,0
BRDA:1467,117,1,0
BRDA:1476,118,0,0
BRDA:1476,118,1,0
BRDA:1517,119,0,0
BRDA:1517,119,1,0
BRDA:1543,120,0,0
BRDA:1543,120,1,0
BRF:249
BRH:130
end_of_record
TN:
SF:src\modules\training\training-scheduler.service.ts
FN:12,(anonymous_2)
FN:26,(anonymous_3)
FN:143,(anonymous_4)
FN:157,(anonymous_5)
FN:163,(anonymous_6)
FN:174,(anonymous_7)
FN:187,(anonymous_8)
FN:220,(anonymous_9)
FN:254,(anonymous_10)
FNF:9
FNH:0
FNDA:0,(anonymous_2)
FNDA:0,(anonymous_3)
FNDA:0,(anonymous_4)
FNDA:0,(anonymous_5)
FNDA:0,(anonymous_6)
FNDA:0,(anonymous_7)
FNDA:0,(anonymous_8)
FNDA:0,(anonymous_9)
FNDA:0,(anonymous_10)
DA:1,0
DA:2,0
DA:3,0
DA:4,0
DA:5,0
DA:8,0
DA:9,0
DA:10,0
DA:13,0
DA:14,0
DA:15,0
DA:26,0
DA:27,0
DA:29,0
DA:30,0
DA:31,0
DA:34,0
DA:35,0
DA:39,0
DA:40,0
DA:43,0
DA:44,0
DA:47,0
DA:51,0
DA:57,0
DA:58,0
DA:59,0
DA:62,0
DA:63,0
DA:64,0
DA:67,0
DA:69,0
DA:71,0
DA:72,0
DA:74,0
DA:75,0
DA:76,0
DA:79,0
DA:83,0
DA:84,0
DA:85,0
DA:87,0
DA:102,0
DA:114,0
DA:115,0
DA:116,0
DA:117,0
DA:122,0
DA:129,0
DA:134,0
DA:136,0
DA:144,0
DA:151,0
DA:158,0
DA:159,0
DA:160,0
DA:163,0
DA:164,0
DA:165,0
DA:166,0
DA:175,0
DA:176,0
DA:187,0
DA:188,0
DA:189,0
DA:193,0
DA:195,0
DA:198,0
DA:199,0
DA:200,0
DA:202,0
DA:209,0
DA:213,0
DA:221,0
DA:223,0
DA:225,0
DA:236,0
DA:248,0
DA:255,0
DA:256,0
LF:80
LH:0
BRDA:43,0,0,0
BRDA:43,0,1,0
BRDA:57,1,0,0
BRDA:57,1,1,0
BRDA:62,2,0,0
BRDA:62,2,1,0
BRDA:62,3,0,0
BRDA:62,3,1,0
BRDA:75,4,0,0
BRDA:75,4,1,0
BRDA:114,5,0,0
BRDA:114,5,1,0
BRDA:151,6,0,0
BRDA:151,6,1,0
BRDA:165,7,0,0
BRDA:165,7,1,0
BRF:16
BRH:0
end_of_record
TN:
SF:src\modules\training\training.controller.ts
FN:86,weeksUntil
FN:103,(anonymous_5)
FN:117,(anonymous_6)
FN:130,(anonymous_7)
FN:174,(anonymous_8)
FN:208,(anonymous_9)
FN:382,(anonymous_10)
FN:502,(anonymous_11)
FN:592,(anonymous_12)
FN:648,(anonymous_13)
FN:692,(anonymous_14)
FN:729,(anonymous_15)
FN:758,(anonymous_16)
FN:773,(anonymous_17)
FN:798,(anonymous_18)
FN:819,(anonymous_19)
FN:838,(anonymous_20)
FN:857,(anonymous_21)
FN:878,(anonymous_22)
FN:897,(anonymous_23)
FN:919,(anonymous_24)
FN:947,(anonymous_25)
FN:974,(anonymous_26)
FN:1005,(anonymous_27)
FN:1028,(anonymous_28)
FN:1052,(anonymous_29)
FN:1066,(anonymous_30)
FN:1093,(anonymous_31)
FN:1128,(anonymous_32)
FN:1155,(anonymous_33)
FN:1186,(anonymous_34)
FN:1264,(anonymous_35)
FNF:32
FNH:0
FNDA:0,weeksUntil
FNDA:0,(anonymous_5)
FNDA:0,(anonymous_6)
FNDA:0,(anonymous_7)
FNDA:0,(anonymous_8)
FNDA:0,(anonymous_9)
FNDA:0,(anonymous_10)
FNDA:0,(anonymous_11)
FNDA:0,(anonymous_12)
FNDA:0,(anonymous_13)
FNDA:0,(anonymous_14)
FNDA:0,(anonymous_15)
FNDA:0,(anonymous_16)
FNDA:0,(anonymous_17)
FNDA:0,(anonymous_18)
FNDA:0,(anonymous_19)
FNDA:0,(anonymous_20)
FNDA:0,(anonymous_21)
FNDA:0,(anonymous_22)
FNDA:0,(anonymous_23)
FNDA:0,(anonymous_24)
FNDA:0,(anonymous_25)
FNDA:0,(anonymous_26)
FNDA:0,(anonymous_27)
FNDA:0,(anonymous_28)
FNDA:0,(anonymous_29)
FNDA:0,(anonymous_30)
FNDA:0,(anonymous_31)
FNDA:0,(anonymous_32)
FNDA:0,(anonymous_33)
FNDA:0,(anonymous_34)
FNDA:0,(anonymous_35)
DA:1,0
DA:15,0
DA:20,0
DA:24,0
DA:25,0
DA:26,0
DA:27,0
DA:28,0
DA:29,0
DA:30,0
DA:31,0
DA:87,0
DA:88,0
DA:89,0
DA:90,0
DA:91,0
DA:92,0
DA:100,0
DA:101,0
DA:104,0
DA:105,0
DA:106,0
DA:107,0
DA:108,0
DA:109,0
DA:118,0
DA:123,0
DA:131,0
DA:132,0
DA:134,0
DA:142,0
DA:143,0
DA:146,0
DA:149,0
DA:150,0
DA:157,0
DA:162,0
DA:175,0
DA:176,0
DA:181,0
DA:183,0
DA:189,0
DA:191,0
DA:194,0
DA:196,0
DA:208,0
DA:212,0
DA:213,0
DA:216,0
DA:218,0
DA:264,0
DA:265,0
DA:269,0
DA:275,0
DA:278,0
DA:286,0
DA:287,0
DA:290,0
DA:293,0
DA:298,0
DA:299,0
DA:302,0
DA:316,0
DA:320,0
DA:325,0
DA:354,0
DA:366,0
DA:367,0
DA:368,0
DA:370,0
DA:382,0
DA:386,0
DA:387,0
DA:390,0
DA:392,0
DA:429,0
DA:430,0
DA:434,0
DA:440,0
DA:449,0
DA:456,0
DA:457,0
DA:460,0
DA:461,0
DA:467,0
DA:474,0
DA:475,0
DA:478,0
DA:481,0
DA:483,0
DA:485,0
DA:486,0
DA:487,0
DA:489,0
DA:502,0
DA:503,0
DA:504,0
DA:509,0
DA:510,0
DA:513,0
DA:516,0
DA:518,0
DA:519,0
DA:521,0
DA:522,0
DA:525,0
DA:531,0
DA:534,0
DA:544,0
DA:550,0
DA:551,0
DA:555,0
DA:562,0
DA:567,0
DA:575,0
DA:582,0
DA:593,0
DA:594,0
DA:595,0
DA:596,0
DA:618,0
DA:622,0
DA:628,0
DA:630,0
DA:631,0
DA:633,0
DA:648,0
DA:649,0
DA:651,0
DA:652,0
DA:654,0
DA:666,0
DA:672,0
DA:692,0
DA:693,0
DA:695,0
DA:696,0
DA:698,0
DA:715,0
DA:722,0
DA:729,0
DA:733,0
DA:734,0
DA:737,0
DA:738,0
DA:739,0
DA:746,0
DA:747,0
DA:758,0
DA:759,0
DA:760,0
DA:763,0
DA:764,0
DA:773,0
DA:774,0
DA:775,0
DA:778,0
DA:779,0
DA:780,0
DA:781,0
DA:783,0
DA:785,0
DA:786,0
DA:787,0
DA:798,0
DA:803,0
DA:804,0
DA:807,0
DA:812,0
DA:819,0
DA:823,0
DA:824,0
DA:827,0
DA:831,0
DA:838,0
DA:842,0
DA:843,0
DA:846,0
DA:847,0
DA:857,0
DA:861,0
DA:862,0
DA:865,0
DA:869,0
DA:878,0
DA:882,0
DA:883,0
DA:886,0
DA:890,0
DA:897,0
DA:902,0
DA:903,0
DA:906,0
DA:911,0
DA:919,0
DA:923,0
DA:924,0
DA:927,0
DA:928,0
DA:932,0
DA:934,0
DA:935,0
DA:947,0
DA:951,0
DA:952,0
DA:955,0
DA:956,0
DA:960,0
DA:962,0
DA:963,0
DA:974,0
DA:979,0
DA:980,0
DA:983,0
DA:984,0
DA:989,0
DA:991,0
DA:992,0
DA:1005,0
DA:1010,0
DA:1011,0
DA:1014,0
DA:1015,0
DA:1021,0
DA:1022,0
DA:1027,0
DA:1028,0
DA:1030,0
DA:1036,0
DA:1037,0
DA:1052,0
DA:1053,0
DA:1054,0
DA:1057,0
DA:1059,0
DA:1061,0
DA:1062,0
DA:1066,0
DA:1067,0
DA:1068,0
DA:1069,0
DA:1072,0
DA:1080,0
DA:1081,0
DA:1093,0
DA:1094,0
DA:1095,0
DA:1098,0
DA:1100,0
DA:1102,0
DA:1103,0
DA:1107,0
DA:1108,0
DA:1109,0
DA:1111,0
DA:1113,0
DA:1119,0
DA:1120,0
DA:1128,0
DA:1132,0
DA:1133,0
DA:1136,0
DA:1137,0
DA:1141,0
DA:1143,0
DA:1144,0
DA:1155,0
DA:1160,0
DA:1161,0
DA:1164,0
DA:1165,0
DA:1171,0
DA:1172,0
DA:1186,0
DA:1187,0
DA:1188,0
DA:1191,0
DA:1195,0
DA:1197,0
DA:1206,0
DA:1207,0
DA:1214,0
DA:1220,0
DA:1221,0
DA:1231,0
DA:1236,0
DA:1237,0
DA:1243,0
DA:1251,0
DA:1252,0
DA:1264,0
DA:1265,0
DA:1266,0
DA:1269,0
DA:1272,0
DA:1278,0
DA:1279,0
DA:1284,0
DA:1290,0
DA:1291,0
DA:1296,0
DA:1303,0
DA:1304,0
DA:1307,0
DA:1314,0
DA:1315,0
LF:306
LH:0
BRDA:87,0,0,0
BRDA:87,0,1,0
BRDA:89,1,0,0
BRDA:89,1,1,0
BRDA:123,2,0,0
BRDA:123,2,1,0
BRDA:131,3,0,0
BRDA:131,3,1,0
BRDA:132,4,0,0
BRDA:132,4,1,0
BRDA:142,5,0,0
BRDA:142,5,1,0
BRDA:142,6,0,0
BRDA:142,6,1,0
BRDA:163,7,0,0
BRDA:163,7,1,0
BRDA:181,8,0,0
BRDA:181,8,1,0
BRDA:189,9,0,0
BRDA:189,9,1,0
BRDA:189,10,0,0
BRDA:189,10,1,0
BRDA:197,11,0,0
BRDA:197,11,1,0
BRDA:212,12,0,0
BRDA:212,12,1,0
BRDA:245,13,0,0
BRDA:245,13,1,0
BRDA:246,14,0,0
BRDA:246,14,1,0
BRDA:247,15,0,0
BRDA:247,15,1,0
BRDA:248,16,0,0
BRDA:248,16,1,0
BRDA:249,17,0,0
BRDA:249,17,1,0
BRDA:256,18,0,0
BRDA:256,18,1,0
BRDA:257,19,0,0
BRDA:257,19,1,0
BRDA:258,20,0,0
BRDA:258,20,1,0
BRDA:264,21,0,0
BRDA:264,21,1,0
BRDA:290,22,0,0
BRDA:290,22,1,0
BRDA:298,23,0,0
BRDA:298,23,1,0
BRDA:316,24,0,0
BRDA:316,24,1,0
BRDA:316,25,0,0
BRDA:316,25,1,0
BRDA:331,26,0,0
BRDA:331,26,1,0
BRDA:332,27,0,0
BRDA:332,27,1,0
BRDA:334,28,0,0
BRDA:334,28,1,0
BRDA:334,29,0,0
BRDA:334,29,1,0
BRDA:341,30,0,0
BRDA:341,30,1,0
BRDA:342,31,0,0
BRDA:342,31,1,0
BRDA:343,32,0,0
BRDA:343,32,1,0
BRDA:344,33,0,0
BRDA:344,33,1,0
BRDA:345,34,0,0
BRDA:345,34,1,0
BRDA:348,35,0,0
BRDA:348,35,1,0
BRDA:349,36,0,0
BRDA:349,36,1,0
BRDA:350,37,0,0
BRDA:350,37,1,0
BRDA:367,38,0,0
BRDA:367,38,1,0
BRDA:371,39,0,0
BRDA:371,39,1,0
BRDA:386,40,0,0
BRDA:386,40,1,0
BRDA:413,41,0,0
BRDA:413,41,1,0
BRDA:414,42,0,0
BRDA:414,42,1,0
BRDA:415,43,0,0
BRDA:415,43,1,0
BRDA:416,44,0,0
BRDA:416,44,1,0
BRDA:417,45,0,0
BRDA:417,45,1,0
BRDA:422,46,0,0
BRDA:422,46,1,0
BRDA:423,47,0,0
BRDA:423,47,1,0
BRDA:424,48,0,0
BRDA:424,48,1,0
BRDA:429,49,0,0
BRDA:429,49,1,0
BRDA:456,50,0,0
BRDA:456,50,1,0
BRDA:460,51,0,0
BRDA:460,51,1,0
BRDA:460,52,0,0
BRDA:460,52,1,0
BRDA:478,53,0,0
BRDA:478,53,1,0
BRDA:486,54,0,0
BRDA:486,54,1,0
BRDA:490,55,0,0
BRDA:490,55,1,0
BRDA:503,56,0,0
BRDA:503,56,1,0
BRDA:509,57,0,0
BRDA:509,57,1,0
BRDA:519,58,0,0
BRDA:519,58,1,0
BRDA:521,59,0,0
BRDA:521,59,1,0
BRDA:536,60,0,0
BRDA:536,60,1,0
BRDA:550,61,0,0
BRDA:550,61,1,0
BRDA:550,62,0,0
BRDA:550,62,1,0
BRDA:562,63,0,0
BRDA:562,63,1,0
BRDA:567,64,0,0
BRDA:567,64,1,0
BRDA:567,64,2,0
BRDA:567,64,3,0
BRDA:567,64,4,0
BRDA:567,65,0,0
BRDA:567,65,1,0
BRDA:568,66,0,0
BRDA:568,66,1,0
BRDA:583,67,0,0
BRDA:583,67,1,0
BRDA:584,68,0,0
BRDA:584,68,1,0
BRDA:585,69,0,0
BRDA:585,69,1,0
BRDA:586,70,0,0
BRDA:586,70,1,0
BRDA:589,71,0,0
BRDA:589,71,1,0
BRDA:589,71,2,0
BRDA:591,72,0,0
BRDA:591,72,1,0
BRDA:591,72,2,0
BRDA:593,73,0,0
BRDA:593,73,1,0
BRDA:594,74,0,0
BRDA:594,74,1,0
BRDA:596,75,0,0
BRDA:596,75,1,0
BRDA:596,76,0,0
BRDA:596,76,1,0
BRDA:598,77,0,0
BRDA:598,77,1,0
BRDA:600,78,0,0
BRDA:600,78,1,0
BRDA:602,79,0,0
BRDA:602,79,1,0
BRDA:604,80,0,0
BRDA:604,80,1,0
BRDA:604,80,2,0
BRDA:605,81,0,0
BRDA:605,81,1,0
BRDA:605,81,2,0
BRDA:606,82,0,0
BRDA:606,82,1,0
BRDA:606,82,2,0
BRDA:607,83,0,0
BRDA:607,83,1,0
BRDA:607,83,2,0
BRDA:608,84,0,0
BRDA:608,84,1,0
BRDA:608,84,2,0
BRDA:609,85,0,0
BRDA:609,85,1,0
BRDA:612,86,0,0
BRDA:612,86,1,0
BRDA:612,86,2,0
BRDA:614,87,0,0
BRDA:614,87,1,0
BRDA:614,87,2,0
BRDA:615,88,0,0
BRDA:615,88,1,0
BRDA:615,88,2,0
BRDA:630,89,0,0
BRDA:630,89,1,0
BRDA:634,90,0,0
BRDA:634,90,1,0
BRDA:649,91,0,0
BRDA:649,91,1,0
BRDA:651,92,0,0
BRDA:651,92,1,0
BRDA:651,93,0,0
BRDA:651,93,1,0
BRDA:652,94,0,0
BRDA:652,94,1,0
BRDA:657,95,0,0
BRDA:657,95,1,0
BRDA:660,96,0,0
BRDA:660,96,1,0
BRDA:661,97,0,0
BRDA:661,97,1,0
BRDA:662,98,0,0
BRDA:662,98,1,0
BRDA:693,99,0,0
BRDA:693,99,1,0
BRDA:695,100,0,0
BRDA:695,100,1,0
BRDA:695,101,0,0
BRDA:695,101,1,0
BRDA:696,102,0,0
BRDA:696,102,1,0
BRDA:701,103,0,0
BRDA:701,103,1,0
BRDA:706,104,0,0
BRDA:706,104,1,0
BRDA:707,105,0,0
BRDA:707,105,1,0
BRDA:708,106,0,0
BRDA:708,106,1,0
BRDA:709,107,0,0
BRDA:709,107,1,0
BRDA:710,108,0,0
BRDA:710,108,1,0
BRDA:711,109,0,0
BRDA:711,109,1,0
BRDA:712,110,0,0
BRDA:712,110,1,0
BRDA:718,111,0,0
BRDA:718,111,1,0
BRDA:733,112,0,0
BRDA:733,112,1,0
BRDA:748,113,0,0
BRDA:748,113,1,0
BRDA:759,114,0,0
BRDA:759,114,1,0
BRDA:774,115,0,0
BRDA:774,115,1,0
BRDA:780,116,0,0
BRDA:780,116,1,0
BRDA:785,117,0,0
BRDA:785,117,1,0
BRDA:788,118,0,0
BRDA:788,118,1,0
BRDA:803,119,0,0
BRDA:803,119,1,0
BRDA:823,120,0,0
BRDA:823,120,1,0
BRDA:829,121,0,0
BRDA:829,121,1,0
BRDA:842,122,0,0
BRDA:842,122,1,0
BRDA:861,123,0,0
BRDA:861,123,1,0
BRDA:882,124,0,0
BRDA:882,124,1,0
BRDA:902,125,0,0
BRDA:902,125,1,0
BRDA:923,126,0,0
BRDA:923,126,1,0
BRDA:936,127,0,0
BRDA:936,127,1,0
BRDA:951,128,0,0
BRDA:951,128,1,0
BRDA:964,129,0,0
BRDA:964,129,1,0
BRDA:979,130,0,0
BRDA:979,130,1,0
BRDA:993,131,0,0
BRDA:993,131,1,0
BRDA:1010,132,0,0
BRDA:1010,132,1,0
BRDA:1014,133,0,0
BRDA:1014,133,1,0
BRDA:1014,134,0,0
BRDA:1014,134,1,0
BRDA:1032,135,0,0
BRDA:1032,135,1,0
BRDA:1038,136,0,0
BRDA:1038,136,1,0
BRDA:1053,137,0,0
BRDA:1053,137,1,0
BRDA:1061,138,0,0
BRDA:1061,138,1,0
BRDA:1082,139,0,0
BRDA:1082,139,1,0
BRDA:1094,140,0,0
BRDA:1094,140,1,0
BRDA:1102,141,0,0
BRDA:1102,141,1,0
BRDA:1132,142,0,0
BRDA:1132,142,1,0
BRDA:1145,143,0,0
BRDA:1145,143,1,0
BRDA:1160,144,0,0
BRDA:1160,144,1,0
BRDA:1173,145,0,0
BRDA:1173,145,1,0
BRDA:1187,146,0,0
BRDA:1187,146,1,0
BRDA:1206,147,0,0
BRDA:1206,147,1,0
BRDA:1220,148,0,0
BRDA:1220,148,1,0
BRDA:1236,149,0,0
BRDA:1236,149,1,0
BRDA:1253,150,0,0
BRDA:1253,150,1,0
BRDA:1265,151,0,0
BRDA:1265,151,1,0
BRDA:1278,152,0,0
BRDA:1278,152,1,0
BRDA:1290,153,0,0
BRDA:1290,153,1,0
BRDA:1303,154,0,0
BRDA:1303,154,1,0
BRDA:1309,155,0,0
BRDA:1309,155,1,0
BRDA:1310,156,0,0
BRDA:1310,156,1,0
BRDA:1311,157,0,0
BRDA:1311,157,1,0
BRF:329
BRH:0
end_of_record
TN:
SF:src\modules\training\training.module.ts
FN:33,(anonymous_1)
FN:37,(anonymous_2)
FNF:2
FNH:0
FNDA:0,(anonymous_1)
FNDA:0,(anonymous_2)
DA:1,0
DA:2,0
DA:3,0
DA:4,0
DA:5,0
DA:6,0
DA:7,0
DA:8,0
DA:9,0
DA:10,0
DA:11,0
DA:12,0
DA:13,0
DA:14,0
DA:15,0
DA:16,0
DA:17,0
DA:33,0
DA:37,0
DA:55,0
LF:20
LH:0
BRF:0
BRH:0
end_of_record
TN:
SF:src\modules\training\training.service.ts
FN:51,(anonymous_13)
FN:72,(anonymous_14)
FN:100,(anonymous_15)
FN:153,(anonymous_16)
FN:158,(anonymous_17)
FN:189,(anonymous_18)
FN:386,(anonymous_19)
FN:419,(anonymous_20)
FN:439,(anonymous_21)
FN:451,(anonymous_22)
FN:459,(anonymous_23)
FN:460,(anonymous_24)
FN:462,(anonymous_25)
FN:484,(anonymous_26)
FN:497,(anonymous_27)
FN:508,(anonymous_28)
FN:551,(anonymous_29)
FN:563,(anonymous_30)
FN:594,(anonymous_31)
FN:667,(anonymous_32)
FN:696,(anonymous_33)
FN:718,(anonymous_34)
FN:720,(anonymous_35)
FN:727,(anonymous_36)
FN:748,(anonymous_37)
FN:749,(anonymous_38)
FN:790,(anonymous_39)
FN:802,(anonymous_40)
FN:803,(anonymous_41)
FN:806,(anonymous_42)
FN:815,(anonymous_43)
FN:819,(anonymous_44)
FN:830,(anonymous_45)
FN:851,(anonymous_46)
FN:870,(anonymous_47)
FN:880,(anonymous_48)
FN:954,(anonymous_49)
FN:960,(anonymous_50)
FN:970,(anonymous_51)
FN:1227,(anonymous_52)
FN:1255,(anonymous_53)
FN:1307,(anonymous_54)
FN:1325,(anonymous_55)
FN:1424,(anonymous_56)
FN:1481,(anonymous_57)
FN:1587,(anonymous_58)
FN:1610,(anonymous_59)
FN:1653,(anonymous_60)
FN:1670,(anonymous_61)
FN:1783,(anonymous_62)
FN:1797,(anonymous_63)
FN:1839,(anonymous_64)
FN:1840,(anonymous_65)
FN:1847,(anonymous_66)
FN:1960,(anonymous_67)
FN:1991,(anonymous_68)
FN:2004,(anonymous_69)
FN:2068,(anonymous_70)
FN:2070,(anonymous_71)
FN:2084,(anonymous_72)
FN:2100,(anonymous_73)
FN:2109,(anonymous_74)
FN:2158,(anonymous_75)
FN:2162,(anonymous_76)
FN:2168,(anonymous_77)
FN:2177,(anonymous_78)
FN:57,(anonymous_79)
FN:64,(anonymous_80)
FN:2202,getWorkoutTitlePtBr
FN:2219,extractTargetDistanceLabel
FNF:70
FNH:20
FNDA:14,(anonymous_13)
FNDA:11,(anonymous_14)
FNDA:0,(anonymous_15)
FNDA:0,(anonymous_16)
FNDA:0,(anonymous_17)
FNDA:0,(anonymous_18)
FNDA:0,(anonymous_19)
FNDA:16,(anonymous_20)
FNDA:5,(anonymous_21)
FNDA:0,(anonymous_22)
FNDA:0,(anonymous_23)
FNDA:0,(anonymous_24)
FNDA:0,(anonymous_25)
FNDA:0,(anonymous_26)
FNDA:0,(anonymous_27)
FNDA:0,(anonymous_28)
FNDA:0,(anonymous_29)
FNDA:0,(anonymous_30)
FNDA:0,(anonymous_31)
FNDA:2,(anonymous_32)
FNDA:4,(anonymous_33)
FNDA:7,(anonymous_34)
FNDA:2,(anonymous_35)
FNDA:7,(anonymous_36)
FNDA:2,(anonymous_37)
FNDA:1,(anonymous_38)
FNDA:1,(anonymous_39)
FNDA:2,(anonymous_40)
FNDA:2,(anonymous_41)
FNDA:2,(anonymous_42)
FNDA:0,(anonymous_43)
FNDA:0,(anonymous_44)
FNDA:1,(anonymous_45)
FNDA:1,(anonymous_46)
FNDA:0,(anonymous_47)
FNDA:0,(anonymous_48)
FNDA:0,(anonymous_49)
FNDA:0,(anonymous_50)
FNDA:0,(anonymous_51)
FNDA:0,(anonymous_52)
FNDA:0,(anonymous_53)
FNDA:0,(anonymous_54)
FNDA:0,(anonymous_55)
FNDA:1,(anonymous_56)
FNDA:0,(anonymous_57)
FNDA:0,(anonymous_58)
FNDA:0,(anonymous_59)
FNDA:0,(anonymous_60)
FNDA:0,(anonymous_61)
FNDA:0,(anonymous_62)
FNDA:0,(anonymous_63)
FNDA:0,(anonymous_64)
FNDA:0,(anonymous_65)
FNDA:0,(anonymous_66)
FNDA:0,(anonymous_67)
FNDA:0,(anonymous_68)
FNDA:0,(anonymous_69)
FNDA:0,(anonymous_70)
FNDA:0,(anonymous_71)
FNDA:0,(anonymous_72)
FNDA:0,(anonymous_73)
FNDA:0,(anonymous_74)
FNDA:0,(anonymous_75)
FNDA:0,(anonymous_76)
FNDA:0,(anonymous_77)
FNDA:0,(anonymous_78)
FNDA:14,(anonymous_79)
FNDA:14,(anonymous_80)
FNDA:0,getWorkoutTitlePtBr
FNDA:0,extractTargetDistanceLabel
DA:1,1
DA:2,1
DA:3,1
DA:4,1
DA:5,1
DA:11,1
DA:12,1
DA:13,1
DA:14,1
DA:21,1
DA:47,1
DA:48,14
DA:49,14
DA:52,14
DA:53,14
DA:54,14
DA:57,14
DA:58,14
DA:59,14
DA:60,14
DA:61,14
DA:62,14
DA:64,14
DA:65,14
DA:73,11
DA:75,11
DA:80,11
DA:81,11
DA:82,11
DA:83,11
DA:86,11
DA:88,11
DA:92,11
DA:105,0
DA:107,0
DA:108,0
DA:113,0
DA:119,0
DA:120,0
DA:126,0
DA:145,0
DA:147,0
DA:152,0
DA:154,0
DA:159,0
DA:166,0
DA:180,0
DA:181,0
DA:194,0
DA:195,0
DA:198,0
DA:203,0
DA:210,0
DA:212,0
DA:213,0
DA:216,0
DA:218,0
DA:219,0
DA:220,0
DA:222,0
DA:223,0
DA:226,0
DA:228,0
DA:229,0
DA:230,0
DA:234,0
DA:236,0
DA:239,0
DA:240,0
DA:244,0
DA:245,0
DA:256,0
DA:257,0
DA:261,0
DA:263,0
DA:268,0
DA:269,0
DA:270,0
DA:273,0
DA:279,0
DA:283,0
DA:287,0
DA:288,0
DA:295,0
DA:298,0
DA:301,0
DA:303,0
DA:304,0
DA:305,0
DA:306,0
DA:310,0
DA:311,0
DA:315,0
DA:322,0
DA:323,0
DA:338,0
DA:341,0
DA:343,0
DA:347,0
DA:353,0
DA:354,0
DA:358,0
DA:360,0
DA:372,0
DA:389,0
DA:395,0
DA:397,0
DA:402,0
DA:404,0
DA:420,16
DA:422,6
DA:423,6
DA:428,10
DA:429,10
DA:440,5
DA:441,5
DA:442,5
DA:455,0
DA:456,0
DA:459,0
DA:460,0
DA:462,0
DA:463,0
DA:464,0
DA:465,0
DA:469,0
DA:485,0
DA:486,0
DA:489,0
DA:490,0
DA:491,0
DA:492,0
DA:493,0
DA:494,0
DA:497,0
DA:515,0
DA:521,0
DA:529,0
DA:530,0
DA:532,0
DA:533,0
DA:535,0
DA:536,0
DA:540,0
DA:543,0
DA:544,0
DA:547,0
DA:552,0
DA:557,0
DA:563,0
DA:572,0
DA:587,0
DA:598,0
DA:601,0
DA:604,0
DA:618,0
DA:621,0
DA:622,0
DA:624,0
DA:625,0
DA:631,0
DA:635,0
DA:639,0
DA:641,0
DA:646,0
DA:659,0
DA:660,0
DA:668,2
DA:675,2
DA:676,2
DA:700,4
DA:706,4
DA:707,0
DA:710,0
DA:714,4
DA:717,4
DA:718,7
DA:721,2
DA:726,4
DA:728,7
DA:731,4
DA:732,1
DA:735,3
DA:736,3
DA:737,3
DA:738,3
DA:739,3
DA:740,2
DA:743,1
DA:744,1
DA:747,1
DA:748,2
DA:749,1
DA:750,1
DA:751,1
DA:755,1
DA:756,0
DA:763,1
DA:767,1
DA:768,0
DA:772,0
DA:775,1
DA:776,1
DA:779,1
DA:791,1
DA:799,1
DA:801,1
DA:802,2
DA:803,2
DA:805,1
DA:806,2
DA:809,0
DA:814,0
DA:815,0
DA:816,0
DA:819,0
DA:831,1
DA:833,1
DA:835,1
DA:844,1
DA:845,1
DA:852,1
DA:863,1
DA:864,1
DA:880,0
DA:898,0
DA:899,0
DA:900,0
DA:902,0
DA:909,0
DA:910,0
DA:913,0
DA:930,0
DA:937,0
DA:938,0
DA:942,0
DA:943,0
DA:946,0
DA:947,0
DA:949,0
DA:954,0
DA:959,0
DA:960,0
DA:963,0
DA:964,0
DA:967,0
DA:970,0
DA:971,0
DA:976,0
DA:982,0
DA:985,0
DA:990,0
DA:991,0
DA:996,0
DA:997,0
DA:998,0
DA:999,0
DA:1000,0
DA:1001,0
DA:1015,0
DA:1016,0
DA:1017,0
DA:1022,0
DA:1026,0
DA:1038,0
DA:1068,0
DA:1069,0
DA:1078,0
DA:1084,0
DA:1085,0
DA:1091,0
DA:1092,0
DA:1093,0
DA:1101,0
DA:1116,0
DA:1117,0
DA:1118,0
DA:1122,0
DA:1123,0
DA:1131,0
DA:1132,0
DA:1141,0
DA:1142,0
DA:1143,0
DA:1151,0
DA:1155,0
DA:1164,0
DA:1175,0
DA:1181,0
DA:1182,0
DA:1184,0
DA:1194,0
DA:1197,0
DA:1201,0
DA:1202,0
DA:1208,0
DA:1209,0
DA:1215,0
DA:1220,0
DA:1225,0
DA:1228,0
DA:1233,0
DA:1234,0
DA:1241,0
DA:1246,0
DA:1260,0
DA:1262,0
DA:1291,0
DA:1292,0
DA:1296,0
DA:1299,0
DA:1311,0
DA:1319,0
DA:1322,0
DA:1323,0
DA:1325,0
DA:1328,0
DA:1329,0
DA:1330,0
DA:1331,0
DA:1335,0
DA:1342,0
DA:1347,0
DA:1348,0
DA:1354,0
DA:1355,0
DA:1361,0
DA:1362,0
DA:1365,0
DA:1370,0
DA:1390,0
DA:1391,0
DA:1395,0
DA:1400,0
DA:1425,1
DA:1432,1
DA:1437,1
DA:1438,1
DA:1439,0
DA:1446,0
DA:1447,0
DA:1451,1
DA:1462,1
DA:1463,0
DA:1473,0
DA:1474,0
DA:1477,0
DA:1482,0
DA:1483,0
DA:1487,0
DA:1502,1
DA:1505,1
DA:1506,1
DA:1507,1
DA:1514,1
DA:1517,1
DA:1518,0
DA:1535,1
DA:1536,1
DA:1537,0
DA:1565,1
DA:1566,0
DA:1569,1
DA:1595,0
DA:1602,0
DA:1603,0
DA:1615,0
DA:1621,0
DA:1622,0
DA:1629,0
DA:1630,0
DA:1634,0
DA:1636,0
DA:1642,0
DA:1643,0
DA:1646,0
DA:1647,0
DA:1653,0
DA:1654,0
DA:1656,0
DA:1662,0
DA:1665,0
DA:1666,0
DA:1669,0
DA:1671,0
DA:1672,0
DA:1673,0
DA:1674,0
DA:1675,0
DA:1676,0
DA:1677,0
DA:1679,0
DA:1683,0
DA:1692,0
DA:1703,0
DA:1704,0
DA:1721,0
DA:1737,0
DA:1738,0
DA:1739,0
DA:1743,0
DA:1754,0
DA:1756,0
DA:1761,0
DA:1762,0
DA:1768,0
DA:1771,0
DA:1789,0
DA:1795,0
DA:1797,0
DA:1799,0
DA:1804,0
DA:1812,0
DA:1813,0
DA:1815,0
DA:1816,0
DA:1817,0
DA:1819,0
DA:1820,0
DA:1826,0
DA:1834,0
DA:1838,0
DA:1839,0
DA:1840,0
DA:1841,0
DA:1842,0
DA:1843,0
DA:1847,0
DA:1848,0
DA:1856,0
DA:1857,0
DA:1858,0
DA:1859,0
DA:1863,0
DA:1868,0
DA:1869,0
DA:1870,0
DA:1872,0
DA:1873,0
DA:1874,0
DA:1875,0
DA:1876,0
DA:1880,0
DA:1884,0
DA:1888,0
DA:1889,0
DA:1890,0
DA:1892,0
DA:1897,0
DA:1898,0
DA:1904,0
DA:1907,0
DA:1930,0
DA:1932,0
DA:1942,0
DA:1953,0
DA:1962,0
DA:1964,0
DA:1968,0
DA:1978,0
DA:1980,0
DA:1983,0
DA:1994,0
DA:1995,0
DA:1997,0
DA:2005,0
DA:2011,0
DA:2012,0
DA:2022,0
DA:2023,0
DA:2024,0
DA:2026,0
DA:2028,0
DA:2029,0
DA:2033,0
DA:2034,0
DA:2035,0
DA:2036,0
DA:2041,0
DA:2042,0
DA:2043,0
DA:2044,0
DA:2045,0
DA:2047,0
DA:2054,0
DA:2055,0
DA:2056,0
DA:2057,0
DA:2058,0
DA:2059,0
DA:2062,0
DA:2066,0
DA:2068,0
DA:2070,0
DA:2071,0
DA:2073,0
DA:2082,0
DA:2083,0
DA:2084,0
DA:2087,0
DA:2088,0
DA:2090,0
DA:2091,0
DA:2092,0
DA:2093,0
DA:2094,0
DA:2095,0
DA:2096,0
DA:2099,0
DA:2100,0
DA:2103,0
DA:2105,0
DA:2106,0
DA:2107,0
DA:2109,0
DA:2110,0
DA:2115,0
DA:2124,0
DA:2126,0
DA:2142,0
DA:2158,0
DA:2161,0
DA:2162,0
DA:2168,0
DA:2169,0
DA:2170,0
DA:2171,0
DA:2176,0
DA:2177,0
DA:2181,0
DA:2182,0
DA:2184,0
DA:2203,0
DA:2216,0
DA:2220,0
DA:2221,0
DA:2226,0
DA:2243,0
DA:2245,0
DA:2246,0
DA:2247,0
LF:541
LH:104
BRDA:119,0,0,0
BRDA:119,0,1,0
BRDA:136,1,0,0
BRDA:136,1,1,0
BRDA:137,2,0,0
BRDA:137,2,1,0
BRDA:138,3,0,0
BRDA:138,3,1,0
BRDA:139,4,0,0
BRDA:139,4,1,0
BRDA:140,5,0,0
BRDA:140,5,1,0
BRDA:145,6,0,0
BRDA:145,6,1,0
BRDA:219,7,0,0
BRDA:219,7,1,0
BRDA:219,8,0,0
BRDA:219,8,1,0
BRDA:228,9,0,0
BRDA:228,9,1,0
BRDA:229,10,0,0
BRDA:229,10,1,0
BRDA:239,11,0,0
BRDA:239,11,1,0
BRDA:249,12,0,0
BRDA:249,12,1,0
BRDA:251,13,0,0
BRDA:251,13,1,0
BRDA:256,14,0,0
BRDA:256,14,1,0
BRDA:271,15,0,0
BRDA:271,15,1,0
BRDA:301,16,0,0
BRDA:301,16,1,0
BRDA:310,17,0,0
BRDA:310,17,1,0
BRDA:322,18,0,0
BRDA:322,18,1,0
BRDA:322,19,0,0
BRDA:322,19,1,0
BRDA:329,20,0,0
BRDA:329,20,1,0
BRDA:330,21,0,0
BRDA:330,21,1,0
BRDA:341,22,0,0
BRDA:341,22,1,0
BRDA:358,23,0,0
BRDA:358,23,1,0
BRDA:395,24,0,0
BRDA:395,24,1,0
BRDA:402,25,0,0
BRDA:402,25,1,0
BRDA:405,26,0,0
BRDA:405,26,1,0
BRDA:406,27,0,0
BRDA:406,27,1,0
BRDA:420,28,0,6
BRDA:420,28,1,10
BRDA:420,29,0,16
BRDA:420,29,1,6
BRDA:442,30,0,1
BRDA:442,30,1,4
BRDA:455,31,0,0
BRDA:455,31,1,0
BRDA:455,32,0,0
BRDA:455,32,1,0
BRDA:460,33,0,0
BRDA:460,33,1,0
BRDA:460,33,2,0
BRDA:463,34,0,0
BRDA:463,34,1,0
BRDA:464,35,0,0
BRDA:464,35,1,0
BRDA:489,36,0,0
BRDA:489,36,1,0
BRDA:490,37,0,0
BRDA:490,37,1,0
BRDA:492,38,0,0
BRDA:492,38,1,0
BRDA:521,39,0,0
BRDA:521,39,1,0
BRDA:521,40,0,0
BRDA:521,40,1,0
BRDA:540,41,0,0
BRDA:540,41,1,0
BRDA:540,42,0,0
BRDA:540,42,1,0
BRDA:547,43,0,0
BRDA:547,43,1,0
BRDA:547,43,2,0
BRDA:547,43,3,0
BRDA:552,44,0,0
BRDA:552,44,1,0
BRDA:552,44,2,0
BRDA:557,45,0,0
BRDA:557,45,1,0
BRDA:559,46,0,0
BRDA:559,46,1,0
BRDA:560,47,0,0
BRDA:560,47,1,0
BRDA:561,48,0,0
BRDA:561,48,1,0
BRDA:562,49,0,0
BRDA:562,49,1,0
BRDA:565,50,0,0
BRDA:565,50,1,0
BRDA:566,51,0,0
BRDA:566,51,1,0
BRDA:567,52,0,0
BRDA:567,52,1,0
BRDA:618,53,0,0
BRDA:618,53,1,0
BRDA:639,54,0,0
BRDA:639,54,1,0
BRDA:675,55,0,0
BRDA:675,55,1,2
BRDA:675,56,0,2
BRDA:675,56,1,1
BRDA:706,57,0,0
BRDA:706,57,1,4
BRDA:706,58,0,4
BRDA:706,58,1,4
BRDA:718,59,0,7
BRDA:718,59,1,5
BRDA:721,60,0,2
BRDA:721,60,1,0
BRDA:721,61,0,2
BRDA:721,61,1,0
BRDA:728,62,0,7
BRDA:728,62,1,4
BRDA:728,62,2,5
BRDA:728,62,3,2
BRDA:731,63,0,1
BRDA:731,63,1,3
BRDA:739,64,0,2
BRDA:739,64,1,1
BRDA:750,65,0,1
BRDA:750,65,1,0
BRDA:755,66,0,0
BRDA:755,66,1,1
BRDA:767,67,0,0
BRDA:767,67,1,1
BRDA:775,68,0,1
BRDA:775,68,1,0
BRDA:777,69,0,1
BRDA:777,69,1,1
BRDA:799,70,0,0
BRDA:799,70,1,1
BRDA:801,71,0,1
BRDA:801,71,1,0
BRDA:805,72,0,1
BRDA:805,72,1,0
BRDA:806,73,0,1
BRDA:806,73,1,0
BRDA:815,74,0,0
BRDA:815,74,1,0
BRDA:816,75,0,0
BRDA:816,75,1,0
BRDA:819,76,0,0
BRDA:819,76,1,0
BRDA:821,77,0,0
BRDA:821,77,1,0
BRDA:822,78,0,0
BRDA:822,78,1,0
BRDA:830,79,0,0
BRDA:844,80,0,0
BRDA:844,80,1,1
BRDA:863,81,0,0
BRDA:863,81,1,1
BRDA:878,82,0,0
BRDA:909,83,0,0
BRDA:909,83,1,0
BRDA:909,84,0,0
BRDA:909,84,1,0
BRDA:937,85,0,0
BRDA:937,85,1,0
BRDA:937,86,0,0
BRDA:937,86,1,0
BRDA:942,87,0,0
BRDA:942,87,1,0
BRDA:949,88,0,0
BRDA:949,88,1,0
BRDA:950,89,0,0
BRDA:950,89,1,0
BRDA:950,89,2,0
BRDA:960,90,0,0
BRDA:960,90,1,0
BRDA:960,90,2,0
BRDA:963,91,0,0
BRDA:963,91,1,0
BRDA:976,92,0,0
BRDA:976,92,1,0
BRDA:982,93,0,0
BRDA:982,93,1,0
BRDA:982,94,0,0
BRDA:982,94,1,0
BRDA:991,95,0,0
BRDA:991,95,1,0
BRDA:992,96,0,0
BRDA:992,96,1,0
BRDA:992,96,2,0
BRDA:999,97,0,0
BRDA:999,97,1,0
BRDA:999,98,0,0
BRDA:999,98,1,0
BRDA:1001,99,0,0
BRDA:1001,99,1,0
BRDA:1016,100,0,0
BRDA:1016,100,1,0
BRDA:1017,101,0,0
BRDA:1017,101,1,0
BRDA:1020,102,0,0
BRDA:1020,102,1,0
BRDA:1022,103,0,0
BRDA:1022,103,1,0
BRDA:1026,104,0,0
BRDA:1026,104,1,0
BRDA:1028,105,0,0
BRDA:1028,105,1,0
BRDA:1045,106,0,0
BRDA:1045,106,1,0
BRDA:1049,107,0,0
BRDA:1049,107,1,0
BRDA:1050,108,0,0
BRDA:1050,108,1,0
BRDA:1054,109,0,0
BRDA:1054,109,1,0
BRDA:1054,110,0,0
BRDA:1054,110,1,0
BRDA:1055,111,0,0
BRDA:1055,111,1,0
BRDA:1056,112,0,0
BRDA:1056,112,1,0
BRDA:1057,113,0,0
BRDA:1057,113,1,0
BRDA:1059,114,0,0
BRDA:1059,114,1,0
BRDA:1060,115,0,0
BRDA:1060,115,1,0
BRDA:1068,116,0,0
BRDA:1068,116,1,0
BRDA:1078,117,0,0
BRDA:1078,117,1,0
BRDA:1084,118,0,0
BRDA:1084,118,1,0
BRDA:1091,119,0,0
BRDA:1091,119,1,0
BRDA:1110,120,0,0
BRDA:1110,120,1,0
BRDA:1116,121,0,0
BRDA:1116,121,1,0
BRDA:1122,122,0,0
BRDA:1122,122,1,0
BRDA:1131,123,0,0
BRDA:1131,123,1,0
BRDA:1151,124,0,0
BRDA:1151,124,1,0
BRDA:1175,125,0,0
BRDA:1175,125,1,0
BRDA:1176,126,0,0
BRDA:1176,126,1,0
BRDA:1176,126,2,0
BRDA:1176,126,3,0
BRDA:1194,127,0,0
BRDA:1194,127,1,0
BRDA:1194,128,0,0
BRDA:1194,128,1,0
BRDA:1201,129,0,0
BRDA:1201,129,1,0
BRDA:1233,130,0,0
BRDA:1233,130,1,0
BRDA:1272,131,0,0
BRDA:1272,131,1,0
BRDA:1291,132,0,0
BRDA:1291,132,1,0
BRDA:1311,133,0,0
BRDA:1311,133,1,0
BRDA:1323,134,0,0
BRDA:1323,134,1,0
BRDA:1329,135,0,0
BRDA:1329,135,1,0
BRDA:1329,136,0,0
BRDA:1329,136,1,0
BRDA:1330,137,0,0
BRDA:1330,137,1,0
BRDA:1330,138,0,0
BRDA:1330,138,1,0
BRDA:1335,139,0,0
BRDA:1335,139,1,0
BRDA:1342,140,0,0
BRDA:1342,140,1,0
BRDA:1343,141,0,0
BRDA:1343,141,1,0
BRDA:1347,142,0,0
BRDA:1347,142,1,0
BRDA:1354,143,0,0
BRDA:1354,143,1,0
BRDA:1361,144,0,0
BRDA:1361,144,1,0
BRDA:1390,145,0,0
BRDA:1390,145,1,0
BRDA:1432,146,0,0
BRDA:1432,146,1,1
BRDA:1438,147,0,0
BRDA:1438,147,1,1
BRDA:1446,148,0,0
BRDA:1446,148,1,0
BRDA:1448,149,0,0
BRDA:1448,149,1,0
BRDA:1448,150,0,0
BRDA:1448,150,1,0
BRDA:1462,151,0,0
BRDA:1462,151,1,1
BRDA:1462,152,0,1
BRDA:1462,152,1,1
BRDA:1473,153,0,0
BRDA:1473,153,1,0
BRDA:1482,154,0,0
BRDA:1482,154,1,0
BRDA:1502,155,0,0
BRDA:1502,155,1,1
BRDA:1506,156,0,1
BRDA:1506,156,1,0
BRDA:1514,157,0,0
BRDA:1514,157,1,1
BRDA:1517,158,0,0
BRDA:1517,158,1,1
BRDA:1517,159,0,1
BRDA:1517,159,1,0
BRDA:1517,159,2,0
BRDA:1536,160,0,0
BRDA:1536,160,1,1
BRDA:1536,161,0,1
BRDA:1536,161,1,1
BRDA:1539,162,0,0
BRDA:1539,162,1,0
BRDA:1540,163,0,0
BRDA:1540,163,1,0
BRDA:1540,163,2,0
BRDA:1541,164,0,0
BRDA:1541,164,1,0
BRDA:1542,165,0,0
BRDA:1542,165,1,0
BRDA:1543,166,0,0
BRDA:1543,166,1,0
BRDA:1550,167,0,0
BRDA:1550,167,1,0
BRDA:1552,168,0,0
BRDA:1552,168,1,0
BRDA:1552,169,0,0
BRDA:1552,169,1,0
BRDA:1557,170,0,0
BRDA:1557,170,1,0
BRDA:1565,171,0,0
BRDA:1565,171,1,1
BRDA:1565,172,0,1
BRDA:1565,172,1,0
BRDA:1566,173,0,0
BRDA:1566,173,1,0
BRDA:1602,174,0,0
BRDA:1602,174,1,0
BRDA:1605,175,0,0
BRDA:1605,175,1,0
BRDA:1621,176,0,0
BRDA:1621,176,1,0
BRDA:1624,177,0,0
BRDA:1624,177,1,0
BRDA:1629,178,0,0
BRDA:1629,178,1,0
BRDA:1642,179,0,0
BRDA:1642,179,1,0
BRDA:1643,180,0,0
BRDA:1643,180,1,0
BRDA:1646,181,0,0
BRDA:1646,181,1,0
BRDA:1647,182,0,0
BRDA:1647,182,1,0
BRDA:1654,183,0,0
BRDA:1654,183,1,0
BRDA:1656,184,0,0
BRDA:1656,184,1,0
BRDA:1658,185,0,0
BRDA:1658,185,1,0
BRDA:1662,186,0,0
BRDA:1662,186,1,0
BRDA:1662,187,0,0
BRDA:1662,187,1,0
BRDA:1665,188,0,0
BRDA:1665,188,1,0
BRDA:1665,189,0,0
BRDA:1665,189,1,0
BRDA:1671,190,0,0
BRDA:1671,190,1,0
BRDA:1672,191,0,0
BRDA:1672,191,1,0
BRDA:1673,192,0,0
BRDA:1673,192,1,0
BRDA:1674,193,0,0
BRDA:1674,193,1,0
BRDA:1694,194,0,0
BRDA:1694,194,1,0
BRDA:1698,195,0,0
BRDA:1698,195,1,0
BRDA:1703,196,0,0
BRDA:1703,196,1,0
BRDA:1703,196,2,0
BRDA:1708,197,0,0
BRDA:1708,197,1,0
BRDA:1709,198,0,0
BRDA:1709,198,1,0
BRDA:1710,199,0,0
BRDA:1710,199,1,0
BRDA:1713,200,0,0
BRDA:1713,200,1,0
BRDA:1737,201,0,0
BRDA:1737,201,1,0
BRDA:1738,202,0,0
BRDA:1738,202,1,0
BRDA:1754,203,0,0
BRDA:1754,203,1,0
BRDA:1761,204,0,0
BRDA:1761,204,1,0
BRDA:1764,205,0,0
BRDA:1764,205,1,0
BRDA:1773,206,0,0
BRDA:1773,206,1,0
BRDA:1815,207,0,0
BRDA:1815,207,1,0
BRDA:1815,208,0,0
BRDA:1815,208,1,0
BRDA:1834,209,0,0
BRDA:1834,209,1,0
BRDA:1838,210,0,0
BRDA:1838,210,1,0
BRDA:1842,211,0,0
BRDA:1842,211,1,0
BRDA:1847,212,0,0
BRDA:1847,212,1,0
BRDA:1848,213,0,0
BRDA:1848,213,1,0
BRDA:1857,214,0,0
BRDA:1857,214,1,0
BRDA:1859,215,0,0
BRDA:1859,215,1,0
BRDA:1860,216,0,0
BRDA:1860,216,1,0
BRDA:1860,216,2,0
BRDA:1880,217,0,0
BRDA:1880,217,1,0
BRDA:1880,218,0,0
BRDA:1880,218,1,0
BRDA:1881,219,0,0
BRDA:1881,219,1,0
BRDA:1884,220,0,0
BRDA:1884,220,1,0
BRDA:1888,221,0,0
BRDA:1888,221,1,0
BRDA:1890,222,0,0
BRDA:1890,222,1,0
BRDA:1890,223,0,0
BRDA:1890,223,1,0
BRDA:1897,224,0,0
BRDA:1897,224,1,0
BRDA:1897,225,0,0
BRDA:1897,225,1,0
BRDA:1918,226,0,0
BRDA:1918,226,1,0
BRDA:1919,227,0,0
BRDA:1919,227,1,0
BRDA:1920,228,0,0
BRDA:1920,228,1,0
BRDA:1921,229,0,0
BRDA:1921,229,1,0
BRDA:1922,230,0,0
BRDA:1922,230,1,0
BRDA:1923,231,0,0
BRDA:1923,231,1,0
BRDA:1924,232,0,0
BRDA:1924,232,1,0
BRDA:1930,233,0,0
BRDA:1930,233,1,0
BRDA:1935,234,0,0
BRDA:1935,234,1,0
BRDA:1978,235,0,0
BRDA:1978,235,1,0
BRDA:1978,236,0,0
BRDA:1978,236,1,0
BRDA:1981,237,0,0
BRDA:1981,237,1,0
BRDA:1983,238,0,0
BRDA:1983,238,1,0
BRDA:2011,239,0,0
BRDA:2011,239,1,0
BRDA:2022,240,0,0
BRDA:2022,240,1,0
BRDA:2022,241,0,0
BRDA:2022,241,1,0
BRDA:2024,242,0,0
BRDA:2024,242,1,0
BRDA:2026,243,0,0
BRDA:2026,243,1,0
BRDA:2028,244,0,0
BRDA:2028,244,1,0
BRDA:2029,245,0,0
BRDA:2029,245,1,0
BRDA:2035,246,0,0
BRDA:2035,246,1,0
BRDA:2035,247,0,0
BRDA:2035,247,1,0
BRDA:2041,248,0,0
BRDA:2041,248,1,0
BRDA:2041,248,2,0
BRDA:2057,249,0,0
BRDA:2057,249,1,0
BRDA:2058,250,0,0
BRDA:2058,250,1,0
BRDA:2071,251,0,0
BRDA:2071,251,1,0
BRDA:2073,252,0,0
BRDA:2073,252,1,0
BRDA:2073,252,2,0
BRDA:2082,253,0,0
BRDA:2082,253,1,0
BRDA:2087,254,0,0
BRDA:2087,254,1,0
BRDA:2088,255,0,0
BRDA:2088,255,1,0
BRDA:2090,256,0,0
BRDA:2090,256,1,0
BRDA:2090,257,0,0
BRDA:2090,257,1,0
BRDA:2107,258,0,0
BRDA:2107,258,1,0
BRDA:2110,259,0,0
BRDA:2110,259,1,0
BRDA:2115,260,0,0
BRDA:2115,260,1,0
BRDA:2115,261,0,0
BRDA:2115,261,1,0
BRDA:2115,261,2,0
BRDA:2118,262,0,0
BRDA:2118,262,1,0
BRDA:2118,262,2,0
BRDA:2119,263,0,0
BRDA:2119,263,1,0
BRDA:2120,264,0,0
BRDA:2120,264,1,0
BRDA:2124,265,0,0
BRDA:2124,265,1,0
BRDA:2128,266,0,0
BRDA:2128,266,1,0
BRDA:2132,267,0,0
BRDA:2132,267,1,0
BRDA:2133,268,0,0
BRDA:2133,268,1,0
BRDA:2134,269,0,0
BRDA:2134,269,1,0
BRDA:2145,270,0,0
BRDA:2145,270,1,0
BRDA:2158,271,0,0
BRDA:2158,271,1,0
BRDA:2159,272,0,0
BRDA:2159,272,1,0
BRDA:2162,273,0,0
BRDA:2162,273,1,0
BRDA:2169,274,0,0
BRDA:2169,274,1,0
BRDA:2170,275,0,0
BRDA:2170,275,1,0
BRDA:2170,275,2,0
BRDA:2171,276,0,0
BRDA:2171,276,1,0
BRDA:2177,277,0,0
BRDA:2177,277,1,0
BRDA:2195,278,0,0
BRDA:2195,278,1,0
BRDA:2216,279,0,0
BRDA:2216,279,1,0
BRDA:2220,280,0,0
BRDA:2220,280,1,0
BRDA:2243,281,0,0
BRDA:2243,281,1,0
BRDA:2246,282,0,0
BRDA:2246,282,1,0
BRF:584
BRH:51
end_of_record
